<?xml version="1.0" encoding="UTF-8"?>
<robot generator="Robot 6.1.1 (Python 3.12.0 on win32)" generated="20240103 11:40:59.746" rpa="false" schemaversion="4">
<suite id="s1" name="LogoutWithoutCheckout" source="C:\Users\Lei\PycharmProjects\saucedemoWebRobotAutomation\TestCases\LogoutWithoutCheckout.robot">
<test id="s1-t1" name="Valid Login" line="22">
<kw name="Open My Browser" library="login">
<arg>${url}</arg>
<arg>${browser}</arg>
<kw name="Open Browser" library="SeleniumLibrary">
<arg>${url}</arg>
<arg>${browser}</arg>
<doc>Opens a new browser instance to the optional ``url``.</doc>
<msg timestamp="20240103 11:41:00.019" level="INFO">Opening browser 'headlesschrome' to base url 'https://www.saucedemo.com/'.</msg>
<status status="PASS" starttime="20240103 11:41:00.019" endtime="20240103 11:41:02.169"/>
</kw>
<kw name="Maximize Browser Window" library="SeleniumLibrary">
<doc>Maximizes current browser window.</doc>
<status status="PASS" starttime="20240103 11:41:02.169" endtime="20240103 11:41:02.296"/>
</kw>
<status status="PASS" starttime="20240103 11:41:00.019" endtime="20240103 11:41:02.296"/>
</kw>
<kw name="Enter User Name" library="login">
<arg>${valid_username}</arg>
<kw name="Input Text" library="SeleniumLibrary">
<arg>${LoginUserName}</arg>
<arg>${username}</arg>
<doc>Types the given ``text`` into the text field identified by ``locator``.</doc>
<msg timestamp="20240103 11:41:02.300" level="INFO">Typing text 'standard_user' into text field 'id:user-name'.</msg>
<status status="PASS" starttime="20240103 11:41:02.299" endtime="20240103 11:41:02.433"/>
</kw>
<status status="PASS" starttime="20240103 11:41:02.298" endtime="20240103 11:41:02.433"/>
</kw>
<kw name="Enter Password" library="login">
<arg>${valid_password}</arg>
<kw name="Input Text" library="SeleniumLibrary">
<arg>${LoginPassword}</arg>
<arg>${password}</arg>
<doc>Types the given ``text`` into the text field identified by ``locator``.</doc>
<msg timestamp="20240103 11:41:02.433" level="INFO">Typing text 'secret_sauce' into text field 'id:password'.</msg>
<status status="PASS" starttime="20240103 11:41:02.433" endtime="20240103 11:41:02.539"/>
</kw>
<status status="PASS" starttime="20240103 11:41:02.433" endtime="20240103 11:41:02.539"/>
</kw>
<kw name="Click SignIn" library="login">
<kw name="Click Element" library="SeleniumLibrary">
<arg>${loginbutton}</arg>
<doc>Click the element identified by ``locator``.</doc>
<msg timestamp="20240103 11:41:02.539" level="INFO">Clicking element 'id:login-button'.</msg>
<status status="PASS" starttime="20240103 11:41:02.539" endtime="20240103 11:41:02.629"/>
</kw>
<status status="PASS" starttime="20240103 11:41:02.539" endtime="20240103 11:41:02.629"/>
</kw>
<status status="PASS" starttime="20240103 11:41:00.019" endtime="20240103 11:41:02.629"/>
</test>
<test id="s1-t2" name="Home Page" line="27">
<kw name="Add Item to Cart" library="Products">
<kw name="Click Element" library="SeleniumLibrary">
<arg>${AddToCartBackPack}</arg>
<doc>Click the element identified by ``locator``.</doc>
<msg timestamp="20240103 11:41:02.655" level="INFO">Clicking element 'id:add-to-cart-sauce-labs-backpack'.</msg>
<status status="PASS" starttime="20240103 11:41:02.655" endtime="20240103 11:41:02.714"/>
</kw>
<kw name="Click Element" library="SeleniumLibrary">
<arg>${AddToCartFleeceJacket}</arg>
<doc>Click the element identified by ``locator``.</doc>
<msg timestamp="20240103 11:41:02.714" level="INFO">Clicking element 'id:add-to-cart-sauce-labs-fleece-jacket'.</msg>
<status status="PASS" starttime="20240103 11:41:02.714" endtime="20240103 11:41:02.752"/>
</kw>
<status status="PASS" starttime="20240103 11:41:02.655" endtime="20240103 11:41:02.752"/>
</kw>
<kw name="Remove Items from Cart" library="Products">
<kw name="Click Element" library="SeleniumLibrary">
<arg>${removefromcartbackpack}</arg>
<doc>Click the element identified by ``locator``.</doc>
<msg timestamp="20240103 11:41:02.752" level="INFO">Clicking element 'id:remove-sauce-labs-backpack'.</msg>
<status status="PASS" starttime="20240103 11:41:02.752" endtime="20240103 11:41:02.801"/>
</kw>
<status status="PASS" starttime="20240103 11:41:02.752" endtime="20240103 11:41:02.801"/>
</kw>
<status status="PASS" starttime="20240103 11:41:02.648" endtime="20240103 11:41:02.801"/>
</test>
<test id="s1-t3" name="Logout in Home page" line="30">
<kw name="Click Sidebar" library="Products">
<kw name="Click Element" library="SeleniumLibrary">
<arg>${BurgerButton}</arg>
<doc>Click the element identified by ``locator``.</doc>
<msg timestamp="20240103 11:41:02.804" level="INFO">Clicking element 'id:react-burger-menu-btn'.</msg>
<status status="PASS" starttime="20240103 11:41:02.803" endtime="20240103 11:41:02.850"/>
</kw>
<status status="PASS" starttime="20240103 11:41:02.803" endtime="20240103 11:41:02.850"/>
</kw>
<kw name="Wait Until Element Is Visible" library="SeleniumLibrary">
<arg>${SideBarLogout}</arg>
<doc>Waits until the element ``locator`` is visible.</doc>
<status status="PASS" starttime="20240103 11:41:02.850" endtime="20240103 11:41:03.139"/>
</kw>
<kw name="Click Logout" library="Products">
<kw name="Click Element" library="SeleniumLibrary">
<arg>${SideBarLogout}</arg>
<doc>Click the element identified by ``locator``.</doc>
<msg timestamp="20240103 11:41:03.139" level="INFO">Clicking element 'id:logout_sidebar_link'.</msg>
<status status="PASS" starttime="20240103 11:41:03.139" endtime="20240103 11:41:03.219"/>
</kw>
<status status="PASS" starttime="20240103 11:41:03.139" endtime="20240103 11:41:03.219"/>
</kw>
<status status="PASS" starttime="20240103 11:41:02.802" endtime="20240103 11:41:03.219"/>
</test>
<test id="s1-t4" name="Verify item still in cart" line="34">
<kw name="Wait Until Element Is Visible" library="SeleniumLibrary">
<arg>${LoginUserName}</arg>
<doc>Waits until the element ``locator`` is visible.</doc>
<status status="PASS" starttime="20240103 11:41:03.219" endtime="20240103 11:41:03.253"/>
</kw>
<kw name="Enter User Name" library="login">
<arg>${valid_username}</arg>
<kw name="Input Text" library="SeleniumLibrary">
<arg>${LoginUserName}</arg>
<arg>${username}</arg>
<doc>Types the given ``text`` into the text field identified by ``locator``.</doc>
<msg timestamp="20240103 11:41:03.255" level="INFO">Typing text 'standard_user' into text field 'id:user-name'.</msg>
<status status="PASS" starttime="20240103 11:41:03.255" endtime="20240103 11:41:03.338"/>
</kw>
<status status="PASS" starttime="20240103 11:41:03.253" endtime="20240103 11:41:03.338"/>
</kw>
<kw name="Enter Password" library="login">
<arg>${valid_password}</arg>
<kw name="Input Text" library="SeleniumLibrary">
<arg>${LoginPassword}</arg>
<arg>${password}</arg>
<doc>Types the given ``text`` into the text field identified by ``locator``.</doc>
<msg timestamp="20240103 11:41:03.338" level="INFO">Typing text 'secret_sauce' into text field 'id:password'.</msg>
<status status="PASS" starttime="20240103 11:41:03.338" endtime="20240103 11:41:03.425"/>
</kw>
<status status="PASS" starttime="20240103 11:41:03.338" endtime="20240103 11:41:03.425"/>
</kw>
<kw name="Click SignIn" library="login">
<kw name="Click Element" library="SeleniumLibrary">
<arg>${loginbutton}</arg>
<doc>Click the element identified by ``locator``.</doc>
<msg timestamp="20240103 11:41:03.425" level="INFO">Clicking element 'id:login-button'.</msg>
<status status="PASS" starttime="20240103 11:41:03.425" endtime="20240103 11:41:03.469"/>
</kw>
<status status="PASS" starttime="20240103 11:41:03.425" endtime="20240103 11:41:03.469"/>
</kw>
<kw name="Click Cart" library="Products">
<kw name="Click Element" library="SeleniumLibrary">
<arg>${ShoppingCart}</arg>
<doc>Click the element identified by ``locator``.</doc>
<msg timestamp="20240103 11:41:03.470" level="INFO">Clicking element 'id:shopping_cart_container'.</msg>
<status status="PASS" starttime="20240103 11:41:03.469" endtime="20240103 11:41:03.519"/>
</kw>
<status status="PASS" starttime="20240103 11:41:03.469" endtime="20240103 11:41:03.519"/>
</kw>
<kw name="Checkout" library="ShoppingCart">
<kw name="Click Element" library="SeleniumLibrary">
<arg>${Checkout}</arg>
<doc>Click the element identified by ``locator``.</doc>
<msg timestamp="20240103 11:41:03.520" level="INFO">Clicking element 'id:checkout'.</msg>
<status status="PASS" starttime="20240103 11:41:03.519" endtime="20240103 11:41:03.570"/>
</kw>
<status status="PASS" starttime="20240103 11:41:03.519" endtime="20240103 11:41:03.570"/>
</kw>
<kw name="Input FirstName" library="ConfirmationInformation">
<arg>${FirstName}</arg>
<kw name="Input Text" library="SeleniumLibrary">
<arg>${InputFName}</arg>
<arg>${FirstName}</arg>
<doc>Types the given ``text`` into the text field identified by ``locator``.</doc>
<msg timestamp="20240103 11:41:03.572" level="INFO">Typing text 'John' into text field 'id:first-name'.</msg>
<status status="PASS" starttime="20240103 11:41:03.572" endtime="20240103 11:41:03.650"/>
</kw>
<status status="PASS" starttime="20240103 11:41:03.571" endtime="20240103 11:41:03.650"/>
</kw>
<kw name="Input LastName" library="ConfirmationInformation">
<arg>${LastName}</arg>
<kw name="Input Text" library="SeleniumLibrary">
<arg>${InputLName}</arg>
<arg>${LastName}</arg>
<doc>Types the given ``text`` into the text field identified by ``locator``.</doc>
<msg timestamp="20240103 11:41:03.651" level="INFO">Typing text 'Smith' into text field 'id:last-name'.</msg>
<status status="PASS" starttime="20240103 11:41:03.650" endtime="20240103 11:41:03.726"/>
</kw>
<status status="PASS" starttime="20240103 11:41:03.650" endtime="20240103 11:41:03.726"/>
</kw>
<kw name="Input Zip" library="ConfirmationInformation">
<arg>${zcode}</arg>
<kw name="Input Text" library="SeleniumLibrary">
<arg>${ZipCode}</arg>
<arg>${zcode}</arg>
<doc>Types the given ``text`` into the text field identified by ``locator``.</doc>
<msg timestamp="20240103 11:41:03.727" level="INFO">Typing text '321' into text field 'id:postal-code'.</msg>
<status status="PASS" starttime="20240103 11:41:03.727" endtime="20240103 11:41:03.793"/>
</kw>
<status status="PASS" starttime="20240103 11:41:03.727" endtime="20240103 11:41:03.793"/>
</kw>
<kw name="Select Continue" library="ConfirmationInformation">
<kw name="Click Element" library="SeleniumLibrary">
<arg>${ContinueButton}</arg>
<doc>Click the element identified by ``locator``.</doc>
<msg timestamp="20240103 11:41:03.793" level="INFO">Clicking element 'id:continue'.</msg>
<status status="PASS" starttime="20240103 11:41:03.793" endtime="20240103 11:41:03.853"/>
</kw>
<status status="PASS" starttime="20240103 11:41:03.793" endtime="20240103 11:41:03.853"/>
</kw>
<kw name="VerifyItemInCart" library="CheckOutOverview">
<kw name="Element Should Contain" library="SeleniumLibrary">
<arg>${Item}</arg>
<arg>Sauce Labs Fleece Jacket</arg>
<doc>Verifies that element ``locator`` contains text ``expected``.</doc>
<msg timestamp="20240103 11:41:03.887" level="INFO">Element 'xpath://*[@id="item_5_title_link"]/div' contains text 'Sauce Labs Fleece Jacket'.</msg>
<status status="PASS" starttime="20240103 11:41:03.854" endtime="20240103 11:41:03.887"/>
</kw>
<status status="PASS" starttime="20240103 11:41:03.854" endtime="20240103 11:41:03.887"/>
</kw>
<status status="PASS" starttime="20240103 11:41:03.219" endtime="20240103 11:41:03.887"/>
</test>
<kw name="Close All Browsers" library="SeleniumLibrary" type="TEARDOWN">
<doc>Closes all open browsers and resets the browser cache.</doc>
<status status="PASS" starttime="20240103 11:41:03.889" endtime="20240103 11:41:10.129"/>
</kw>
<status status="PASS" starttime="20240103 11:40:59.762" endtime="20240103 11:41:10.129"/>
</suite>
<statistics>
<total>
<stat pass="4" fail="0" skip="0">All Tests</stat>
</total>
<tag>
</tag>
<suite>
<stat pass="4" fail="0" skip="0" id="s1" name="LogoutWithoutCheckout">LogoutWithoutCheckout</stat>
</suite>
</statistics>
<errors>
</errors>
</robot>
