<?xml version="1.0" encoding="UTF-8"?>
<robot generator="Robot 6.1.1 (Python 3.12.0 on win32)" generated="20231228 16:18:03.216" rpa="false" schemaversion="4">
<suite id="s1" name="Suites">
<suite id="s1-s1" name="LogoutWithoutCheckout" source="C:\Users\Lei\PycharmProjects\saucedemoWebRobotAutomation\TestCases\LogoutWithoutCheckout.robot">
<test id="s1-s1-t1" name="Valid Login" line="21">
<kw name="Open My Browser" library="login">
<arg>${url}</arg>
<arg>${browser}</arg>
<kw name="Open Browser" library="SeleniumLibrary">
<arg>${url}</arg>
<arg>${browser}</arg>
<doc>Opens a new browser instance to the optional ``url``.</doc>
<msg timestamp="20231228 16:18:03.515" level="INFO">Opening browser 'headlesschrome' to base url 'https://www.saucedemo.com/'.</msg>
<status status="PASS" starttime="20231228 16:18:03.514" endtime="20231228 16:18:05.673"/>
</kw>
<kw name="Maximize Browser Window" library="SeleniumLibrary">
<doc>Maximizes current browser window.</doc>
<status status="PASS" starttime="20231228 16:18:05.674" endtime="20231228 16:18:05.812"/>
</kw>
<status status="PASS" starttime="20231228 16:18:03.512" endtime="20231228 16:18:05.812"/>
</kw>
<kw name="Enter User Name" library="login">
<arg>${valid_username}</arg>
<kw name="Input Text" library="SeleniumLibrary">
<arg>${LoginUserName}</arg>
<arg>${username}</arg>
<doc>Types the given ``text`` into the text field identified by ``locator``.</doc>
<msg timestamp="20231228 16:18:05.814" level="INFO">Typing text 'standard_user' into text field 'id:user-name'.</msg>
<status status="PASS" starttime="20231228 16:18:05.813" endtime="20231228 16:18:05.999"/>
</kw>
<status status="PASS" starttime="20231228 16:18:05.812" endtime="20231228 16:18:06.000"/>
</kw>
<kw name="Enter Password" library="login">
<arg>${valid_password}</arg>
<kw name="Input Text" library="SeleniumLibrary">
<arg>${LoginPassword}</arg>
<arg>${password}</arg>
<doc>Types the given ``text`` into the text field identified by ``locator``.</doc>
<msg timestamp="20231228 16:18:06.002" level="INFO">Typing text 'secret_sauce' into text field 'id:password'.</msg>
<status status="PASS" starttime="20231228 16:18:06.001" endtime="20231228 16:18:06.113"/>
</kw>
<status status="PASS" starttime="20231228 16:18:06.000" endtime="20231228 16:18:06.113"/>
</kw>
<kw name="Click SignIn" library="login">
<kw name="Click Element" library="SeleniumLibrary">
<arg>${loginbutton}</arg>
<doc>Click the element identified by ``locator``.</doc>
<msg timestamp="20231228 16:18:06.115" level="INFO">Clicking element 'id:login-button'.</msg>
<status status="PASS" starttime="20231228 16:18:06.114" endtime="20231228 16:18:06.222"/>
</kw>
<status status="PASS" starttime="20231228 16:18:06.113" endtime="20231228 16:18:06.222"/>
</kw>
<status status="PASS" starttime="20231228 16:18:03.512" endtime="20231228 16:18:06.223"/>
</test>
<test id="s1-s1-t2" name="Home Page" line="26">
<kw name="Add Item to Cart" library="Products">
<kw name="Click Element" library="SeleniumLibrary">
<arg>${AddToCartBackPack}</arg>
<doc>Click the element identified by ``locator``.</doc>
<msg timestamp="20231228 16:18:06.226" level="INFO">Clicking element 'id:add-to-cart-sauce-labs-backpack'.</msg>
<status status="PASS" starttime="20231228 16:18:06.225" endtime="20231228 16:18:06.292"/>
</kw>
<kw name="Click Element" library="SeleniumLibrary">
<arg>${AddToCartFleeceJacket}</arg>
<doc>Click the element identified by ``locator``.</doc>
<msg timestamp="20231228 16:18:06.293" level="INFO">Clicking element 'id:add-to-cart-sauce-labs-fleece-jacket'.</msg>
<status status="PASS" starttime="20231228 16:18:06.292" endtime="20231228 16:18:06.336"/>
</kw>
<status status="PASS" starttime="20231228 16:18:06.224" endtime="20231228 16:18:06.336"/>
</kw>
<kw name="Remove Items from Cart" library="Products">
<kw name="Click Element" library="SeleniumLibrary">
<arg>${removefromcartbackpack}</arg>
<doc>Click the element identified by ``locator``.</doc>
<msg timestamp="20231228 16:18:06.337" level="INFO">Clicking element 'id:remove-sauce-labs-backpack'.</msg>
<status status="PASS" starttime="20231228 16:18:06.337" endtime="20231228 16:18:06.383"/>
</kw>
<status status="PASS" starttime="20231228 16:18:06.336" endtime="20231228 16:18:06.384"/>
</kw>
<status status="PASS" starttime="20231228 16:18:06.223" endtime="20231228 16:18:06.384"/>
</test>
<test id="s1-s1-t3" name="Logout in Home page" line="29">
<kw name="Click Sidebar" library="Products">
<kw name="Click Element" library="SeleniumLibrary">
<arg>${BurgerButton}</arg>
<doc>Click the element identified by ``locator``.</doc>
<msg timestamp="20231228 16:18:06.385" level="INFO">Clicking element 'id:react-burger-menu-btn'.</msg>
<status status="PASS" starttime="20231228 16:18:06.385" endtime="20231228 16:18:06.425"/>
</kw>
<status status="PASS" starttime="20231228 16:18:06.384" endtime="20231228 16:18:06.425"/>
</kw>
<kw name="Wait Until Element Is Visible" library="SeleniumLibrary">
<arg>${SideBarLogout}</arg>
<doc>Waits until the element ``locator`` is visible.</doc>
<status status="PASS" starttime="20231228 16:18:06.426" endtime="20231228 16:18:06.676"/>
</kw>
<kw name="Click Logout" library="Products">
<kw name="Click Element" library="SeleniumLibrary">
<arg>${SideBarLogout}</arg>
<doc>Click the element identified by ``locator``.</doc>
<msg timestamp="20231228 16:18:06.677" level="INFO">Clicking element 'id:logout_sidebar_link'.</msg>
<status status="PASS" starttime="20231228 16:18:06.677" endtime="20231228 16:18:06.752"/>
</kw>
<status status="PASS" starttime="20231228 16:18:06.676" endtime="20231228 16:18:06.752"/>
</kw>
<status status="PASS" starttime="20231228 16:18:06.384" endtime="20231228 16:18:06.752"/>
</test>
<test id="s1-s1-t4" name="Verify item still in cart" line="33">
<kw name="Wait Until Element Is Visible" library="SeleniumLibrary">
<arg>${LoginUserName}</arg>
<doc>Waits until the element ``locator`` is visible.</doc>
<status status="PASS" starttime="20231228 16:18:06.754" endtime="20231228 16:18:06.786"/>
</kw>
<kw name="Enter User Name" library="login">
<arg>${valid_username}</arg>
<kw name="Input Text" library="SeleniumLibrary">
<arg>${LoginUserName}</arg>
<arg>${username}</arg>
<doc>Types the given ``text`` into the text field identified by ``locator``.</doc>
<msg timestamp="20231228 16:18:06.787" level="INFO">Typing text 'standard_user' into text field 'id:user-name'.</msg>
<status status="PASS" starttime="20231228 16:18:06.786" endtime="20231228 16:18:06.870"/>
</kw>
<status status="PASS" starttime="20231228 16:18:06.786" endtime="20231228 16:18:06.870"/>
</kw>
<kw name="Enter Password" library="login">
<arg>${valid_password}</arg>
<kw name="Input Text" library="SeleniumLibrary">
<arg>${LoginPassword}</arg>
<arg>${password}</arg>
<doc>Types the given ``text`` into the text field identified by ``locator``.</doc>
<msg timestamp="20231228 16:18:06.871" level="INFO">Typing text 'secret_sauce' into text field 'id:password'.</msg>
<status status="PASS" starttime="20231228 16:18:06.870" endtime="20231228 16:18:06.966"/>
</kw>
<status status="PASS" starttime="20231228 16:18:06.870" endtime="20231228 16:18:06.966"/>
</kw>
<kw name="Click SignIn" library="login">
<kw name="Click Element" library="SeleniumLibrary">
<arg>${loginbutton}</arg>
<doc>Click the element identified by ``locator``.</doc>
<msg timestamp="20231228 16:18:06.969" level="INFO">Clicking element 'id:login-button'.</msg>
<status status="PASS" starttime="20231228 16:18:06.967" endtime="20231228 16:18:07.018"/>
</kw>
<status status="PASS" starttime="20231228 16:18:06.966" endtime="20231228 16:18:07.019"/>
</kw>
<kw name="Click Cart" library="Products">
<kw name="Click Element" library="SeleniumLibrary">
<arg>${ShoppingCart}</arg>
<doc>Click the element identified by ``locator``.</doc>
<msg timestamp="20231228 16:18:07.021" level="INFO">Clicking element 'id:shopping_cart_container'.</msg>
<status status="PASS" starttime="20231228 16:18:07.020" endtime="20231228 16:18:07.073"/>
</kw>
<status status="PASS" starttime="20231228 16:18:07.019" endtime="20231228 16:18:07.073"/>
</kw>
<kw name="Checkout" library="ShoppingCart">
<kw name="Click Element" library="SeleniumLibrary">
<arg>${Checkout}</arg>
<doc>Click the element identified by ``locator``.</doc>
<msg timestamp="20231228 16:18:07.074" level="INFO">Clicking element 'id:checkout'.</msg>
<status status="PASS" starttime="20231228 16:18:07.074" endtime="20231228 16:18:07.129"/>
</kw>
<status status="PASS" starttime="20231228 16:18:07.073" endtime="20231228 16:18:07.129"/>
</kw>
<kw name="Input FirstName" library="ConfirmationInformation">
<arg>${FirstName}</arg>
<kw name="Input Text" library="SeleniumLibrary">
<arg>${InputFName}</arg>
<arg>${FirstName}</arg>
<doc>Types the given ``text`` into the text field identified by ``locator``.</doc>
<msg timestamp="20231228 16:18:07.130" level="INFO">Typing text 'John' into text field 'id:first-name'.</msg>
<status status="PASS" starttime="20231228 16:18:07.129" endtime="20231228 16:18:07.210"/>
</kw>
<status status="PASS" starttime="20231228 16:18:07.129" endtime="20231228 16:18:07.210"/>
</kw>
<kw name="Input LastName" library="ConfirmationInformation">
<arg>${LastName}</arg>
<kw name="Input Text" library="SeleniumLibrary">
<arg>${InputLName}</arg>
<arg>${LastName}</arg>
<doc>Types the given ``text`` into the text field identified by ``locator``.</doc>
<msg timestamp="20231228 16:18:07.211" level="INFO">Typing text 'Smith' into text field 'id:last-name'.</msg>
<status status="PASS" starttime="20231228 16:18:07.210" endtime="20231228 16:18:07.283"/>
</kw>
<status status="PASS" starttime="20231228 16:18:07.210" endtime="20231228 16:18:07.283"/>
</kw>
<kw name="Input Zip" library="ConfirmationInformation">
<arg>${zcode}</arg>
<kw name="Input Text" library="SeleniumLibrary">
<arg>${ZipCode}</arg>
<arg>${zcode}</arg>
<doc>Types the given ``text`` into the text field identified by ``locator``.</doc>
<msg timestamp="20231228 16:18:07.285" level="INFO">Typing text '321' into text field 'id:postal-code'.</msg>
<status status="PASS" starttime="20231228 16:18:07.284" endtime="20231228 16:18:07.350"/>
</kw>
<status status="PASS" starttime="20231228 16:18:07.284" endtime="20231228 16:18:07.351"/>
</kw>
<kw name="Select Continue" library="ConfirmationInformation">
<kw name="Click Element" library="SeleniumLibrary">
<arg>${ContinueButton}</arg>
<doc>Click the element identified by ``locator``.</doc>
<msg timestamp="20231228 16:18:07.352" level="INFO">Clicking element 'id:continue'.</msg>
<status status="PASS" starttime="20231228 16:18:07.351" endtime="20231228 16:18:07.410"/>
</kw>
<status status="PASS" starttime="20231228 16:18:07.351" endtime="20231228 16:18:07.410"/>
</kw>
<kw name="VerifyItemInCart" library="CheckOutOverview">
<kw name="Element Should Contain" library="SeleniumLibrary">
<arg>${Item}</arg>
<arg>Sauce Labs Fleece Jacket</arg>
<doc>Verifies that element ``locator`` contains text ``expected``.</doc>
<msg timestamp="20231228 16:18:07.449" level="INFO">Element 'xpath://*[@id="item_5_title_link"]/div' contains text 'Sauce Labs Fleece Jacket'.</msg>
<status status="PASS" starttime="20231228 16:18:07.411" endtime="20231228 16:18:07.449"/>
</kw>
<status status="PASS" starttime="20231228 16:18:07.410" endtime="20231228 16:18:07.449"/>
</kw>
<status status="PASS" starttime="20231228 16:18:06.753" endtime="20231228 16:18:07.450"/>
</test>
<kw name="Close All Browsers" library="SeleniumLibrary" type="TEARDOWN">
<doc>Closes all open browsers and resets the browser cache.</doc>
<status status="PASS" starttime="20231228 16:18:07.450" endtime="20231228 16:18:13.679"/>
</kw>
<status status="PASS" starttime="20231228 16:18:03.250" endtime="20231228 16:18:13.679"/>
</suite>
<status status="PASS" starttime="20231228 16:18:03.233" endtime="20231228 16:18:13.682"/>
</suite>
<statistics>
<total>
<stat pass="4" fail="0" skip="0">All Tests</stat>
</total>
<tag>
</tag>
<suite>
<stat pass="4" fail="0" skip="0" id="s1" name="Suites">Suites</stat>
<stat pass="4" fail="0" skip="0" id="s1-s1" name="LogoutWithoutCheckout">Suites.LogoutWithoutCheckout</stat>
</suite>
</statistics>
<errors>
</errors>
</robot>
