<?xml version="1.0" encoding="UTF-8"?>
<robot generator="Robot 6.1.1 (Python 3.12.0 on win32)" generated="20231228 16:17:15.077" rpa="false" schemaversion="4">
<suite id="s1" name="Suites">
<suite id="s1-s1" name="LoginTestFirefox" source="C:\Users\Lei\PycharmProjects\saucedemoWebRobotAutomation\TestCases\LoginTestFirefox.robot">
<test id="s1-s1-t1" name="Valid Login" line="14">
<kw name="Open My Browser" library="login">
<arg>${url}</arg>
<arg>${browser}</arg>
<kw name="Open Browser" library="SeleniumLibrary">
<arg>${url}</arg>
<arg>${browser}</arg>
<doc>Opens a new browser instance to the optional ``url``.</doc>
<msg timestamp="20231228 16:17:15.465" level="INFO">Opening browser 'headlessfirefox' to base url 'https://www.saucedemo.com/'.</msg>
<status status="PASS" starttime="20231228 16:17:15.464" endtime="20231228 16:17:23.037"/>
</kw>
<kw name="Maximize Browser Window" library="SeleniumLibrary">
<doc>Maximizes current browser window.</doc>
<status status="PASS" starttime="20231228 16:17:23.037" endtime="20231228 16:17:23.045"/>
</kw>
<status status="PASS" starttime="20231228 16:17:15.463" endtime="20231228 16:17:23.045"/>
</kw>
<kw name="Enter User Name" library="login">
<arg>${valid_username}</arg>
<kw name="Input Text" library="SeleniumLibrary">
<arg>${LoginUserName}</arg>
<arg>${username}</arg>
<doc>Types the given ``text`` into the text field identified by ``locator``.</doc>
<msg timestamp="20231228 16:17:23.047" level="INFO">Typing text 'standard_user' into text field 'id:user-name'.</msg>
<status status="PASS" starttime="20231228 16:17:23.046" endtime="20231228 16:17:23.208"/>
</kw>
<status status="PASS" starttime="20231228 16:17:23.045" endtime="20231228 16:17:23.209"/>
</kw>
<kw name="Enter Password" library="login">
<arg>${valid_password}</arg>
<kw name="Input Text" library="SeleniumLibrary">
<arg>${LoginPassword}</arg>
<arg>${password}</arg>
<doc>Types the given ``text`` into the text field identified by ``locator``.</doc>
<msg timestamp="20231228 16:17:23.210" level="INFO">Typing text 'secret_sauce' into text field 'id:password'.</msg>
<status status="PASS" starttime="20231228 16:17:23.209" endtime="20231228 16:17:23.260"/>
</kw>
<status status="PASS" starttime="20231228 16:17:23.209" endtime="20231228 16:17:23.260"/>
</kw>
<kw name="Click SignIn" library="login">
<kw name="Click Element" library="SeleniumLibrary">
<arg>${loginbutton}</arg>
<doc>Click the element identified by ``locator``.</doc>
<msg timestamp="20231228 16:17:23.262" level="INFO">Clicking element 'id:login-button'.</msg>
<status status="PASS" starttime="20231228 16:17:23.261" endtime="20231228 16:17:23.564"/>
</kw>
<status status="PASS" starttime="20231228 16:17:23.260" endtime="20231228 16:17:23.564"/>
</kw>
<kw name="Verify Success Login" library="login">
<kw name="Element Should Be Visible" library="SeleniumLibrary">
<arg>xpath://*[@id="header_container"]/div[1]/div[2]/div</arg>
<doc>Verifies that the element identified by ``locator`` is visible.</doc>
<msg timestamp="20231228 16:17:23.587" level="INFO">Element 'xpath://*[@id="header_container"]/div[1]/div[2]/div' is displayed.</msg>
<status status="PASS" starttime="20231228 16:17:23.565" endtime="20231228 16:17:23.587"/>
</kw>
<status status="PASS" starttime="20231228 16:17:23.565" endtime="20231228 16:17:23.587"/>
</kw>
<status status="PASS" starttime="20231228 16:17:15.461" endtime="20231228 16:17:23.587"/>
</test>
<test id="s1-s1-t2" name="Invaid Username Login" line="21">
<kw name="Open My Browser" library="login">
<arg>${url}</arg>
<arg>${browser}</arg>
<kw name="Open Browser" library="SeleniumLibrary">
<arg>${url}</arg>
<arg>${browser}</arg>
<doc>Opens a new browser instance to the optional ``url``.</doc>
<msg timestamp="20231228 16:17:23.590" level="INFO">Opening browser 'headlessfirefox' to base url 'https://www.saucedemo.com/'.</msg>
<status status="PASS" starttime="20231228 16:17:23.589" endtime="20231228 16:17:31.650"/>
</kw>
<kw name="Maximize Browser Window" library="SeleniumLibrary">
<doc>Maximizes current browser window.</doc>
<status status="PASS" starttime="20231228 16:17:31.651" endtime="20231228 16:17:31.665"/>
</kw>
<status status="PASS" starttime="20231228 16:17:23.589" endtime="20231228 16:17:31.666"/>
</kw>
<kw name="Enter User Name" library="login">
<arg>${invalid_username}</arg>
<kw name="Input Text" library="SeleniumLibrary">
<arg>${LoginUserName}</arg>
<arg>${username}</arg>
<doc>Types the given ``text`` into the text field identified by ``locator``.</doc>
<msg timestamp="20231228 16:17:31.668" level="INFO">Typing text '123' into text field 'id:user-name'.</msg>
<status status="PASS" starttime="20231228 16:17:31.667" endtime="20231228 16:17:31.812"/>
</kw>
<status status="PASS" starttime="20231228 16:17:31.666" endtime="20231228 16:17:31.812"/>
</kw>
<kw name="Enter Password" library="login">
<arg>${valid_password}</arg>
<kw name="Input Text" library="SeleniumLibrary">
<arg>${LoginPassword}</arg>
<arg>${password}</arg>
<doc>Types the given ``text`` into the text field identified by ``locator``.</doc>
<msg timestamp="20231228 16:17:31.814" level="INFO">Typing text 'secret_sauce' into text field 'id:password'.</msg>
<status status="PASS" starttime="20231228 16:17:31.813" endtime="20231228 16:17:31.908"/>
</kw>
<status status="PASS" starttime="20231228 16:17:31.812" endtime="20231228 16:17:31.908"/>
</kw>
<kw name="Click SignIn" library="login">
<kw name="Click Element" library="SeleniumLibrary">
<arg>${loginbutton}</arg>
<doc>Click the element identified by ``locator``.</doc>
<msg timestamp="20231228 16:17:31.909" level="INFO">Clicking element 'id:login-button'.</msg>
<status status="PASS" starttime="20231228 16:17:31.909" endtime="20231228 16:17:32.140"/>
</kw>
<status status="PASS" starttime="20231228 16:17:31.908" endtime="20231228 16:17:32.140"/>
</kw>
<kw name="Verify Error Message" library="login">
<kw name="Page Should Contain" library="SeleniumLibrary">
<arg>Epic sadface: Username and password do not match any user in this service</arg>
<doc>Verifies that current page contains ``text``.</doc>
<msg timestamp="20231228 16:17:32.153" level="INFO">Current page contains text 'Epic sadface: Username and password do not match any user in this service'.</msg>
<status status="PASS" starttime="20231228 16:17:32.141" endtime="20231228 16:17:32.153"/>
</kw>
<status status="PASS" starttime="20231228 16:17:32.141" endtime="20231228 16:17:32.154"/>
</kw>
<status status="PASS" starttime="20231228 16:17:23.588" endtime="20231228 16:17:32.154"/>
</test>
<test id="s1-s1-t3" name="Invaid Password Login" line="28">
<kw name="Open My Browser" library="login">
<arg>${url}</arg>
<arg>${browser}</arg>
<kw name="Open Browser" library="SeleniumLibrary">
<arg>${url}</arg>
<arg>${browser}</arg>
<doc>Opens a new browser instance to the optional ``url``.</doc>
<msg timestamp="20231228 16:17:32.158" level="INFO">Opening browser 'headlessfirefox' to base url 'https://www.saucedemo.com/'.</msg>
<status status="PASS" starttime="20231228 16:17:32.157" endtime="20231228 16:17:38.347"/>
</kw>
<kw name="Maximize Browser Window" library="SeleniumLibrary">
<doc>Maximizes current browser window.</doc>
<status status="PASS" starttime="20231228 16:17:38.348" endtime="20231228 16:17:38.355"/>
</kw>
<status status="PASS" starttime="20231228 16:17:32.156" endtime="20231228 16:17:38.355"/>
</kw>
<kw name="Enter User Name" library="login">
<arg>${valid_username}</arg>
<kw name="Input Text" library="SeleniumLibrary">
<arg>${LoginUserName}</arg>
<arg>${username}</arg>
<doc>Types the given ``text`` into the text field identified by ``locator``.</doc>
<msg timestamp="20231228 16:17:38.357" level="INFO">Typing text 'standard_user' into text field 'id:user-name'.</msg>
<status status="PASS" starttime="20231228 16:17:38.357" endtime="20231228 16:17:38.490"/>
</kw>
<status status="PASS" starttime="20231228 16:17:38.356" endtime="20231228 16:17:38.490"/>
</kw>
<kw name="Enter Password" library="login">
<arg>${invalid_password}</arg>
<kw name="Input Text" library="SeleniumLibrary">
<arg>${LoginPassword}</arg>
<arg>${password}</arg>
<doc>Types the given ``text`` into the text field identified by ``locator``.</doc>
<msg timestamp="20231228 16:17:38.491" level="INFO">Typing text '@%!37' into text field 'id:password'.</msg>
<status status="PASS" starttime="20231228 16:17:38.491" endtime="20231228 16:17:38.591"/>
</kw>
<status status="PASS" starttime="20231228 16:17:38.490" endtime="20231228 16:17:38.591"/>
</kw>
<kw name="Click SignIn" library="login">
<kw name="Click Element" library="SeleniumLibrary">
<arg>${loginbutton}</arg>
<doc>Click the element identified by ``locator``.</doc>
<msg timestamp="20231228 16:17:38.592" level="INFO">Clicking element 'id:login-button'.</msg>
<status status="PASS" starttime="20231228 16:17:38.591" endtime="20231228 16:17:38.871"/>
</kw>
<status status="PASS" starttime="20231228 16:17:38.591" endtime="20231228 16:17:38.871"/>
</kw>
<kw name="Verify Error Message" library="login">
<kw name="Page Should Contain" library="SeleniumLibrary">
<arg>Epic sadface: Username and password do not match any user in this service</arg>
<doc>Verifies that current page contains ``text``.</doc>
<msg timestamp="20231228 16:17:38.885" level="INFO">Current page contains text 'Epic sadface: Username and password do not match any user in this service'.</msg>
<status status="PASS" starttime="20231228 16:17:38.873" endtime="20231228 16:17:38.885"/>
</kw>
<status status="PASS" starttime="20231228 16:17:38.872" endtime="20231228 16:17:38.886"/>
</kw>
<status status="PASS" starttime="20231228 16:17:32.155" endtime="20231228 16:17:38.886"/>
</test>
<test id="s1-s1-t4" name="Blank Username Login" line="35">
<kw name="Open My Browser" library="login">
<arg>${url}</arg>
<arg>${browser}</arg>
<kw name="Open Browser" library="SeleniumLibrary">
<arg>${url}</arg>
<arg>${browser}</arg>
<doc>Opens a new browser instance to the optional ``url``.</doc>
<msg timestamp="20231228 16:17:38.890" level="INFO">Opening browser 'headlessfirefox' to base url 'https://www.saucedemo.com/'.</msg>
<status status="PASS" starttime="20231228 16:17:38.889" endtime="20231228 16:17:44.976"/>
</kw>
<kw name="Maximize Browser Window" library="SeleniumLibrary">
<doc>Maximizes current browser window.</doc>
<status status="PASS" starttime="20231228 16:17:44.976" endtime="20231228 16:17:44.979"/>
</kw>
<status status="PASS" starttime="20231228 16:17:38.888" endtime="20231228 16:17:44.979"/>
</kw>
<kw name="Enter User Name" library="login">
<arg>${EMPTY}</arg>
<kw name="Input Text" library="SeleniumLibrary">
<arg>${LoginUserName}</arg>
<arg>${username}</arg>
<doc>Types the given ``text`` into the text field identified by ``locator``.</doc>
<msg timestamp="20231228 16:17:44.981" level="INFO">Typing text '' into text field 'id:user-name'.</msg>
<status status="PASS" starttime="20231228 16:17:44.980" endtime="20231228 16:17:45.071"/>
</kw>
<status status="PASS" starttime="20231228 16:17:44.980" endtime="20231228 16:17:45.072"/>
</kw>
<kw name="Enter Password" library="login">
<arg>${valid_password}</arg>
<kw name="Input Text" library="SeleniumLibrary">
<arg>${LoginPassword}</arg>
<arg>${password}</arg>
<doc>Types the given ``text`` into the text field identified by ``locator``.</doc>
<msg timestamp="20231228 16:17:45.073" level="INFO">Typing text 'secret_sauce' into text field 'id:password'.</msg>
<status status="PASS" starttime="20231228 16:17:45.072" endtime="20231228 16:17:45.164"/>
</kw>
<status status="PASS" starttime="20231228 16:17:45.072" endtime="20231228 16:17:45.165"/>
</kw>
<kw name="Click SignIn" library="login">
<kw name="Click Element" library="SeleniumLibrary">
<arg>${loginbutton}</arg>
<doc>Click the element identified by ``locator``.</doc>
<msg timestamp="20231228 16:17:45.167" level="INFO">Clicking element 'id:login-button'.</msg>
<status status="PASS" starttime="20231228 16:17:45.165" endtime="20231228 16:17:45.428"/>
</kw>
<status status="PASS" starttime="20231228 16:17:45.165" endtime="20231228 16:17:45.429"/>
</kw>
<kw name="Verify Username Error Message" library="login">
<kw name="Page Should Contain" library="SeleniumLibrary">
<arg>Epic sadface: Username is required</arg>
<doc>Verifies that current page contains ``text``.</doc>
<msg timestamp="20231228 16:17:45.438" level="INFO">Current page contains text 'Epic sadface: Username is required'.</msg>
<status status="PASS" starttime="20231228 16:17:45.429" endtime="20231228 16:17:45.439"/>
</kw>
<status status="PASS" starttime="20231228 16:17:45.429" endtime="20231228 16:17:45.439"/>
</kw>
<status status="PASS" starttime="20231228 16:17:38.887" endtime="20231228 16:17:45.439"/>
</test>
<test id="s1-s1-t5" name="Blank Password Login" line="42">
<kw name="Open My Browser" library="login">
<arg>${url}</arg>
<arg>${browser}</arg>
<kw name="Open Browser" library="SeleniumLibrary">
<arg>${url}</arg>
<arg>${browser}</arg>
<doc>Opens a new browser instance to the optional ``url``.</doc>
<msg timestamp="20231228 16:17:45.442" level="INFO">Opening browser 'headlessfirefox' to base url 'https://www.saucedemo.com/'.</msg>
<status status="PASS" starttime="20231228 16:17:45.441" endtime="20231228 16:17:51.544"/>
</kw>
<kw name="Maximize Browser Window" library="SeleniumLibrary">
<doc>Maximizes current browser window.</doc>
<status status="PASS" starttime="20231228 16:17:51.545" endtime="20231228 16:17:51.548"/>
</kw>
<status status="PASS" starttime="20231228 16:17:45.440" endtime="20231228 16:17:51.549"/>
</kw>
<kw name="Enter User Name" library="login">
<arg>${valid_username}</arg>
<kw name="Input Text" library="SeleniumLibrary">
<arg>${LoginUserName}</arg>
<arg>${username}</arg>
<doc>Types the given ``text`` into the text field identified by ``locator``.</doc>
<msg timestamp="20231228 16:17:51.550" level="INFO">Typing text 'standard_user' into text field 'id:user-name'.</msg>
<status status="PASS" starttime="20231228 16:17:51.549" endtime="20231228 16:17:51.867"/>
</kw>
<status status="PASS" starttime="20231228 16:17:51.549" endtime="20231228 16:17:51.868"/>
</kw>
<kw name="Enter Password" library="login">
<arg>${EMPTY}</arg>
<kw name="Input Text" library="SeleniumLibrary">
<arg>${LoginPassword}</arg>
<arg>${password}</arg>
<doc>Types the given ``text`` into the text field identified by ``locator``.</doc>
<msg timestamp="20231228 16:17:51.870" level="INFO">Typing text '' into text field 'id:password'.</msg>
<status status="PASS" starttime="20231228 16:17:51.869" endtime="20231228 16:17:51.938"/>
</kw>
<status status="PASS" starttime="20231228 16:17:51.868" endtime="20231228 16:17:51.939"/>
</kw>
<kw name="Click SignIn" library="login">
<kw name="Click Element" library="SeleniumLibrary">
<arg>${loginbutton}</arg>
<doc>Click the element identified by ``locator``.</doc>
<msg timestamp="20231228 16:17:51.940" level="INFO">Clicking element 'id:login-button'.</msg>
<status status="PASS" starttime="20231228 16:17:51.939" endtime="20231228 16:17:52.196"/>
</kw>
<status status="PASS" starttime="20231228 16:17:51.939" endtime="20231228 16:17:52.196"/>
</kw>
<kw name="Verify Password Error Message" library="login">
<kw name="Page Should Contain" library="SeleniumLibrary">
<arg>Epic sadface: Password is required</arg>
<doc>Verifies that current page contains ``text``.</doc>
<msg timestamp="20231228 16:17:52.207" level="INFO">Current page contains text 'Epic sadface: Password is required'.</msg>
<status status="PASS" starttime="20231228 16:17:52.197" endtime="20231228 16:17:52.207"/>
</kw>
<status status="PASS" starttime="20231228 16:17:52.196" endtime="20231228 16:17:52.207"/>
</kw>
<status status="PASS" starttime="20231228 16:17:45.440" endtime="20231228 16:17:52.207"/>
</test>
<kw name="Close All Browsers" library="SeleniumLibrary" type="TEARDOWN">
<doc>Closes all open browsers and resets the browser cache.</doc>
<status status="PASS" starttime="20231228 16:17:52.208" endtime="20231228 16:18:28.392"/>
</kw>
<status status="PASS" starttime="20231228 16:17:15.119" endtime="20231228 16:18:28.393"/>
</suite>
<status status="PASS" starttime="20231228 16:17:15.089" endtime="20231228 16:18:28.396"/>
</suite>
<statistics>
<total>
<stat pass="5" fail="0" skip="0">All Tests</stat>
</total>
<tag>
</tag>
<suite>
<stat pass="5" fail="0" skip="0" id="s1" name="Suites">Suites</stat>
<stat pass="5" fail="0" skip="0" id="s1-s1" name="LoginTestFirefox">Suites.LoginTestFirefox</stat>
</suite>
</statistics>
<errors>
</errors>
</robot>
