<?xml version="1.0" encoding="UTF-8"?>
<robot generator="Robot 6.1.1 (Python 3.12.0 on win32)" generated="20240103 11:28:28.933" rpa="false" schemaversion="4">
<suite id="s1" name="Suites">
<suite id="s1-s1" name="LoginTestFirefox" source="C:\Users\Lei\PycharmProjects\saucedemoWebRobotAutomation\TestCases\LoginTestFirefox.robot">
<test id="s1-s1-t1" name="Valid Login" line="15">
<kw name="Open My Browser" library="login">
<arg>${url}</arg>
<arg>${browser}</arg>
<kw name="Open Browser" library="SeleniumLibrary">
<arg>${url}</arg>
<arg>${browser}</arg>
<doc>Opens a new browser instance to the optional ``url``.</doc>
<msg timestamp="20240103 11:28:29.249" level="INFO">Opening browser 'headlessfirefox' to base url 'https://www.saucedemo.com/'.</msg>
<status status="PASS" starttime="20240103 11:28:29.249" endtime="20240103 11:28:38.266"/>
</kw>
<kw name="Maximize Browser Window" library="SeleniumLibrary">
<doc>Maximizes current browser window.</doc>
<status status="PASS" starttime="20240103 11:28:38.266" endtime="20240103 11:28:38.269"/>
</kw>
<status status="PASS" starttime="20240103 11:28:29.248" endtime="20240103 11:28:38.269"/>
</kw>
<kw name="Enter User Name" library="login">
<arg>${valid_username}</arg>
<kw name="Input Text" library="SeleniumLibrary">
<arg>${LoginUserName}</arg>
<arg>${username}</arg>
<doc>Types the given ``text`` into the text field identified by ``locator``.</doc>
<msg timestamp="20240103 11:28:38.271" level="INFO">Typing text 'standard_user' into text field 'id:user-name'.</msg>
<status status="PASS" starttime="20240103 11:28:38.270" endtime="20240103 11:28:38.520"/>
</kw>
<status status="PASS" starttime="20240103 11:28:38.269" endtime="20240103 11:28:38.520"/>
</kw>
<kw name="Enter Password" library="login">
<arg>${valid_password}</arg>
<kw name="Input Text" library="SeleniumLibrary">
<arg>${LoginPassword}</arg>
<arg>${password}</arg>
<doc>Types the given ``text`` into the text field identified by ``locator``.</doc>
<msg timestamp="20240103 11:28:38.522" level="INFO">Typing text 'secret_sauce' into text field 'id:password'.</msg>
<status status="PASS" starttime="20240103 11:28:38.521" endtime="20240103 11:28:38.623"/>
</kw>
<status status="PASS" starttime="20240103 11:28:38.520" endtime="20240103 11:28:38.623"/>
</kw>
<kw name="Click SignIn" library="login">
<kw name="Click Element" library="SeleniumLibrary">
<arg>${loginbutton}</arg>
<doc>Click the element identified by ``locator``.</doc>
<msg timestamp="20240103 11:28:38.625" level="INFO">Clicking element 'id:login-button'.</msg>
<status status="PASS" starttime="20240103 11:28:38.624" endtime="20240103 11:28:38.978"/>
</kw>
<status status="PASS" starttime="20240103 11:28:38.624" endtime="20240103 11:28:38.978"/>
</kw>
<kw name="Verify Success Login" library="login">
<kw name="Element Should Be Visible" library="SeleniumLibrary">
<arg>xpath://*[@id="header_container"]/div[1]/div[2]/div</arg>
<doc>Verifies that the element identified by ``locator`` is visible.</doc>
<msg timestamp="20240103 11:28:39.016" level="INFO">Element 'xpath://*[@id="header_container"]/div[1]/div[2]/div' is displayed.</msg>
<status status="PASS" starttime="20240103 11:28:38.979" endtime="20240103 11:28:39.016"/>
</kw>
<status status="PASS" starttime="20240103 11:28:38.978" endtime="20240103 11:28:39.016"/>
</kw>
<status status="PASS" starttime="20240103 11:28:29.247" endtime="20240103 11:28:39.016"/>
</test>
<test id="s1-s1-t2" name="Invaid Username Login" line="22">
<kw name="Open My Browser" library="login">
<arg>${url}</arg>
<arg>${browser}</arg>
<kw name="Open Browser" library="SeleniumLibrary">
<arg>${url}</arg>
<arg>${browser}</arg>
<doc>Opens a new browser instance to the optional ``url``.</doc>
<msg timestamp="20240103 11:28:39.020" level="INFO">Opening browser 'headlessfirefox' to base url 'https://www.saucedemo.com/'.</msg>
<status status="PASS" starttime="20240103 11:28:39.019" endtime="20240103 11:28:46.719"/>
</kw>
<kw name="Maximize Browser Window" library="SeleniumLibrary">
<doc>Maximizes current browser window.</doc>
<status status="PASS" starttime="20240103 11:28:46.719" endtime="20240103 11:28:46.724"/>
</kw>
<status status="PASS" starttime="20240103 11:28:39.018" endtime="20240103 11:28:46.724"/>
</kw>
<kw name="Enter User Name" library="login">
<arg>${invalid_username}</arg>
<kw name="Input Text" library="SeleniumLibrary">
<arg>${LoginUserName}</arg>
<arg>${username}</arg>
<doc>Types the given ``text`` into the text field identified by ``locator``.</doc>
<msg timestamp="20240103 11:28:46.726" level="INFO">Typing text '123' into text field 'id:user-name'.</msg>
<status status="PASS" starttime="20240103 11:28:46.725" endtime="20240103 11:28:46.831"/>
</kw>
<status status="PASS" starttime="20240103 11:28:46.724" endtime="20240103 11:28:46.831"/>
</kw>
<kw name="Enter Password" library="login">
<arg>${valid_password}</arg>
<kw name="Input Text" library="SeleniumLibrary">
<arg>${LoginPassword}</arg>
<arg>${password}</arg>
<doc>Types the given ``text`` into the text field identified by ``locator``.</doc>
<msg timestamp="20240103 11:28:46.833" level="INFO">Typing text 'secret_sauce' into text field 'id:password'.</msg>
<status status="PASS" starttime="20240103 11:28:46.832" endtime="20240103 11:28:46.949"/>
</kw>
<status status="PASS" starttime="20240103 11:28:46.832" endtime="20240103 11:28:46.949"/>
</kw>
<kw name="Click SignIn" library="login">
<kw name="Click Element" library="SeleniumLibrary">
<arg>${loginbutton}</arg>
<doc>Click the element identified by ``locator``.</doc>
<msg timestamp="20240103 11:28:46.950" level="INFO">Clicking element 'id:login-button'.</msg>
<status status="PASS" starttime="20240103 11:28:46.949" endtime="20240103 11:28:47.197"/>
</kw>
<status status="PASS" starttime="20240103 11:28:46.949" endtime="20240103 11:28:47.197"/>
</kw>
<kw name="Verify Error Message" library="login">
<kw name="Page Should Contain" library="SeleniumLibrary">
<arg>Epic sadface: Username and password do not match any user in this service</arg>
<doc>Verifies that current page contains ``text``.</doc>
<msg timestamp="20240103 11:28:47.209" level="INFO">Current page contains text 'Epic sadface: Username and password do not match any user in this service'.</msg>
<status status="PASS" starttime="20240103 11:28:47.198" endtime="20240103 11:28:47.210"/>
</kw>
<status status="PASS" starttime="20240103 11:28:47.197" endtime="20240103 11:28:47.210"/>
</kw>
<status status="PASS" starttime="20240103 11:28:39.017" endtime="20240103 11:28:47.210"/>
</test>
<test id="s1-s1-t3" name="Invaid Password Login" line="29">
<kw name="Open My Browser" library="login">
<arg>${url}</arg>
<arg>${browser}</arg>
<kw name="Open Browser" library="SeleniumLibrary">
<arg>${url}</arg>
<arg>${browser}</arg>
<doc>Opens a new browser instance to the optional ``url``.</doc>
<msg timestamp="20240103 11:28:47.215" level="INFO">Opening browser 'headlessfirefox' to base url 'https://www.saucedemo.com/'.</msg>
<status status="PASS" starttime="20240103 11:28:47.213" endtime="20240103 11:28:53.324"/>
</kw>
<kw name="Maximize Browser Window" library="SeleniumLibrary">
<doc>Maximizes current browser window.</doc>
<status status="PASS" starttime="20240103 11:28:53.325" endtime="20240103 11:28:53.329"/>
</kw>
<status status="PASS" starttime="20240103 11:28:47.212" endtime="20240103 11:28:53.329"/>
</kw>
<kw name="Enter User Name" library="login">
<arg>${valid_username}</arg>
<kw name="Input Text" library="SeleniumLibrary">
<arg>${LoginUserName}</arg>
<arg>${username}</arg>
<doc>Types the given ``text`` into the text field identified by ``locator``.</doc>
<msg timestamp="20240103 11:28:53.332" level="INFO">Typing text 'standard_user' into text field 'id:user-name'.</msg>
<status status="PASS" starttime="20240103 11:28:53.330" endtime="20240103 11:28:53.489"/>
</kw>
<status status="PASS" starttime="20240103 11:28:53.330" endtime="20240103 11:28:53.489"/>
</kw>
<kw name="Enter Password" library="login">
<arg>${invalid_password}</arg>
<kw name="Input Text" library="SeleniumLibrary">
<arg>${LoginPassword}</arg>
<arg>${password}</arg>
<doc>Types the given ``text`` into the text field identified by ``locator``.</doc>
<msg timestamp="20240103 11:28:53.491" level="INFO">Typing text '@%!37' into text field 'id:password'.</msg>
<status status="PASS" starttime="20240103 11:28:53.490" endtime="20240103 11:28:53.548"/>
</kw>
<status status="PASS" starttime="20240103 11:28:53.489" endtime="20240103 11:28:53.549"/>
</kw>
<kw name="Click SignIn" library="login">
<kw name="Click Element" library="SeleniumLibrary">
<arg>${loginbutton}</arg>
<doc>Click the element identified by ``locator``.</doc>
<msg timestamp="20240103 11:28:53.550" level="INFO">Clicking element 'id:login-button'.</msg>
<status status="PASS" starttime="20240103 11:28:53.549" endtime="20240103 11:28:53.793"/>
</kw>
<status status="PASS" starttime="20240103 11:28:53.549" endtime="20240103 11:28:53.793"/>
</kw>
<kw name="Verify Error Message" library="login">
<kw name="Page Should Contain" library="SeleniumLibrary">
<arg>Epic sadface: Username and password do not match any user in this service</arg>
<doc>Verifies that current page contains ``text``.</doc>
<msg timestamp="20240103 11:28:53.802" level="INFO">Current page contains text 'Epic sadface: Username and password do not match any user in this service'.</msg>
<status status="PASS" starttime="20240103 11:28:53.794" endtime="20240103 11:28:53.802"/>
</kw>
<status status="PASS" starttime="20240103 11:28:53.793" endtime="20240103 11:28:53.802"/>
</kw>
<status status="PASS" starttime="20240103 11:28:47.211" endtime="20240103 11:28:53.802"/>
</test>
<test id="s1-s1-t4" name="Blank Username Login" line="36">
<kw name="Open My Browser" library="login">
<arg>${url}</arg>
<arg>${browser}</arg>
<kw name="Open Browser" library="SeleniumLibrary">
<arg>${url}</arg>
<arg>${browser}</arg>
<doc>Opens a new browser instance to the optional ``url``.</doc>
<msg timestamp="20240103 11:28:53.804" level="INFO">Opening browser 'headlessfirefox' to base url 'https://www.saucedemo.com/'.</msg>
<status status="PASS" starttime="20240103 11:28:53.804" endtime="20240103 11:28:59.669"/>
</kw>
<kw name="Maximize Browser Window" library="SeleniumLibrary">
<doc>Maximizes current browser window.</doc>
<status status="PASS" starttime="20240103 11:28:59.669" endtime="20240103 11:28:59.673"/>
</kw>
<status status="PASS" starttime="20240103 11:28:53.803" endtime="20240103 11:28:59.673"/>
</kw>
<kw name="Enter User Name" library="login">
<arg>${EMPTY}</arg>
<kw name="Input Text" library="SeleniumLibrary">
<arg>${LoginUserName}</arg>
<arg>${username}</arg>
<doc>Types the given ``text`` into the text field identified by ``locator``.</doc>
<msg timestamp="20240103 11:28:59.676" level="INFO">Typing text '' into text field 'id:user-name'.</msg>
<status status="PASS" starttime="20240103 11:28:59.675" endtime="20240103 11:28:59.745"/>
</kw>
<status status="PASS" starttime="20240103 11:28:59.674" endtime="20240103 11:28:59.745"/>
</kw>
<kw name="Enter Password" library="login">
<arg>${valid_password}</arg>
<kw name="Input Text" library="SeleniumLibrary">
<arg>${LoginPassword}</arg>
<arg>${password}</arg>
<doc>Types the given ``text`` into the text field identified by ``locator``.</doc>
<msg timestamp="20240103 11:28:59.747" level="INFO">Typing text 'secret_sauce' into text field 'id:password'.</msg>
<status status="PASS" starttime="20240103 11:28:59.746" endtime="20240103 11:28:59.862"/>
</kw>
<status status="PASS" starttime="20240103 11:28:59.745" endtime="20240103 11:28:59.862"/>
</kw>
<kw name="Click SignIn" library="login">
<kw name="Click Element" library="SeleniumLibrary">
<arg>${loginbutton}</arg>
<doc>Click the element identified by ``locator``.</doc>
<msg timestamp="20240103 11:28:59.864" level="INFO">Clicking element 'id:login-button'.</msg>
<status status="PASS" starttime="20240103 11:28:59.863" endtime="20240103 11:29:00.121"/>
</kw>
<status status="PASS" starttime="20240103 11:28:59.862" endtime="20240103 11:29:00.121"/>
</kw>
<kw name="Verify Username Error Message" library="login">
<kw name="Page Should Contain" library="SeleniumLibrary">
<arg>Epic sadface: Username is required</arg>
<doc>Verifies that current page contains ``text``.</doc>
<msg timestamp="20240103 11:29:00.132" level="INFO">Current page contains text 'Epic sadface: Username is required'.</msg>
<status status="PASS" starttime="20240103 11:29:00.123" endtime="20240103 11:29:00.133"/>
</kw>
<status status="PASS" starttime="20240103 11:29:00.122" endtime="20240103 11:29:00.133"/>
</kw>
<status status="PASS" starttime="20240103 11:28:53.803" endtime="20240103 11:29:00.133"/>
</test>
<test id="s1-s1-t5" name="Blank Password Login" line="43">
<kw name="Open My Browser" library="login">
<arg>${url}</arg>
<arg>${browser}</arg>
<kw name="Open Browser" library="SeleniumLibrary">
<arg>${url}</arg>
<arg>${browser}</arg>
<doc>Opens a new browser instance to the optional ``url``.</doc>
<msg timestamp="20240103 11:29:00.136" level="INFO">Opening browser 'headlessfirefox' to base url 'https://www.saucedemo.com/'.</msg>
<status status="PASS" starttime="20240103 11:29:00.134" endtime="20240103 11:29:06.130"/>
</kw>
<kw name="Maximize Browser Window" library="SeleniumLibrary">
<doc>Maximizes current browser window.</doc>
<status status="PASS" starttime="20240103 11:29:06.130" endtime="20240103 11:29:06.137"/>
</kw>
<status status="PASS" starttime="20240103 11:29:00.134" endtime="20240103 11:29:06.137"/>
</kw>
<kw name="Enter User Name" library="login">
<arg>${valid_username}</arg>
<kw name="Input Text" library="SeleniumLibrary">
<arg>${LoginUserName}</arg>
<arg>${username}</arg>
<doc>Types the given ``text`` into the text field identified by ``locator``.</doc>
<msg timestamp="20240103 11:29:06.139" level="INFO">Typing text 'standard_user' into text field 'id:user-name'.</msg>
<status status="PASS" starttime="20240103 11:29:06.138" endtime="20240103 11:29:06.229"/>
</kw>
<status status="PASS" starttime="20240103 11:29:06.138" endtime="20240103 11:29:06.229"/>
</kw>
<kw name="Enter Password" library="login">
<arg>${EMPTY}</arg>
<kw name="Input Text" library="SeleniumLibrary">
<arg>${LoginPassword}</arg>
<arg>${password}</arg>
<doc>Types the given ``text`` into the text field identified by ``locator``.</doc>
<msg timestamp="20240103 11:29:06.231" level="INFO">Typing text '' into text field 'id:password'.</msg>
<status status="PASS" starttime="20240103 11:29:06.231" endtime="20240103 11:29:06.245"/>
</kw>
<status status="PASS" starttime="20240103 11:29:06.230" endtime="20240103 11:29:06.245"/>
</kw>
<kw name="Click SignIn" library="login">
<kw name="Click Element" library="SeleniumLibrary">
<arg>${loginbutton}</arg>
<doc>Click the element identified by ``locator``.</doc>
<msg timestamp="20240103 11:29:06.246" level="INFO">Clicking element 'id:login-button'.</msg>
<status status="PASS" starttime="20240103 11:29:06.245" endtime="20240103 11:29:06.483"/>
</kw>
<status status="PASS" starttime="20240103 11:29:06.245" endtime="20240103 11:29:06.483"/>
</kw>
<kw name="Verify Password Error Message" library="login">
<kw name="Page Should Contain" library="SeleniumLibrary">
<arg>Epic sadface: Password is required</arg>
<doc>Verifies that current page contains ``text``.</doc>
<msg timestamp="20240103 11:29:06.490" level="INFO">Current page contains text 'Epic sadface: Password is required'.</msg>
<status status="PASS" starttime="20240103 11:29:06.484" endtime="20240103 11:29:06.490"/>
</kw>
<status status="PASS" starttime="20240103 11:29:06.484" endtime="20240103 11:29:06.490"/>
</kw>
<status status="PASS" starttime="20240103 11:29:00.133" endtime="20240103 11:29:06.490"/>
</test>
<kw name="Close All Browsers" library="SeleniumLibrary" type="TEARDOWN">
<doc>Closes all open browsers and resets the browser cache.</doc>
<status status="PASS" starttime="20240103 11:29:06.491" endtime="20240103 11:29:41.650"/>
</kw>
<status status="PASS" starttime="20240103 11:28:28.968" endtime="20240103 11:29:41.650"/>
</suite>
<status status="PASS" starttime="20240103 11:28:28.944" endtime="20240103 11:29:41.651"/>
</suite>
<statistics>
<total>
<stat pass="5" fail="0" skip="0">All Tests</stat>
</total>
<tag>
</tag>
<suite>
<stat pass="5" fail="0" skip="0" id="s1" name="Suites">Suites</stat>
<stat pass="5" fail="0" skip="0" id="s1-s1" name="LoginTestFirefox">Suites.LoginTestFirefox</stat>
</suite>
</statistics>
<errors>
</errors>
</robot>
