<?xml version="1.0" encoding="UTF-8"?>
<robot generator="Robot 6.1.1 (Python 3.12.0 on win32)" generated="20231228 16:18:14.362" rpa="false" schemaversion="4">
<suite id="s1" name="Suites">
<suite id="s1-s1" name="SuccessfullyCheckout" source="C:\Users\Lei\PycharmProjects\saucedemoWebRobotAutomation\TestCases\SuccessfullyCheckout.robot">
<test id="s1-s1-t1" name="Add each item to cart" line="27">
<for flavor="IN RANGE">
<var>${index}</var>
<value>0</value>
<value>6</value>
<iter>
<var name="${index}">0</var>
<kw name="Valid Login">
<kw name="Open My Browser" library="login">
<arg>${url}</arg>
<arg>${browser}</arg>
<kw name="Open Browser" library="SeleniumLibrary">
<arg>${url}</arg>
<arg>${browser}</arg>
<doc>Opens a new browser instance to the optional ``url``.</doc>
<msg timestamp="20231228 16:18:14.637" level="INFO">Opening browser 'headlessfirefox' to base url 'https://www.saucedemo.com/'.</msg>
<status status="PASS" starttime="20231228 16:18:14.637" endtime="20231228 16:18:20.643"/>
</kw>
<kw name="Maximize Browser Window" library="SeleniumLibrary">
<doc>Maximizes current browser window.</doc>
<status status="PASS" starttime="20231228 16:18:20.644" endtime="20231228 16:18:20.647"/>
</kw>
<status status="PASS" starttime="20231228 16:18:14.636" endtime="20231228 16:18:20.647"/>
</kw>
<kw name="Enter User Name" library="login">
<arg>${valid_username}</arg>
<kw name="Input Text" library="SeleniumLibrary">
<arg>${LoginUserName}</arg>
<arg>${username}</arg>
<doc>Types the given ``text`` into the text field identified by ``locator``.</doc>
<msg timestamp="20231228 16:18:20.649" level="INFO">Typing text 'standard_user' into text field 'id:user-name'.</msg>
<status status="PASS" starttime="20231228 16:18:20.648" endtime="20231228 16:18:20.819"/>
</kw>
<status status="PASS" starttime="20231228 16:18:20.647" endtime="20231228 16:18:20.820"/>
</kw>
<kw name="Enter Password" library="login">
<arg>${valid_password}</arg>
<kw name="Input Text" library="SeleniumLibrary">
<arg>${LoginPassword}</arg>
<arg>${password}</arg>
<doc>Types the given ``text`` into the text field identified by ``locator``.</doc>
<msg timestamp="20231228 16:18:20.822" level="INFO">Typing text 'secret_sauce' into text field 'id:password'.</msg>
<status status="PASS" starttime="20231228 16:18:20.821" endtime="20231228 16:18:20.888"/>
</kw>
<status status="PASS" starttime="20231228 16:18:20.820" endtime="20231228 16:18:20.889"/>
</kw>
<kw name="Click SignIn" library="login">
<kw name="Click Element" library="SeleniumLibrary">
<arg>${loginbutton}</arg>
<doc>Click the element identified by ``locator``.</doc>
<msg timestamp="20231228 16:18:20.891" level="INFO">Clicking element 'id:login-button'.</msg>
<status status="PASS" starttime="20231228 16:18:20.890" endtime="20231228 16:18:21.163"/>
</kw>
<status status="PASS" starttime="20231228 16:18:20.889" endtime="20231228 16:18:21.163"/>
</kw>
<status status="PASS" starttime="20231228 16:18:14.636" endtime="20231228 16:18:21.163"/>
</kw>
<kw name="Click Element" library="SeleniumLibrary">
<arg>${AddToCart[${index}]}</arg>
<doc>Click the element identified by ``locator``.</doc>
<msg timestamp="20231228 16:18:21.166" level="INFO">Clicking element 'id:add-to-cart-sauce-labs-backpack'.</msg>
<status status="PASS" starttime="20231228 16:18:21.163" endtime="20231228 16:18:21.390"/>
</kw>
<kw name="Click Cart" library="Products">
<kw name="Click Element" library="SeleniumLibrary">
<arg>${ShoppingCart}</arg>
<doc>Click the element identified by ``locator``.</doc>
<msg timestamp="20231228 16:18:21.393" level="INFO">Clicking element 'id:shopping_cart_container'.</msg>
<status status="PASS" starttime="20231228 16:18:21.392" endtime="20231228 16:18:21.634"/>
</kw>
<status status="PASS" starttime="20231228 16:18:21.391" endtime="20231228 16:18:21.634"/>
</kw>
<kw name="Checkout" library="ShoppingCart">
<kw name="Click Element" library="SeleniumLibrary">
<arg>${Checkout}</arg>
<doc>Click the element identified by ``locator``.</doc>
<msg timestamp="20231228 16:18:21.636" level="INFO">Clicking element 'id:checkout'.</msg>
<status status="PASS" starttime="20231228 16:18:21.635" endtime="20231228 16:18:21.868"/>
</kw>
<status status="PASS" starttime="20231228 16:18:21.634" endtime="20231228 16:18:21.869"/>
</kw>
<kw name="Input FirstName" library="ConfirmationInformation">
<arg>${FirstName}</arg>
<kw name="Input Text" library="SeleniumLibrary">
<arg>${InputFName}</arg>
<arg>${FirstName}</arg>
<doc>Types the given ``text`` into the text field identified by ``locator``.</doc>
<msg timestamp="20231228 16:18:21.871" level="INFO">Typing text 'John' into text field 'id:first-name'.</msg>
<status status="PASS" starttime="20231228 16:18:21.870" endtime="20231228 16:18:21.934"/>
</kw>
<status status="PASS" starttime="20231228 16:18:21.869" endtime="20231228 16:18:21.934"/>
</kw>
<kw name="Input LastName" library="ConfirmationInformation">
<arg>${LastName}</arg>
<kw name="Input Text" library="SeleniumLibrary">
<arg>${InputLName}</arg>
<arg>${LastName}</arg>
<doc>Types the given ``text`` into the text field identified by ``locator``.</doc>
<msg timestamp="20231228 16:18:21.936" level="INFO">Typing text 'Smith' into text field 'id:last-name'.</msg>
<status status="PASS" starttime="20231228 16:18:21.935" endtime="20231228 16:18:21.961"/>
</kw>
<status status="PASS" starttime="20231228 16:18:21.934" endtime="20231228 16:18:21.961"/>
</kw>
<kw name="Input Zip" library="ConfirmationInformation">
<arg>${zcode}</arg>
<kw name="Input Text" library="SeleniumLibrary">
<arg>${ZipCode}</arg>
<arg>${zcode}</arg>
<doc>Types the given ``text`` into the text field identified by ``locator``.</doc>
<msg timestamp="20231228 16:18:21.962" level="INFO">Typing text '321' into text field 'id:postal-code'.</msg>
<status status="PASS" starttime="20231228 16:18:21.961" endtime="20231228 16:18:21.978"/>
</kw>
<status status="PASS" starttime="20231228 16:18:21.961" endtime="20231228 16:18:21.978"/>
</kw>
<kw name="Select Continue" library="ConfirmationInformation">
<kw name="Click Element" library="SeleniumLibrary">
<arg>${ContinueButton}</arg>
<doc>Click the element identified by ``locator``.</doc>
<msg timestamp="20231228 16:18:21.979" level="INFO">Clicking element 'id:continue'.</msg>
<status status="PASS" starttime="20231228 16:18:21.979" endtime="20231228 16:18:22.201"/>
</kw>
<status status="PASS" starttime="20231228 16:18:21.978" endtime="20231228 16:18:22.202"/>
</kw>
<kw name="OverviewCheckOut" library="CheckOutOverview">
<kw name="Click Element" library="SeleniumLibrary">
<arg>${CheckoutFinishButton}</arg>
<doc>Click the element identified by ``locator``.</doc>
<msg timestamp="20231228 16:18:22.205" level="INFO">Clicking element 'id:finish'.</msg>
<status status="PASS" starttime="20231228 16:18:22.203" endtime="20231228 16:18:22.436"/>
</kw>
<status status="PASS" starttime="20231228 16:18:22.202" endtime="20231228 16:18:22.436"/>
</kw>
<kw name="VerifyItemComplete" library="Complete">
<kw name="Element Should Contain" library="SeleniumLibrary">
<arg>${CompleteMessage}</arg>
<arg>Checkout: Complete!</arg>
<doc>Verifies that element ``locator`` contains text ``expected``.</doc>
<msg timestamp="20231228 16:18:22.493" level="INFO">Element 'xpath://*[@id="header_container"]/div[2]/span' contains text 'Checkout: Complete!'.</msg>
<status status="PASS" starttime="20231228 16:18:22.437" endtime="20231228 16:18:22.493"/>
</kw>
<status status="PASS" starttime="20231228 16:18:22.436" endtime="20231228 16:18:22.493"/>
</kw>
<status status="PASS" starttime="20231228 16:18:14.636" endtime="20231228 16:18:22.493"/>
</iter>
<iter>
<var name="${index}">1</var>
<kw name="Valid Login">
<kw name="Open My Browser" library="login">
<arg>${url}</arg>
<arg>${browser}</arg>
<kw name="Open Browser" library="SeleniumLibrary">
<arg>${url}</arg>
<arg>${browser}</arg>
<doc>Opens a new browser instance to the optional ``url``.</doc>
<msg timestamp="20231228 16:18:22.495" level="INFO">Opening browser 'headlessfirefox' to base url 'https://www.saucedemo.com/'.</msg>
<status status="PASS" starttime="20231228 16:18:22.495" endtime="20231228 16:18:28.466"/>
</kw>
<kw name="Maximize Browser Window" library="SeleniumLibrary">
<doc>Maximizes current browser window.</doc>
<status status="PASS" starttime="20231228 16:18:28.466" endtime="20231228 16:18:28.494"/>
</kw>
<status status="PASS" starttime="20231228 16:18:22.494" endtime="20231228 16:18:28.495"/>
</kw>
<kw name="Enter User Name" library="login">
<arg>${valid_username}</arg>
<kw name="Input Text" library="SeleniumLibrary">
<arg>${LoginUserName}</arg>
<arg>${username}</arg>
<doc>Types the given ``text`` into the text field identified by ``locator``.</doc>
<msg timestamp="20231228 16:18:28.496" level="INFO">Typing text 'standard_user' into text field 'id:user-name'.</msg>
<status status="PASS" starttime="20231228 16:18:28.495" endtime="20231228 16:18:28.607"/>
</kw>
<status status="PASS" starttime="20231228 16:18:28.495" endtime="20231228 16:18:28.608"/>
</kw>
<kw name="Enter Password" library="login">
<arg>${valid_password}</arg>
<kw name="Input Text" library="SeleniumLibrary">
<arg>${LoginPassword}</arg>
<arg>${password}</arg>
<doc>Types the given ``text`` into the text field identified by ``locator``.</doc>
<msg timestamp="20231228 16:18:28.609" level="INFO">Typing text 'secret_sauce' into text field 'id:password'.</msg>
<status status="PASS" starttime="20231228 16:18:28.608" endtime="20231228 16:18:28.700"/>
</kw>
<status status="PASS" starttime="20231228 16:18:28.608" endtime="20231228 16:18:28.700"/>
</kw>
<kw name="Click SignIn" library="login">
<kw name="Click Element" library="SeleniumLibrary">
<arg>${loginbutton}</arg>
<doc>Click the element identified by ``locator``.</doc>
<msg timestamp="20231228 16:18:28.702" level="INFO">Clicking element 'id:login-button'.</msg>
<status status="PASS" starttime="20231228 16:18:28.701" endtime="20231228 16:18:28.967"/>
</kw>
<status status="PASS" starttime="20231228 16:18:28.701" endtime="20231228 16:18:28.967"/>
</kw>
<status status="PASS" starttime="20231228 16:18:22.494" endtime="20231228 16:18:28.968"/>
</kw>
<kw name="Click Element" library="SeleniumLibrary">
<arg>${AddToCart[${index}]}</arg>
<doc>Click the element identified by ``locator``.</doc>
<msg timestamp="20231228 16:18:28.970" level="INFO">Clicking element 'id:add-to-cart-sauce-labs-bike-light'.</msg>
<status status="PASS" starttime="20231228 16:18:28.968" endtime="20231228 16:18:29.188"/>
</kw>
<kw name="Click Cart" library="Products">
<kw name="Click Element" library="SeleniumLibrary">
<arg>${ShoppingCart}</arg>
<doc>Click the element identified by ``locator``.</doc>
<msg timestamp="20231228 16:18:29.190" level="INFO">Clicking element 'id:shopping_cart_container'.</msg>
<status status="PASS" starttime="20231228 16:18:29.189" endtime="20231228 16:18:29.421"/>
</kw>
<status status="PASS" starttime="20231228 16:18:29.188" endtime="20231228 16:18:29.422"/>
</kw>
<kw name="Checkout" library="ShoppingCart">
<kw name="Click Element" library="SeleniumLibrary">
<arg>${Checkout}</arg>
<doc>Click the element identified by ``locator``.</doc>
<msg timestamp="20231228 16:18:29.427" level="INFO">Clicking element 'id:checkout'.</msg>
<status status="PASS" starttime="20231228 16:18:29.424" endtime="20231228 16:18:29.682"/>
</kw>
<status status="PASS" starttime="20231228 16:18:29.422" endtime="20231228 16:18:29.683"/>
</kw>
<kw name="Input FirstName" library="ConfirmationInformation">
<arg>${FirstName}</arg>
<kw name="Input Text" library="SeleniumLibrary">
<arg>${InputFName}</arg>
<arg>${FirstName}</arg>
<doc>Types the given ``text`` into the text field identified by ``locator``.</doc>
<msg timestamp="20231228 16:18:29.688" level="INFO">Typing text 'John' into text field 'id:first-name'.</msg>
<status status="PASS" starttime="20231228 16:18:29.685" endtime="20231228 16:18:29.745"/>
</kw>
<status status="PASS" starttime="20231228 16:18:29.684" endtime="20231228 16:18:29.746"/>
</kw>
<kw name="Input LastName" library="ConfirmationInformation">
<arg>${LastName}</arg>
<kw name="Input Text" library="SeleniumLibrary">
<arg>${InputLName}</arg>
<arg>${LastName}</arg>
<doc>Types the given ``text`` into the text field identified by ``locator``.</doc>
<msg timestamp="20231228 16:18:29.747" level="INFO">Typing text 'Smith' into text field 'id:last-name'.</msg>
<status status="PASS" starttime="20231228 16:18:29.746" endtime="20231228 16:18:29.769"/>
</kw>
<status status="PASS" starttime="20231228 16:18:29.746" endtime="20231228 16:18:29.769"/>
</kw>
<kw name="Input Zip" library="ConfirmationInformation">
<arg>${zcode}</arg>
<kw name="Input Text" library="SeleniumLibrary">
<arg>${ZipCode}</arg>
<arg>${zcode}</arg>
<doc>Types the given ``text`` into the text field identified by ``locator``.</doc>
<msg timestamp="20231228 16:18:29.770" level="INFO">Typing text '321' into text field 'id:postal-code'.</msg>
<status status="PASS" starttime="20231228 16:18:29.770" endtime="20231228 16:18:29.788"/>
</kw>
<status status="PASS" starttime="20231228 16:18:29.769" endtime="20231228 16:18:29.788"/>
</kw>
<kw name="Select Continue" library="ConfirmationInformation">
<kw name="Click Element" library="SeleniumLibrary">
<arg>${ContinueButton}</arg>
<doc>Click the element identified by ``locator``.</doc>
<msg timestamp="20231228 16:18:29.789" level="INFO">Clicking element 'id:continue'.</msg>
<status status="PASS" starttime="20231228 16:18:29.788" endtime="20231228 16:18:30.019"/>
</kw>
<status status="PASS" starttime="20231228 16:18:29.788" endtime="20231228 16:18:30.019"/>
</kw>
<kw name="OverviewCheckOut" library="CheckOutOverview">
<kw name="Click Element" library="SeleniumLibrary">
<arg>${CheckoutFinishButton}</arg>
<doc>Click the element identified by ``locator``.</doc>
<msg timestamp="20231228 16:18:30.020" level="INFO">Clicking element 'id:finish'.</msg>
<status status="PASS" starttime="20231228 16:18:30.020" endtime="20231228 16:18:30.254"/>
</kw>
<status status="PASS" starttime="20231228 16:18:30.019" endtime="20231228 16:18:30.256"/>
</kw>
<kw name="VerifyItemComplete" library="Complete">
<kw name="Element Should Contain" library="SeleniumLibrary">
<arg>${CompleteMessage}</arg>
<arg>Checkout: Complete!</arg>
<doc>Verifies that element ``locator`` contains text ``expected``.</doc>
<msg timestamp="20231228 16:18:30.299" level="INFO">Element 'xpath://*[@id="header_container"]/div[2]/span' contains text 'Checkout: Complete!'.</msg>
<status status="PASS" starttime="20231228 16:18:30.256" endtime="20231228 16:18:30.299"/>
</kw>
<status status="PASS" starttime="20231228 16:18:30.256" endtime="20231228 16:18:30.299"/>
</kw>
<status status="PASS" starttime="20231228 16:18:22.493" endtime="20231228 16:18:30.299"/>
</iter>
<iter>
<var name="${index}">2</var>
<kw name="Valid Login">
<kw name="Open My Browser" library="login">
<arg>${url}</arg>
<arg>${browser}</arg>
<kw name="Open Browser" library="SeleniumLibrary">
<arg>${url}</arg>
<arg>${browser}</arg>
<doc>Opens a new browser instance to the optional ``url``.</doc>
<msg timestamp="20231228 16:18:30.303" level="INFO">Opening browser 'headlessfirefox' to base url 'https://www.saucedemo.com/'.</msg>
<status status="PASS" starttime="20231228 16:18:30.302" endtime="20231228 16:18:36.331"/>
</kw>
<kw name="Maximize Browser Window" library="SeleniumLibrary">
<doc>Maximizes current browser window.</doc>
<status status="PASS" starttime="20231228 16:18:36.331" endtime="20231228 16:18:36.335"/>
</kw>
<status status="PASS" starttime="20231228 16:18:30.301" endtime="20231228 16:18:36.335"/>
</kw>
<kw name="Enter User Name" library="login">
<arg>${valid_username}</arg>
<kw name="Input Text" library="SeleniumLibrary">
<arg>${LoginUserName}</arg>
<arg>${username}</arg>
<doc>Types the given ``text`` into the text field identified by ``locator``.</doc>
<msg timestamp="20231228 16:18:36.336" level="INFO">Typing text 'standard_user' into text field 'id:user-name'.</msg>
<status status="PASS" starttime="20231228 16:18:36.336" endtime="20231228 16:18:36.525"/>
</kw>
<status status="PASS" starttime="20231228 16:18:36.335" endtime="20231228 16:18:36.525"/>
</kw>
<kw name="Enter Password" library="login">
<arg>${valid_password}</arg>
<kw name="Input Text" library="SeleniumLibrary">
<arg>${LoginPassword}</arg>
<arg>${password}</arg>
<doc>Types the given ``text`` into the text field identified by ``locator``.</doc>
<msg timestamp="20231228 16:18:36.527" level="INFO">Typing text 'secret_sauce' into text field 'id:password'.</msg>
<status status="PASS" starttime="20231228 16:18:36.526" endtime="20231228 16:18:36.636"/>
</kw>
<status status="PASS" starttime="20231228 16:18:36.526" endtime="20231228 16:18:36.636"/>
</kw>
<kw name="Click SignIn" library="login">
<kw name="Click Element" library="SeleniumLibrary">
<arg>${loginbutton}</arg>
<doc>Click the element identified by ``locator``.</doc>
<msg timestamp="20231228 16:18:36.637" level="INFO">Clicking element 'id:login-button'.</msg>
<status status="PASS" starttime="20231228 16:18:36.637" endtime="20231228 16:18:36.911"/>
</kw>
<status status="PASS" starttime="20231228 16:18:36.636" endtime="20231228 16:18:36.911"/>
</kw>
<status status="PASS" starttime="20231228 16:18:30.300" endtime="20231228 16:18:36.911"/>
</kw>
<kw name="Click Element" library="SeleniumLibrary">
<arg>${AddToCart[${index}]}</arg>
<doc>Click the element identified by ``locator``.</doc>
<msg timestamp="20231228 16:18:36.914" level="INFO">Clicking element 'id:add-to-cart-sauce-labs-bolt-t-shirt'.</msg>
<status status="PASS" starttime="20231228 16:18:36.912" endtime="20231228 16:18:37.136"/>
</kw>
<kw name="Click Cart" library="Products">
<kw name="Click Element" library="SeleniumLibrary">
<arg>${ShoppingCart}</arg>
<doc>Click the element identified by ``locator``.</doc>
<msg timestamp="20231228 16:18:37.137" level="INFO">Clicking element 'id:shopping_cart_container'.</msg>
<status status="PASS" starttime="20231228 16:18:37.137" endtime="20231228 16:18:37.382"/>
</kw>
<status status="PASS" starttime="20231228 16:18:37.136" endtime="20231228 16:18:37.382"/>
</kw>
<kw name="Checkout" library="ShoppingCart">
<kw name="Click Element" library="SeleniumLibrary">
<arg>${Checkout}</arg>
<doc>Click the element identified by ``locator``.</doc>
<msg timestamp="20231228 16:18:37.384" level="INFO">Clicking element 'id:checkout'.</msg>
<status status="PASS" starttime="20231228 16:18:37.383" endtime="20231228 16:18:37.613"/>
</kw>
<status status="PASS" starttime="20231228 16:18:37.382" endtime="20231228 16:18:37.613"/>
</kw>
<kw name="Input FirstName" library="ConfirmationInformation">
<arg>${FirstName}</arg>
<kw name="Input Text" library="SeleniumLibrary">
<arg>${InputFName}</arg>
<arg>${FirstName}</arg>
<doc>Types the given ``text`` into the text field identified by ``locator``.</doc>
<msg timestamp="20231228 16:18:37.617" level="INFO">Typing text 'John' into text field 'id:first-name'.</msg>
<status status="PASS" starttime="20231228 16:18:37.615" endtime="20231228 16:18:37.686"/>
</kw>
<status status="PASS" starttime="20231228 16:18:37.614" endtime="20231228 16:18:37.686"/>
</kw>
<kw name="Input LastName" library="ConfirmationInformation">
<arg>${LastName}</arg>
<kw name="Input Text" library="SeleniumLibrary">
<arg>${InputLName}</arg>
<arg>${LastName}</arg>
<doc>Types the given ``text`` into the text field identified by ``locator``.</doc>
<msg timestamp="20231228 16:18:37.688" level="INFO">Typing text 'Smith' into text field 'id:last-name'.</msg>
<status status="PASS" starttime="20231228 16:18:37.686" endtime="20231228 16:18:37.718"/>
</kw>
<status status="PASS" starttime="20231228 16:18:37.686" endtime="20231228 16:18:37.718"/>
</kw>
<kw name="Input Zip" library="ConfirmationInformation">
<arg>${zcode}</arg>
<kw name="Input Text" library="SeleniumLibrary">
<arg>${ZipCode}</arg>
<arg>${zcode}</arg>
<doc>Types the given ``text`` into the text field identified by ``locator``.</doc>
<msg timestamp="20231228 16:18:37.719" level="INFO">Typing text '321' into text field 'id:postal-code'.</msg>
<status status="PASS" starttime="20231228 16:18:37.719" endtime="20231228 16:18:37.741"/>
</kw>
<status status="PASS" starttime="20231228 16:18:37.718" endtime="20231228 16:18:37.741"/>
</kw>
<kw name="Select Continue" library="ConfirmationInformation">
<kw name="Click Element" library="SeleniumLibrary">
<arg>${ContinueButton}</arg>
<doc>Click the element identified by ``locator``.</doc>
<msg timestamp="20231228 16:18:37.743" level="INFO">Clicking element 'id:continue'.</msg>
<status status="PASS" starttime="20231228 16:18:37.742" endtime="20231228 16:18:37.968"/>
</kw>
<status status="PASS" starttime="20231228 16:18:37.741" endtime="20231228 16:18:37.968"/>
</kw>
<kw name="OverviewCheckOut" library="CheckOutOverview">
<kw name="Click Element" library="SeleniumLibrary">
<arg>${CheckoutFinishButton}</arg>
<doc>Click the element identified by ``locator``.</doc>
<msg timestamp="20231228 16:18:37.972" level="INFO">Clicking element 'id:finish'.</msg>
<status status="PASS" starttime="20231228 16:18:37.970" endtime="20231228 16:18:38.206"/>
</kw>
<status status="PASS" starttime="20231228 16:18:37.969" endtime="20231228 16:18:38.207"/>
</kw>
<kw name="VerifyItemComplete" library="Complete">
<kw name="Element Should Contain" library="SeleniumLibrary">
<arg>${CompleteMessage}</arg>
<arg>Checkout: Complete!</arg>
<doc>Verifies that element ``locator`` contains text ``expected``.</doc>
<msg timestamp="20231228 16:18:38.252" level="INFO">Element 'xpath://*[@id="header_container"]/div[2]/span' contains text 'Checkout: Complete!'.</msg>
<status status="PASS" starttime="20231228 16:18:38.208" endtime="20231228 16:18:38.252"/>
</kw>
<status status="PASS" starttime="20231228 16:18:38.207" endtime="20231228 16:18:38.252"/>
</kw>
<status status="PASS" starttime="20231228 16:18:30.300" endtime="20231228 16:18:38.253"/>
</iter>
<iter>
<var name="${index}">3</var>
<kw name="Valid Login">
<kw name="Open My Browser" library="login">
<arg>${url}</arg>
<arg>${browser}</arg>
<kw name="Open Browser" library="SeleniumLibrary">
<arg>${url}</arg>
<arg>${browser}</arg>
<doc>Opens a new browser instance to the optional ``url``.</doc>
<msg timestamp="20231228 16:18:38.256" level="INFO">Opening browser 'headlessfirefox' to base url 'https://www.saucedemo.com/'.</msg>
<status status="PASS" starttime="20231228 16:18:38.255" endtime="20231228 16:18:44.181"/>
</kw>
<kw name="Maximize Browser Window" library="SeleniumLibrary">
<doc>Maximizes current browser window.</doc>
<status status="PASS" starttime="20231228 16:18:44.181" endtime="20231228 16:18:44.189"/>
</kw>
<status status="PASS" starttime="20231228 16:18:38.254" endtime="20231228 16:18:44.189"/>
</kw>
<kw name="Enter User Name" library="login">
<arg>${valid_username}</arg>
<kw name="Input Text" library="SeleniumLibrary">
<arg>${LoginUserName}</arg>
<arg>${username}</arg>
<doc>Types the given ``text`` into the text field identified by ``locator``.</doc>
<msg timestamp="20231228 16:18:44.191" level="INFO">Typing text 'standard_user' into text field 'id:user-name'.</msg>
<status status="PASS" starttime="20231228 16:18:44.190" endtime="20231228 16:18:44.297"/>
</kw>
<status status="PASS" starttime="20231228 16:18:44.189" endtime="20231228 16:18:44.297"/>
</kw>
<kw name="Enter Password" library="login">
<arg>${valid_password}</arg>
<kw name="Input Text" library="SeleniumLibrary">
<arg>${LoginPassword}</arg>
<arg>${password}</arg>
<doc>Types the given ``text`` into the text field identified by ``locator``.</doc>
<msg timestamp="20231228 16:18:44.299" level="INFO">Typing text 'secret_sauce' into text field 'id:password'.</msg>
<status status="PASS" starttime="20231228 16:18:44.298" endtime="20231228 16:18:44.395"/>
</kw>
<status status="PASS" starttime="20231228 16:18:44.297" endtime="20231228 16:18:44.395"/>
</kw>
<kw name="Click SignIn" library="login">
<kw name="Click Element" library="SeleniumLibrary">
<arg>${loginbutton}</arg>
<doc>Click the element identified by ``locator``.</doc>
<msg timestamp="20231228 16:18:44.397" level="INFO">Clicking element 'id:login-button'.</msg>
<status status="PASS" starttime="20231228 16:18:44.396" endtime="20231228 16:18:44.664"/>
</kw>
<status status="PASS" starttime="20231228 16:18:44.396" endtime="20231228 16:18:44.664"/>
</kw>
<status status="PASS" starttime="20231228 16:18:38.253" endtime="20231228 16:18:44.664"/>
</kw>
<kw name="Click Element" library="SeleniumLibrary">
<arg>${AddToCart[${index}]}</arg>
<doc>Click the element identified by ``locator``.</doc>
<msg timestamp="20231228 16:18:44.668" level="INFO">Clicking element 'id:add-to-cart-sauce-labs-fleece-jacket'.</msg>
<status status="PASS" starttime="20231228 16:18:44.665" endtime="20231228 16:18:44.886"/>
</kw>
<kw name="Click Cart" library="Products">
<kw name="Click Element" library="SeleniumLibrary">
<arg>${ShoppingCart}</arg>
<doc>Click the element identified by ``locator``.</doc>
<msg timestamp="20231228 16:18:44.890" level="INFO">Clicking element 'id:shopping_cart_container'.</msg>
<status status="PASS" starttime="20231228 16:18:44.888" endtime="20231228 16:18:45.160"/>
</kw>
<status status="PASS" starttime="20231228 16:18:44.887" endtime="20231228 16:18:45.161"/>
</kw>
<kw name="Checkout" library="ShoppingCart">
<kw name="Click Element" library="SeleniumLibrary">
<arg>${Checkout}</arg>
<doc>Click the element identified by ``locator``.</doc>
<msg timestamp="20231228 16:18:45.162" level="INFO">Clicking element 'id:checkout'.</msg>
<status status="PASS" starttime="20231228 16:18:45.161" endtime="20231228 16:18:45.405"/>
</kw>
<status status="PASS" starttime="20231228 16:18:45.161" endtime="20231228 16:18:45.405"/>
</kw>
<kw name="Input FirstName" library="ConfirmationInformation">
<arg>${FirstName}</arg>
<kw name="Input Text" library="SeleniumLibrary">
<arg>${InputFName}</arg>
<arg>${FirstName}</arg>
<doc>Types the given ``text`` into the text field identified by ``locator``.</doc>
<msg timestamp="20231228 16:18:45.406" level="INFO">Typing text 'John' into text field 'id:first-name'.</msg>
<status status="PASS" starttime="20231228 16:18:45.406" endtime="20231228 16:18:45.452"/>
</kw>
<status status="PASS" starttime="20231228 16:18:45.405" endtime="20231228 16:18:45.453"/>
</kw>
<kw name="Input LastName" library="ConfirmationInformation">
<arg>${LastName}</arg>
<kw name="Input Text" library="SeleniumLibrary">
<arg>${InputLName}</arg>
<arg>${LastName}</arg>
<doc>Types the given ``text`` into the text field identified by ``locator``.</doc>
<msg timestamp="20231228 16:18:45.454" level="INFO">Typing text 'Smith' into text field 'id:last-name'.</msg>
<status status="PASS" starttime="20231228 16:18:45.453" endtime="20231228 16:18:45.480"/>
</kw>
<status status="PASS" starttime="20231228 16:18:45.453" endtime="20231228 16:18:45.480"/>
</kw>
<kw name="Input Zip" library="ConfirmationInformation">
<arg>${zcode}</arg>
<kw name="Input Text" library="SeleniumLibrary">
<arg>${ZipCode}</arg>
<arg>${zcode}</arg>
<doc>Types the given ``text`` into the text field identified by ``locator``.</doc>
<msg timestamp="20231228 16:18:45.481" level="INFO">Typing text '321' into text field 'id:postal-code'.</msg>
<status status="PASS" starttime="20231228 16:18:45.481" endtime="20231228 16:18:45.502"/>
</kw>
<status status="PASS" starttime="20231228 16:18:45.480" endtime="20231228 16:18:45.502"/>
</kw>
<kw name="Select Continue" library="ConfirmationInformation">
<kw name="Click Element" library="SeleniumLibrary">
<arg>${ContinueButton}</arg>
<doc>Click the element identified by ``locator``.</doc>
<msg timestamp="20231228 16:18:45.503" level="INFO">Clicking element 'id:continue'.</msg>
<status status="PASS" starttime="20231228 16:18:45.503" endtime="20231228 16:18:45.726"/>
</kw>
<status status="PASS" starttime="20231228 16:18:45.503" endtime="20231228 16:18:45.726"/>
</kw>
<kw name="OverviewCheckOut" library="CheckOutOverview">
<kw name="Click Element" library="SeleniumLibrary">
<arg>${CheckoutFinishButton}</arg>
<doc>Click the element identified by ``locator``.</doc>
<msg timestamp="20231228 16:18:45.733" level="INFO">Clicking element 'id:finish'.</msg>
<status status="PASS" starttime="20231228 16:18:45.729" endtime="20231228 16:18:45.970"/>
</kw>
<status status="PASS" starttime="20231228 16:18:45.727" endtime="20231228 16:18:45.971"/>
</kw>
<kw name="VerifyItemComplete" library="Complete">
<kw name="Element Should Contain" library="SeleniumLibrary">
<arg>${CompleteMessage}</arg>
<arg>Checkout: Complete!</arg>
<doc>Verifies that element ``locator`` contains text ``expected``.</doc>
<msg timestamp="20231228 16:18:46.023" level="INFO">Element 'xpath://*[@id="header_container"]/div[2]/span' contains text 'Checkout: Complete!'.</msg>
<status status="PASS" starttime="20231228 16:18:45.973" endtime="20231228 16:18:46.023"/>
</kw>
<status status="PASS" starttime="20231228 16:18:45.972" endtime="20231228 16:18:46.023"/>
</kw>
<status status="PASS" starttime="20231228 16:18:38.253" endtime="20231228 16:18:46.023"/>
</iter>
<iter>
<var name="${index}">4</var>
<kw name="Valid Login">
<kw name="Open My Browser" library="login">
<arg>${url}</arg>
<arg>${browser}</arg>
<kw name="Open Browser" library="SeleniumLibrary">
<arg>${url}</arg>
<arg>${browser}</arg>
<doc>Opens a new browser instance to the optional ``url``.</doc>
<msg timestamp="20231228 16:18:46.027" level="INFO">Opening browser 'headlessfirefox' to base url 'https://www.saucedemo.com/'.</msg>
<status status="PASS" starttime="20231228 16:18:46.026" endtime="20231228 16:18:52.910"/>
</kw>
<kw name="Maximize Browser Window" library="SeleniumLibrary">
<doc>Maximizes current browser window.</doc>
<status status="PASS" starttime="20231228 16:18:52.910" endtime="20231228 16:18:52.913"/>
</kw>
<status status="PASS" starttime="20231228 16:18:46.025" endtime="20231228 16:18:52.913"/>
</kw>
<kw name="Enter User Name" library="login">
<arg>${valid_username}</arg>
<kw name="Input Text" library="SeleniumLibrary">
<arg>${LoginUserName}</arg>
<arg>${username}</arg>
<doc>Types the given ``text`` into the text field identified by ``locator``.</doc>
<msg timestamp="20231228 16:18:52.914" level="INFO">Typing text 'standard_user' into text field 'id:user-name'.</msg>
<status status="PASS" starttime="20231228 16:18:52.913" endtime="20231228 16:18:53.005"/>
</kw>
<status status="PASS" starttime="20231228 16:18:52.913" endtime="20231228 16:18:53.005"/>
</kw>
<kw name="Enter Password" library="login">
<arg>${valid_password}</arg>
<kw name="Input Text" library="SeleniumLibrary">
<arg>${LoginPassword}</arg>
<arg>${password}</arg>
<doc>Types the given ``text`` into the text field identified by ``locator``.</doc>
<msg timestamp="20231228 16:18:53.006" level="INFO">Typing text 'secret_sauce' into text field 'id:password'.</msg>
<status status="PASS" starttime="20231228 16:18:53.006" endtime="20231228 16:18:53.040"/>
</kw>
<status status="PASS" starttime="20231228 16:18:53.005" endtime="20231228 16:18:53.040"/>
</kw>
<kw name="Click SignIn" library="login">
<kw name="Click Element" library="SeleniumLibrary">
<arg>${loginbutton}</arg>
<doc>Click the element identified by ``locator``.</doc>
<msg timestamp="20231228 16:18:53.041" level="INFO">Clicking element 'id:login-button'.</msg>
<status status="PASS" starttime="20231228 16:18:53.040" endtime="20231228 16:18:53.309"/>
</kw>
<status status="PASS" starttime="20231228 16:18:53.040" endtime="20231228 16:18:53.309"/>
</kw>
<status status="PASS" starttime="20231228 16:18:46.024" endtime="20231228 16:18:53.310"/>
</kw>
<kw name="Click Element" library="SeleniumLibrary">
<arg>${AddToCart[${index}]}</arg>
<doc>Click the element identified by ``locator``.</doc>
<msg timestamp="20231228 16:18:53.311" level="INFO">Clicking element 'id:add-to-cart-sauce-labs-onesie'.</msg>
<status status="PASS" starttime="20231228 16:18:53.310" endtime="20231228 16:18:53.530"/>
</kw>
<kw name="Click Cart" library="Products">
<kw name="Click Element" library="SeleniumLibrary">
<arg>${ShoppingCart}</arg>
<doc>Click the element identified by ``locator``.</doc>
<msg timestamp="20231228 16:18:53.533" level="INFO">Clicking element 'id:shopping_cart_container'.</msg>
<status status="PASS" starttime="20231228 16:18:53.531" endtime="20231228 16:18:53.778"/>
</kw>
<status status="PASS" starttime="20231228 16:18:53.530" endtime="20231228 16:18:53.778"/>
</kw>
<kw name="Checkout" library="ShoppingCart">
<kw name="Click Element" library="SeleniumLibrary">
<arg>${Checkout}</arg>
<doc>Click the element identified by ``locator``.</doc>
<msg timestamp="20231228 16:18:53.782" level="INFO">Clicking element 'id:checkout'.</msg>
<status status="PASS" starttime="20231228 16:18:53.780" endtime="20231228 16:18:54.023"/>
</kw>
<status status="PASS" starttime="20231228 16:18:53.779" endtime="20231228 16:18:54.023"/>
</kw>
<kw name="Input FirstName" library="ConfirmationInformation">
<arg>${FirstName}</arg>
<kw name="Input Text" library="SeleniumLibrary">
<arg>${InputFName}</arg>
<arg>${FirstName}</arg>
<doc>Types the given ``text`` into the text field identified by ``locator``.</doc>
<msg timestamp="20231228 16:18:54.029" level="INFO">Typing text 'John' into text field 'id:first-name'.</msg>
<status status="PASS" starttime="20231228 16:18:54.026" endtime="20231228 16:18:54.086"/>
</kw>
<status status="PASS" starttime="20231228 16:18:54.024" endtime="20231228 16:18:54.086"/>
</kw>
<kw name="Input LastName" library="ConfirmationInformation">
<arg>${LastName}</arg>
<kw name="Input Text" library="SeleniumLibrary">
<arg>${InputLName}</arg>
<arg>${LastName}</arg>
<doc>Types the given ``text`` into the text field identified by ``locator``.</doc>
<msg timestamp="20231228 16:18:54.088" level="INFO">Typing text 'Smith' into text field 'id:last-name'.</msg>
<status status="PASS" starttime="20231228 16:18:54.087" endtime="20231228 16:18:54.147"/>
</kw>
<status status="PASS" starttime="20231228 16:18:54.087" endtime="20231228 16:18:54.148"/>
</kw>
<kw name="Input Zip" library="ConfirmationInformation">
<arg>${zcode}</arg>
<kw name="Input Text" library="SeleniumLibrary">
<arg>${ZipCode}</arg>
<arg>${zcode}</arg>
<doc>Types the given ``text`` into the text field identified by ``locator``.</doc>
<msg timestamp="20231228 16:18:54.150" level="INFO">Typing text '321' into text field 'id:postal-code'.</msg>
<status status="PASS" starttime="20231228 16:18:54.149" endtime="20231228 16:18:54.174"/>
</kw>
<status status="PASS" starttime="20231228 16:18:54.148" endtime="20231228 16:18:54.174"/>
</kw>
<kw name="Select Continue" library="ConfirmationInformation">
<kw name="Click Element" library="SeleniumLibrary">
<arg>${ContinueButton}</arg>
<doc>Click the element identified by ``locator``.</doc>
<msg timestamp="20231228 16:18:54.176" level="INFO">Clicking element 'id:continue'.</msg>
<status status="PASS" starttime="20231228 16:18:54.175" endtime="20231228 16:18:54.419"/>
</kw>
<status status="PASS" starttime="20231228 16:18:54.175" endtime="20231228 16:18:54.419"/>
</kw>
<kw name="OverviewCheckOut" library="CheckOutOverview">
<kw name="Click Element" library="SeleniumLibrary">
<arg>${CheckoutFinishButton}</arg>
<doc>Click the element identified by ``locator``.</doc>
<msg timestamp="20231228 16:18:54.420" level="INFO">Clicking element 'id:finish'.</msg>
<status status="PASS" starttime="20231228 16:18:54.419" endtime="20231228 16:18:54.669"/>
</kw>
<status status="PASS" starttime="20231228 16:18:54.419" endtime="20231228 16:18:54.670"/>
</kw>
<kw name="VerifyItemComplete" library="Complete">
<kw name="Element Should Contain" library="SeleniumLibrary">
<arg>${CompleteMessage}</arg>
<arg>Checkout: Complete!</arg>
<doc>Verifies that element ``locator`` contains text ``expected``.</doc>
<msg timestamp="20231228 16:18:54.721" level="INFO">Element 'xpath://*[@id="header_container"]/div[2]/span' contains text 'Checkout: Complete!'.</msg>
<status status="PASS" starttime="20231228 16:18:54.672" endtime="20231228 16:18:54.721"/>
</kw>
<status status="PASS" starttime="20231228 16:18:54.670" endtime="20231228 16:18:54.721"/>
</kw>
<status status="PASS" starttime="20231228 16:18:46.024" endtime="20231228 16:18:54.721"/>
</iter>
<iter>
<var name="${index}">5</var>
<kw name="Valid Login">
<kw name="Open My Browser" library="login">
<arg>${url}</arg>
<arg>${browser}</arg>
<kw name="Open Browser" library="SeleniumLibrary">
<arg>${url}</arg>
<arg>${browser}</arg>
<doc>Opens a new browser instance to the optional ``url``.</doc>
<msg timestamp="20231228 16:18:54.723" level="INFO">Opening browser 'headlessfirefox' to base url 'https://www.saucedemo.com/'.</msg>
<status status="PASS" starttime="20231228 16:18:54.723" endtime="20231228 16:19:00.756"/>
</kw>
<kw name="Maximize Browser Window" library="SeleniumLibrary">
<doc>Maximizes current browser window.</doc>
<status status="PASS" starttime="20231228 16:19:00.756" endtime="20231228 16:19:00.760"/>
</kw>
<status status="PASS" starttime="20231228 16:18:54.722" endtime="20231228 16:19:00.760"/>
</kw>
<kw name="Enter User Name" library="login">
<arg>${valid_username}</arg>
<kw name="Input Text" library="SeleniumLibrary">
<arg>${LoginUserName}</arg>
<arg>${username}</arg>
<doc>Types the given ``text`` into the text field identified by ``locator``.</doc>
<msg timestamp="20231228 16:19:00.761" level="INFO">Typing text 'standard_user' into text field 'id:user-name'.</msg>
<status status="PASS" starttime="20231228 16:19:00.761" endtime="20231228 16:19:00.896"/>
</kw>
<status status="PASS" starttime="20231228 16:19:00.760" endtime="20231228 16:19:00.896"/>
</kw>
<kw name="Enter Password" library="login">
<arg>${valid_password}</arg>
<kw name="Input Text" library="SeleniumLibrary">
<arg>${LoginPassword}</arg>
<arg>${password}</arg>
<doc>Types the given ``text`` into the text field identified by ``locator``.</doc>
<msg timestamp="20231228 16:19:00.898" level="INFO">Typing text 'secret_sauce' into text field 'id:password'.</msg>
<status status="PASS" starttime="20231228 16:19:00.897" endtime="20231228 16:19:00.991"/>
</kw>
<status status="PASS" starttime="20231228 16:19:00.897" endtime="20231228 16:19:00.991"/>
</kw>
<kw name="Click SignIn" library="login">
<kw name="Click Element" library="SeleniumLibrary">
<arg>${loginbutton}</arg>
<doc>Click the element identified by ``locator``.</doc>
<msg timestamp="20231228 16:19:00.993" level="INFO">Clicking element 'id:login-button'.</msg>
<status status="PASS" starttime="20231228 16:19:00.992" endtime="20231228 16:19:01.265"/>
</kw>
<status status="PASS" starttime="20231228 16:19:00.992" endtime="20231228 16:19:01.266"/>
</kw>
<status status="PASS" starttime="20231228 16:18:54.722" endtime="20231228 16:19:01.266"/>
</kw>
<kw name="Click Element" library="SeleniumLibrary">
<arg>${AddToCart[${index}]}</arg>
<doc>Click the element identified by ``locator``.</doc>
<msg timestamp="20231228 16:19:01.271" level="INFO">Clicking element 'id:add-to-cart-test.allthethings()-t-shirt-(red)'.</msg>
<status status="PASS" starttime="20231228 16:19:01.267" endtime="20231228 16:19:01.514"/>
</kw>
<kw name="Click Cart" library="Products">
<kw name="Click Element" library="SeleniumLibrary">
<arg>${ShoppingCart}</arg>
<doc>Click the element identified by ``locator``.</doc>
<msg timestamp="20231228 16:19:01.515" level="INFO">Clicking element 'id:shopping_cart_container'.</msg>
<status status="PASS" starttime="20231228 16:19:01.514" endtime="20231228 16:19:01.752"/>
</kw>
<status status="PASS" starttime="20231228 16:19:01.514" endtime="20231228 16:19:01.753"/>
</kw>
<kw name="Checkout" library="ShoppingCart">
<kw name="Click Element" library="SeleniumLibrary">
<arg>${Checkout}</arg>
<doc>Click the element identified by ``locator``.</doc>
<msg timestamp="20231228 16:19:01.757" level="INFO">Clicking element 'id:checkout'.</msg>
<status status="PASS" starttime="20231228 16:19:01.755" endtime="20231228 16:19:01.996"/>
</kw>
<status status="PASS" starttime="20231228 16:19:01.753" endtime="20231228 16:19:01.996"/>
</kw>
<kw name="Input FirstName" library="ConfirmationInformation">
<arg>${FirstName}</arg>
<kw name="Input Text" library="SeleniumLibrary">
<arg>${InputFName}</arg>
<arg>${FirstName}</arg>
<doc>Types the given ``text`` into the text field identified by ``locator``.</doc>
<msg timestamp="20231228 16:19:01.997" level="INFO">Typing text 'John' into text field 'id:first-name'.</msg>
<status status="PASS" starttime="20231228 16:19:01.997" endtime="20231228 16:19:02.026"/>
</kw>
<status status="PASS" starttime="20231228 16:19:01.996" endtime="20231228 16:19:02.026"/>
</kw>
<kw name="Input LastName" library="ConfirmationInformation">
<arg>${LastName}</arg>
<kw name="Input Text" library="SeleniumLibrary">
<arg>${InputLName}</arg>
<arg>${LastName}</arg>
<doc>Types the given ``text`` into the text field identified by ``locator``.</doc>
<msg timestamp="20231228 16:19:02.028" level="INFO">Typing text 'Smith' into text field 'id:last-name'.</msg>
<status status="PASS" starttime="20231228 16:19:02.027" endtime="20231228 16:19:02.057"/>
</kw>
<status status="PASS" starttime="20231228 16:19:02.026" endtime="20231228 16:19:02.057"/>
</kw>
<kw name="Input Zip" library="ConfirmationInformation">
<arg>${zcode}</arg>
<kw name="Input Text" library="SeleniumLibrary">
<arg>${ZipCode}</arg>
<arg>${zcode}</arg>
<doc>Types the given ``text`` into the text field identified by ``locator``.</doc>
<msg timestamp="20231228 16:19:02.058" level="INFO">Typing text '321' into text field 'id:postal-code'.</msg>
<status status="PASS" starttime="20231228 16:19:02.057" endtime="20231228 16:19:02.076"/>
</kw>
<status status="PASS" starttime="20231228 16:19:02.057" endtime="20231228 16:19:02.076"/>
</kw>
<kw name="Select Continue" library="ConfirmationInformation">
<kw name="Click Element" library="SeleniumLibrary">
<arg>${ContinueButton}</arg>
<doc>Click the element identified by ``locator``.</doc>
<msg timestamp="20231228 16:19:02.077" level="INFO">Clicking element 'id:continue'.</msg>
<status status="PASS" starttime="20231228 16:19:02.076" endtime="20231228 16:19:02.302"/>
</kw>
<status status="PASS" starttime="20231228 16:19:02.076" endtime="20231228 16:19:02.303"/>
</kw>
<kw name="OverviewCheckOut" library="CheckOutOverview">
<kw name="Click Element" library="SeleniumLibrary">
<arg>${CheckoutFinishButton}</arg>
<doc>Click the element identified by ``locator``.</doc>
<msg timestamp="20231228 16:19:02.305" level="INFO">Clicking element 'id:finish'.</msg>
<status status="PASS" starttime="20231228 16:19:02.304" endtime="20231228 16:19:02.545"/>
</kw>
<status status="PASS" starttime="20231228 16:19:02.303" endtime="20231228 16:19:02.545"/>
</kw>
<kw name="VerifyItemComplete" library="Complete">
<kw name="Element Should Contain" library="SeleniumLibrary">
<arg>${CompleteMessage}</arg>
<arg>Checkout: Complete!</arg>
<doc>Verifies that element ``locator`` contains text ``expected``.</doc>
<msg timestamp="20231228 16:19:02.575" level="INFO">Element 'xpath://*[@id="header_container"]/div[2]/span' contains text 'Checkout: Complete!'.</msg>
<status status="PASS" starttime="20231228 16:19:02.546" endtime="20231228 16:19:02.575"/>
</kw>
<status status="PASS" starttime="20231228 16:19:02.545" endtime="20231228 16:19:02.575"/>
</kw>
<status status="PASS" starttime="20231228 16:18:54.721" endtime="20231228 16:19:02.575"/>
</iter>
<status status="PASS" starttime="20231228 16:18:14.635" endtime="20231228 16:19:02.575"/>
</for>
<status status="PASS" starttime="20231228 16:18:14.635" endtime="20231228 16:19:02.576"/>
</test>
<kw name="Close All Browsers" library="SeleniumLibrary" type="TEARDOWN">
<doc>Closes all open browsers and resets the browser cache.</doc>
<status status="PASS" starttime="20231228 16:19:02.577" endtime="20231228 16:19:45.456"/>
</kw>
<status status="PASS" starttime="20231228 16:18:14.390" endtime="20231228 16:19:45.457"/>
</suite>
<status status="PASS" starttime="20231228 16:18:14.373" endtime="20231228 16:19:45.461"/>
</suite>
<statistics>
<total>
<stat pass="1" fail="0" skip="0">All Tests</stat>
</total>
<tag>
</tag>
<suite>
<stat pass="1" fail="0" skip="0" id="s1" name="Suites">Suites</stat>
<stat pass="1" fail="0" skip="0" id="s1-s1" name="SuccessfullyCheckout">Suites.SuccessfullyCheckout</stat>
</suite>
</statistics>
<errors>
</errors>
</robot>
