<?xml version="1.0" encoding="UTF-8"?>
<robot generator="Rebot 6.1.1 (Python 3.12.0 on win32)" generated="20231228 16:19:45.767" rpa="false" schemaversion="4">
<suite id="s1" name="Suites">
<suite id="s1-s1" name="LoginTestChrome" source="C:\Users\Lei\PycharmProjects\saucedemoWebRobotAutomation\TestCases\LoginTestChrome.robot">
<test id="s1-s1-t1" name="Valid Login" line="14">
<kw name="Open My Browser" library="login">
<arg>${url}</arg>
<arg>${browser}</arg>
<kw name="Open Browser" library="SeleniumLibrary">
<arg>${url}</arg>
<arg>${browser}</arg>
<doc>Opens a new browser instance to the optional ``url``.</doc>
<msg timestamp="20231228 16:17:15.457" level="INFO">Opening browser 'headlesschrome' to base url 'https://www.saucedemo.com/'.</msg>
<status status="PASS" starttime="20231228 16:17:15.456" endtime="20231228 16:17:17.527"/>
</kw>
<kw name="Maximize Browser Window" library="SeleniumLibrary">
<doc>Maximizes current browser window.</doc>
<status status="PASS" starttime="20231228 16:17:17.527" endtime="20231228 16:17:17.646"/>
</kw>
<status status="PASS" starttime="20231228 16:17:15.456" endtime="20231228 16:17:17.646"/>
</kw>
<kw name="Enter User Name" library="login">
<arg>${valid_username}</arg>
<kw name="Input Text" library="SeleniumLibrary">
<arg>${LoginUserName}</arg>
<arg>${username}</arg>
<doc>Types the given ``text`` into the text field identified by ``locator``.</doc>
<msg timestamp="20231228 16:17:17.648" level="INFO">Typing text 'standard_user' into text field 'id:user-name'.</msg>
<status status="PASS" starttime="20231228 16:17:17.647" endtime="20231228 16:17:17.772"/>
</kw>
<status status="PASS" starttime="20231228 16:17:17.647" endtime="20231228 16:17:17.772"/>
</kw>
<kw name="Enter Password" library="login">
<arg>${valid_password}</arg>
<kw name="Input Text" library="SeleniumLibrary">
<arg>${LoginPassword}</arg>
<arg>${password}</arg>
<doc>Types the given ``text`` into the text field identified by ``locator``.</doc>
<msg timestamp="20231228 16:17:17.773" level="INFO">Typing text 'secret_sauce' into text field 'id:password'.</msg>
<status status="PASS" starttime="20231228 16:17:17.773" endtime="20231228 16:17:17.872"/>
</kw>
<status status="PASS" starttime="20231228 16:17:17.772" endtime="20231228 16:17:17.872"/>
</kw>
<kw name="Click SignIn" library="login">
<kw name="Click Element" library="SeleniumLibrary">
<arg>${loginbutton}</arg>
<doc>Click the element identified by ``locator``.</doc>
<msg timestamp="20231228 16:17:17.873" level="INFO">Clicking element 'id:login-button'.</msg>
<status status="PASS" starttime="20231228 16:17:17.873" endtime="20231228 16:17:17.962"/>
</kw>
<status status="PASS" starttime="20231228 16:17:17.873" endtime="20231228 16:17:17.962"/>
</kw>
<kw name="Verify Success Login" library="login">
<kw name="Element Should Be Visible" library="SeleniumLibrary">
<arg>xpath://*[@id="header_container"]/div[1]/div[2]/div</arg>
<doc>Verifies that the element identified by ``locator`` is visible.</doc>
<msg timestamp="20231228 16:17:18.012" level="INFO">Element 'xpath://*[@id="header_container"]/div[1]/div[2]/div' is displayed.</msg>
<status status="PASS" starttime="20231228 16:17:17.963" endtime="20231228 16:17:18.012"/>
</kw>
<status status="PASS" starttime="20231228 16:17:17.962" endtime="20231228 16:17:18.012"/>
</kw>
<status status="PASS" starttime="20231228 16:17:15.455" endtime="20231228 16:17:18.012"/>
</test>
<test id="s1-s1-t2" name="Invaid Username Login" line="21">
<kw name="Open My Browser" library="login">
<arg>${url}</arg>
<arg>${browser}</arg>
<kw name="Open Browser" library="SeleniumLibrary">
<arg>${url}</arg>
<arg>${browser}</arg>
<doc>Opens a new browser instance to the optional ``url``.</doc>
<msg timestamp="20231228 16:17:18.015" level="INFO">Opening browser 'headlesschrome' to base url 'https://www.saucedemo.com/'.</msg>
<status status="PASS" starttime="20231228 16:17:18.014" endtime="20231228 16:17:20.260"/>
</kw>
<kw name="Maximize Browser Window" library="SeleniumLibrary">
<doc>Maximizes current browser window.</doc>
<status status="PASS" starttime="20231228 16:17:20.261" endtime="20231228 16:17:20.414"/>
</kw>
<status status="PASS" starttime="20231228 16:17:18.014" endtime="20231228 16:17:20.414"/>
</kw>
<kw name="Enter User Name" library="login">
<arg>${invalid_username}</arg>
<kw name="Input Text" library="SeleniumLibrary">
<arg>${LoginUserName}</arg>
<arg>${username}</arg>
<doc>Types the given ``text`` into the text field identified by ``locator``.</doc>
<msg timestamp="20231228 16:17:20.416" level="INFO">Typing text '123' into text field 'id:user-name'.</msg>
<status status="PASS" starttime="20231228 16:17:20.415" endtime="20231228 16:17:20.610"/>
</kw>
<status status="PASS" starttime="20231228 16:17:20.414" endtime="20231228 16:17:20.610"/>
</kw>
<kw name="Enter Password" library="login">
<arg>${valid_password}</arg>
<kw name="Input Text" library="SeleniumLibrary">
<arg>${LoginPassword}</arg>
<arg>${password}</arg>
<doc>Types the given ``text`` into the text field identified by ``locator``.</doc>
<msg timestamp="20231228 16:17:20.612" level="INFO">Typing text 'secret_sauce' into text field 'id:password'.</msg>
<status status="PASS" starttime="20231228 16:17:20.611" endtime="20231228 16:17:20.728"/>
</kw>
<status status="PASS" starttime="20231228 16:17:20.610" endtime="20231228 16:17:20.728"/>
</kw>
<kw name="Click SignIn" library="login">
<kw name="Click Element" library="SeleniumLibrary">
<arg>${loginbutton}</arg>
<doc>Click the element identified by ``locator``.</doc>
<msg timestamp="20231228 16:17:20.730" level="INFO">Clicking element 'id:login-button'.</msg>
<status status="PASS" starttime="20231228 16:17:20.729" endtime="20231228 16:17:20.858"/>
</kw>
<status status="PASS" starttime="20231228 16:17:20.728" endtime="20231228 16:17:20.858"/>
</kw>
<kw name="Verify Error Message" library="login">
<kw name="Page Should Contain" library="SeleniumLibrary">
<arg>Epic sadface: Username and password do not match any user in this service</arg>
<doc>Verifies that current page contains ``text``.</doc>
<msg timestamp="20231228 16:17:20.891" level="INFO">Current page contains text 'Epic sadface: Username and password do not match any user in this service'.</msg>
<status status="PASS" starttime="20231228 16:17:20.859" endtime="20231228 16:17:20.891"/>
</kw>
<status status="PASS" starttime="20231228 16:17:20.858" endtime="20231228 16:17:20.891"/>
</kw>
<status status="PASS" starttime="20231228 16:17:18.013" endtime="20231228 16:17:20.891"/>
</test>
<test id="s1-s1-t3" name="Invaid Password Login" line="28">
<kw name="Open My Browser" library="login">
<arg>${url}</arg>
<arg>${browser}</arg>
<kw name="Open Browser" library="SeleniumLibrary">
<arg>${url}</arg>
<arg>${browser}</arg>
<doc>Opens a new browser instance to the optional ``url``.</doc>
<msg timestamp="20231228 16:17:20.895" level="INFO">Opening browser 'headlesschrome' to base url 'https://www.saucedemo.com/'.</msg>
<status status="PASS" starttime="20231228 16:17:20.894" endtime="20231228 16:17:23.875"/>
</kw>
<kw name="Maximize Browser Window" library="SeleniumLibrary">
<doc>Maximizes current browser window.</doc>
<status status="PASS" starttime="20231228 16:17:23.876" endtime="20231228 16:17:24.033"/>
</kw>
<status status="PASS" starttime="20231228 16:17:20.893" endtime="20231228 16:17:24.033"/>
</kw>
<kw name="Enter User Name" library="login">
<arg>${valid_username}</arg>
<kw name="Input Text" library="SeleniumLibrary">
<arg>${LoginUserName}</arg>
<arg>${username}</arg>
<doc>Types the given ``text`` into the text field identified by ``locator``.</doc>
<msg timestamp="20231228 16:17:24.035" level="INFO">Typing text 'standard_user' into text field 'id:user-name'.</msg>
<status status="PASS" starttime="20231228 16:17:24.034" endtime="20231228 16:17:24.300"/>
</kw>
<status status="PASS" starttime="20231228 16:17:24.033" endtime="20231228 16:17:24.300"/>
</kw>
<kw name="Enter Password" library="login">
<arg>${invalid_password}</arg>
<kw name="Input Text" library="SeleniumLibrary">
<arg>${LoginPassword}</arg>
<arg>${password}</arg>
<doc>Types the given ``text`` into the text field identified by ``locator``.</doc>
<msg timestamp="20231228 16:17:24.303" level="INFO">Typing text '@%!37' into text field 'id:password'.</msg>
<status status="PASS" starttime="20231228 16:17:24.301" endtime="20231228 16:17:24.428"/>
</kw>
<status status="PASS" starttime="20231228 16:17:24.300" endtime="20231228 16:17:24.428"/>
</kw>
<kw name="Click SignIn" library="login">
<kw name="Click Element" library="SeleniumLibrary">
<arg>${loginbutton}</arg>
<doc>Click the element identified by ``locator``.</doc>
<msg timestamp="20231228 16:17:24.430" level="INFO">Clicking element 'id:login-button'.</msg>
<status status="PASS" starttime="20231228 16:17:24.429" endtime="20231228 16:17:24.554"/>
</kw>
<status status="PASS" starttime="20231228 16:17:24.428" endtime="20231228 16:17:24.554"/>
</kw>
<kw name="Verify Error Message" library="login">
<kw name="Page Should Contain" library="SeleniumLibrary">
<arg>Epic sadface: Username and password do not match any user in this service</arg>
<doc>Verifies that current page contains ``text``.</doc>
<msg timestamp="20231228 16:17:24.583" level="INFO">Current page contains text 'Epic sadface: Username and password do not match any user in this service'.</msg>
<status status="PASS" starttime="20231228 16:17:24.560" endtime="20231228 16:17:24.584"/>
</kw>
<status status="PASS" starttime="20231228 16:17:24.554" endtime="20231228 16:17:24.584"/>
</kw>
<status status="PASS" starttime="20231228 16:17:20.892" endtime="20231228 16:17:24.584"/>
</test>
<test id="s1-s1-t4" name="Blank Username Login" line="35">
<kw name="Open My Browser" library="login">
<arg>${url}</arg>
<arg>${browser}</arg>
<kw name="Open Browser" library="SeleniumLibrary">
<arg>${url}</arg>
<arg>${browser}</arg>
<doc>Opens a new browser instance to the optional ``url``.</doc>
<msg timestamp="20231228 16:17:24.587" level="INFO">Opening browser 'headlesschrome' to base url 'https://www.saucedemo.com/'.</msg>
<status status="PASS" starttime="20231228 16:17:24.586" endtime="20231228 16:17:26.956"/>
</kw>
<kw name="Maximize Browser Window" library="SeleniumLibrary">
<doc>Maximizes current browser window.</doc>
<status status="PASS" starttime="20231228 16:17:26.957" endtime="20231228 16:17:27.077"/>
</kw>
<status status="PASS" starttime="20231228 16:17:24.585" endtime="20231228 16:17:27.078"/>
</kw>
<kw name="Enter User Name" library="login">
<arg>${EMPTY}</arg>
<kw name="Input Text" library="SeleniumLibrary">
<arg>${LoginUserName}</arg>
<arg>${username}</arg>
<doc>Types the given ``text`` into the text field identified by ``locator``.</doc>
<msg timestamp="20231228 16:17:27.080" level="INFO">Typing text '' into text field 'id:user-name'.</msg>
<status status="PASS" starttime="20231228 16:17:27.079" endtime="20231228 16:17:27.181"/>
</kw>
<status status="PASS" starttime="20231228 16:17:27.078" endtime="20231228 16:17:27.181"/>
</kw>
<kw name="Enter Password" library="login">
<arg>${valid_password}</arg>
<kw name="Input Text" library="SeleniumLibrary">
<arg>${LoginPassword}</arg>
<arg>${password}</arg>
<doc>Types the given ``text`` into the text field identified by ``locator``.</doc>
<msg timestamp="20231228 16:17:27.182" level="INFO">Typing text 'secret_sauce' into text field 'id:password'.</msg>
<status status="PASS" starttime="20231228 16:17:27.182" endtime="20231228 16:17:27.301"/>
</kw>
<status status="PASS" starttime="20231228 16:17:27.181" endtime="20231228 16:17:27.301"/>
</kw>
<kw name="Click SignIn" library="login">
<kw name="Click Element" library="SeleniumLibrary">
<arg>${loginbutton}</arg>
<doc>Click the element identified by ``locator``.</doc>
<msg timestamp="20231228 16:17:27.303" level="INFO">Clicking element 'id:login-button'.</msg>
<status status="PASS" starttime="20231228 16:17:27.302" endtime="20231228 16:17:27.390"/>
</kw>
<status status="PASS" starttime="20231228 16:17:27.302" endtime="20231228 16:17:27.390"/>
</kw>
<kw name="Verify Username Error Message" library="login">
<kw name="Page Should Contain" library="SeleniumLibrary">
<arg>Epic sadface: Username is required</arg>
<doc>Verifies that current page contains ``text``.</doc>
<msg timestamp="20231228 16:17:27.418" level="INFO">Current page contains text 'Epic sadface: Username is required'.</msg>
<status status="PASS" starttime="20231228 16:17:27.391" endtime="20231228 16:17:27.418"/>
</kw>
<status status="PASS" starttime="20231228 16:17:27.391" endtime="20231228 16:17:27.418"/>
</kw>
<status status="PASS" starttime="20231228 16:17:24.585" endtime="20231228 16:17:27.419"/>
</test>
<test id="s1-s1-t5" name="Blank Password Login" line="42">
<kw name="Open My Browser" library="login">
<arg>${url}</arg>
<arg>${browser}</arg>
<kw name="Open Browser" library="SeleniumLibrary">
<arg>${url}</arg>
<arg>${browser}</arg>
<doc>Opens a new browser instance to the optional ``url``.</doc>
<msg timestamp="20231228 16:17:27.421" level="INFO">Opening browser 'headlesschrome' to base url 'https://www.saucedemo.com/'.</msg>
<status status="PASS" starttime="20231228 16:17:27.421" endtime="20231228 16:17:30.055"/>
</kw>
<kw name="Maximize Browser Window" library="SeleniumLibrary">
<doc>Maximizes current browser window.</doc>
<status status="PASS" starttime="20231228 16:17:30.055" endtime="20231228 16:17:30.182"/>
</kw>
<status status="PASS" starttime="20231228 16:17:27.420" endtime="20231228 16:17:30.182"/>
</kw>
<kw name="Enter User Name" library="login">
<arg>${valid_username}</arg>
<kw name="Input Text" library="SeleniumLibrary">
<arg>${LoginUserName}</arg>
<arg>${username}</arg>
<doc>Types the given ``text`` into the text field identified by ``locator``.</doc>
<msg timestamp="20231228 16:17:30.184" level="INFO">Typing text 'standard_user' into text field 'id:user-name'.</msg>
<status status="PASS" starttime="20231228 16:17:30.183" endtime="20231228 16:17:30.353"/>
</kw>
<status status="PASS" starttime="20231228 16:17:30.182" endtime="20231228 16:17:30.353"/>
</kw>
<kw name="Enter Password" library="login">
<arg>${EMPTY}</arg>
<kw name="Input Text" library="SeleniumLibrary">
<arg>${LoginPassword}</arg>
<arg>${password}</arg>
<doc>Types the given ``text`` into the text field identified by ``locator``.</doc>
<msg timestamp="20231228 16:17:30.356" level="INFO">Typing text '' into text field 'id:password'.</msg>
<status status="PASS" starttime="20231228 16:17:30.355" endtime="20231228 16:17:30.441"/>
</kw>
<status status="PASS" starttime="20231228 16:17:30.353" endtime="20231228 16:17:30.441"/>
</kw>
<kw name="Click SignIn" library="login">
<kw name="Click Element" library="SeleniumLibrary">
<arg>${loginbutton}</arg>
<doc>Click the element identified by ``locator``.</doc>
<msg timestamp="20231228 16:17:30.443" level="INFO">Clicking element 'id:login-button'.</msg>
<status status="PASS" starttime="20231228 16:17:30.442" endtime="20231228 16:17:30.530"/>
</kw>
<status status="PASS" starttime="20231228 16:17:30.441" endtime="20231228 16:17:30.530"/>
</kw>
<kw name="Verify Password Error Message" library="login">
<kw name="Page Should Contain" library="SeleniumLibrary">
<arg>Epic sadface: Password is required</arg>
<doc>Verifies that current page contains ``text``.</doc>
<msg timestamp="20231228 16:17:30.555" level="INFO">Current page contains text 'Epic sadface: Password is required'.</msg>
<status status="PASS" starttime="20231228 16:17:30.531" endtime="20231228 16:17:30.555"/>
</kw>
<status status="PASS" starttime="20231228 16:17:30.530" endtime="20231228 16:17:30.555"/>
</kw>
<status status="PASS" starttime="20231228 16:17:27.419" endtime="20231228 16:17:30.555"/>
</test>
<kw name="Close All Browsers" library="SeleniumLibrary" type="TEARDOWN">
<doc>Closes all open browsers and resets the browser cache.</doc>
<status status="PASS" starttime="20231228 16:17:30.556" endtime="20231228 16:18:02.568"/>
</kw>
<status status="PASS" starttime="20231228 16:17:15.122" endtime="20231228 16:18:02.568"/>
</suite>
<suite id="s1-s2" name="LoginTestFirefox" source="C:\Users\Lei\PycharmProjects\saucedemoWebRobotAutomation\TestCases\LoginTestFirefox.robot">
<test id="s1-s2-t1" name="Valid Login" line="14">
<kw name="Open My Browser" library="login">
<arg>${url}</arg>
<arg>${browser}</arg>
<kw name="Open Browser" library="SeleniumLibrary">
<arg>${url}</arg>
<arg>${browser}</arg>
<doc>Opens a new browser instance to the optional ``url``.</doc>
<msg timestamp="20231228 16:17:15.465" level="INFO">Opening browser 'headlessfirefox' to base url 'https://www.saucedemo.com/'.</msg>
<status status="PASS" starttime="20231228 16:17:15.464" endtime="20231228 16:17:23.037"/>
</kw>
<kw name="Maximize Browser Window" library="SeleniumLibrary">
<doc>Maximizes current browser window.</doc>
<status status="PASS" starttime="20231228 16:17:23.037" endtime="20231228 16:17:23.045"/>
</kw>
<status status="PASS" starttime="20231228 16:17:15.463" endtime="20231228 16:17:23.045"/>
</kw>
<kw name="Enter User Name" library="login">
<arg>${valid_username}</arg>
<kw name="Input Text" library="SeleniumLibrary">
<arg>${LoginUserName}</arg>
<arg>${username}</arg>
<doc>Types the given ``text`` into the text field identified by ``locator``.</doc>
<msg timestamp="20231228 16:17:23.047" level="INFO">Typing text 'standard_user' into text field 'id:user-name'.</msg>
<status status="PASS" starttime="20231228 16:17:23.046" endtime="20231228 16:17:23.208"/>
</kw>
<status status="PASS" starttime="20231228 16:17:23.045" endtime="20231228 16:17:23.209"/>
</kw>
<kw name="Enter Password" library="login">
<arg>${valid_password}</arg>
<kw name="Input Text" library="SeleniumLibrary">
<arg>${LoginPassword}</arg>
<arg>${password}</arg>
<doc>Types the given ``text`` into the text field identified by ``locator``.</doc>
<msg timestamp="20231228 16:17:23.210" level="INFO">Typing text 'secret_sauce' into text field 'id:password'.</msg>
<status status="PASS" starttime="20231228 16:17:23.209" endtime="20231228 16:17:23.260"/>
</kw>
<status status="PASS" starttime="20231228 16:17:23.209" endtime="20231228 16:17:23.260"/>
</kw>
<kw name="Click SignIn" library="login">
<kw name="Click Element" library="SeleniumLibrary">
<arg>${loginbutton}</arg>
<doc>Click the element identified by ``locator``.</doc>
<msg timestamp="20231228 16:17:23.262" level="INFO">Clicking element 'id:login-button'.</msg>
<status status="PASS" starttime="20231228 16:17:23.261" endtime="20231228 16:17:23.564"/>
</kw>
<status status="PASS" starttime="20231228 16:17:23.260" endtime="20231228 16:17:23.564"/>
</kw>
<kw name="Verify Success Login" library="login">
<kw name="Element Should Be Visible" library="SeleniumLibrary">
<arg>xpath://*[@id="header_container"]/div[1]/div[2]/div</arg>
<doc>Verifies that the element identified by ``locator`` is visible.</doc>
<msg timestamp="20231228 16:17:23.587" level="INFO">Element 'xpath://*[@id="header_container"]/div[1]/div[2]/div' is displayed.</msg>
<status status="PASS" starttime="20231228 16:17:23.565" endtime="20231228 16:17:23.587"/>
</kw>
<status status="PASS" starttime="20231228 16:17:23.565" endtime="20231228 16:17:23.587"/>
</kw>
<status status="PASS" starttime="20231228 16:17:15.461" endtime="20231228 16:17:23.587"/>
</test>
<test id="s1-s2-t2" name="Invaid Username Login" line="21">
<kw name="Open My Browser" library="login">
<arg>${url}</arg>
<arg>${browser}</arg>
<kw name="Open Browser" library="SeleniumLibrary">
<arg>${url}</arg>
<arg>${browser}</arg>
<doc>Opens a new browser instance to the optional ``url``.</doc>
<msg timestamp="20231228 16:17:23.590" level="INFO">Opening browser 'headlessfirefox' to base url 'https://www.saucedemo.com/'.</msg>
<status status="PASS" starttime="20231228 16:17:23.589" endtime="20231228 16:17:31.650"/>
</kw>
<kw name="Maximize Browser Window" library="SeleniumLibrary">
<doc>Maximizes current browser window.</doc>
<status status="PASS" starttime="20231228 16:17:31.651" endtime="20231228 16:17:31.665"/>
</kw>
<status status="PASS" starttime="20231228 16:17:23.589" endtime="20231228 16:17:31.666"/>
</kw>
<kw name="Enter User Name" library="login">
<arg>${invalid_username}</arg>
<kw name="Input Text" library="SeleniumLibrary">
<arg>${LoginUserName}</arg>
<arg>${username}</arg>
<doc>Types the given ``text`` into the text field identified by ``locator``.</doc>
<msg timestamp="20231228 16:17:31.668" level="INFO">Typing text '123' into text field 'id:user-name'.</msg>
<status status="PASS" starttime="20231228 16:17:31.667" endtime="20231228 16:17:31.812"/>
</kw>
<status status="PASS" starttime="20231228 16:17:31.666" endtime="20231228 16:17:31.812"/>
</kw>
<kw name="Enter Password" library="login">
<arg>${valid_password}</arg>
<kw name="Input Text" library="SeleniumLibrary">
<arg>${LoginPassword}</arg>
<arg>${password}</arg>
<doc>Types the given ``text`` into the text field identified by ``locator``.</doc>
<msg timestamp="20231228 16:17:31.814" level="INFO">Typing text 'secret_sauce' into text field 'id:password'.</msg>
<status status="PASS" starttime="20231228 16:17:31.813" endtime="20231228 16:17:31.908"/>
</kw>
<status status="PASS" starttime="20231228 16:17:31.812" endtime="20231228 16:17:31.908"/>
</kw>
<kw name="Click SignIn" library="login">
<kw name="Click Element" library="SeleniumLibrary">
<arg>${loginbutton}</arg>
<doc>Click the element identified by ``locator``.</doc>
<msg timestamp="20231228 16:17:31.909" level="INFO">Clicking element 'id:login-button'.</msg>
<status status="PASS" starttime="20231228 16:17:31.909" endtime="20231228 16:17:32.140"/>
</kw>
<status status="PASS" starttime="20231228 16:17:31.908" endtime="20231228 16:17:32.140"/>
</kw>
<kw name="Verify Error Message" library="login">
<kw name="Page Should Contain" library="SeleniumLibrary">
<arg>Epic sadface: Username and password do not match any user in this service</arg>
<doc>Verifies that current page contains ``text``.</doc>
<msg timestamp="20231228 16:17:32.153" level="INFO">Current page contains text 'Epic sadface: Username and password do not match any user in this service'.</msg>
<status status="PASS" starttime="20231228 16:17:32.141" endtime="20231228 16:17:32.153"/>
</kw>
<status status="PASS" starttime="20231228 16:17:32.141" endtime="20231228 16:17:32.154"/>
</kw>
<status status="PASS" starttime="20231228 16:17:23.588" endtime="20231228 16:17:32.154"/>
</test>
<test id="s1-s2-t3" name="Invaid Password Login" line="28">
<kw name="Open My Browser" library="login">
<arg>${url}</arg>
<arg>${browser}</arg>
<kw name="Open Browser" library="SeleniumLibrary">
<arg>${url}</arg>
<arg>${browser}</arg>
<doc>Opens a new browser instance to the optional ``url``.</doc>
<msg timestamp="20231228 16:17:32.158" level="INFO">Opening browser 'headlessfirefox' to base url 'https://www.saucedemo.com/'.</msg>
<status status="PASS" starttime="20231228 16:17:32.157" endtime="20231228 16:17:38.347"/>
</kw>
<kw name="Maximize Browser Window" library="SeleniumLibrary">
<doc>Maximizes current browser window.</doc>
<status status="PASS" starttime="20231228 16:17:38.348" endtime="20231228 16:17:38.355"/>
</kw>
<status status="PASS" starttime="20231228 16:17:32.156" endtime="20231228 16:17:38.355"/>
</kw>
<kw name="Enter User Name" library="login">
<arg>${valid_username}</arg>
<kw name="Input Text" library="SeleniumLibrary">
<arg>${LoginUserName}</arg>
<arg>${username}</arg>
<doc>Types the given ``text`` into the text field identified by ``locator``.</doc>
<msg timestamp="20231228 16:17:38.357" level="INFO">Typing text 'standard_user' into text field 'id:user-name'.</msg>
<status status="PASS" starttime="20231228 16:17:38.357" endtime="20231228 16:17:38.490"/>
</kw>
<status status="PASS" starttime="20231228 16:17:38.356" endtime="20231228 16:17:38.490"/>
</kw>
<kw name="Enter Password" library="login">
<arg>${invalid_password}</arg>
<kw name="Input Text" library="SeleniumLibrary">
<arg>${LoginPassword}</arg>
<arg>${password}</arg>
<doc>Types the given ``text`` into the text field identified by ``locator``.</doc>
<msg timestamp="20231228 16:17:38.491" level="INFO">Typing text '@%!37' into text field 'id:password'.</msg>
<status status="PASS" starttime="20231228 16:17:38.491" endtime="20231228 16:17:38.591"/>
</kw>
<status status="PASS" starttime="20231228 16:17:38.490" endtime="20231228 16:17:38.591"/>
</kw>
<kw name="Click SignIn" library="login">
<kw name="Click Element" library="SeleniumLibrary">
<arg>${loginbutton}</arg>
<doc>Click the element identified by ``locator``.</doc>
<msg timestamp="20231228 16:17:38.592" level="INFO">Clicking element 'id:login-button'.</msg>
<status status="PASS" starttime="20231228 16:17:38.591" endtime="20231228 16:17:38.871"/>
</kw>
<status status="PASS" starttime="20231228 16:17:38.591" endtime="20231228 16:17:38.871"/>
</kw>
<kw name="Verify Error Message" library="login">
<kw name="Page Should Contain" library="SeleniumLibrary">
<arg>Epic sadface: Username and password do not match any user in this service</arg>
<doc>Verifies that current page contains ``text``.</doc>
<msg timestamp="20231228 16:17:38.885" level="INFO">Current page contains text 'Epic sadface: Username and password do not match any user in this service'.</msg>
<status status="PASS" starttime="20231228 16:17:38.873" endtime="20231228 16:17:38.885"/>
</kw>
<status status="PASS" starttime="20231228 16:17:38.872" endtime="20231228 16:17:38.886"/>
</kw>
<status status="PASS" starttime="20231228 16:17:32.155" endtime="20231228 16:17:38.886"/>
</test>
<test id="s1-s2-t4" name="Blank Username Login" line="35">
<kw name="Open My Browser" library="login">
<arg>${url}</arg>
<arg>${browser}</arg>
<kw name="Open Browser" library="SeleniumLibrary">
<arg>${url}</arg>
<arg>${browser}</arg>
<doc>Opens a new browser instance to the optional ``url``.</doc>
<msg timestamp="20231228 16:17:38.890" level="INFO">Opening browser 'headlessfirefox' to base url 'https://www.saucedemo.com/'.</msg>
<status status="PASS" starttime="20231228 16:17:38.889" endtime="20231228 16:17:44.976"/>
</kw>
<kw name="Maximize Browser Window" library="SeleniumLibrary">
<doc>Maximizes current browser window.</doc>
<status status="PASS" starttime="20231228 16:17:44.976" endtime="20231228 16:17:44.979"/>
</kw>
<status status="PASS" starttime="20231228 16:17:38.888" endtime="20231228 16:17:44.979"/>
</kw>
<kw name="Enter User Name" library="login">
<arg>${EMPTY}</arg>
<kw name="Input Text" library="SeleniumLibrary">
<arg>${LoginUserName}</arg>
<arg>${username}</arg>
<doc>Types the given ``text`` into the text field identified by ``locator``.</doc>
<msg timestamp="20231228 16:17:44.981" level="INFO">Typing text '' into text field 'id:user-name'.</msg>
<status status="PASS" starttime="20231228 16:17:44.980" endtime="20231228 16:17:45.071"/>
</kw>
<status status="PASS" starttime="20231228 16:17:44.980" endtime="20231228 16:17:45.072"/>
</kw>
<kw name="Enter Password" library="login">
<arg>${valid_password}</arg>
<kw name="Input Text" library="SeleniumLibrary">
<arg>${LoginPassword}</arg>
<arg>${password}</arg>
<doc>Types the given ``text`` into the text field identified by ``locator``.</doc>
<msg timestamp="20231228 16:17:45.073" level="INFO">Typing text 'secret_sauce' into text field 'id:password'.</msg>
<status status="PASS" starttime="20231228 16:17:45.072" endtime="20231228 16:17:45.164"/>
</kw>
<status status="PASS" starttime="20231228 16:17:45.072" endtime="20231228 16:17:45.165"/>
</kw>
<kw name="Click SignIn" library="login">
<kw name="Click Element" library="SeleniumLibrary">
<arg>${loginbutton}</arg>
<doc>Click the element identified by ``locator``.</doc>
<msg timestamp="20231228 16:17:45.167" level="INFO">Clicking element 'id:login-button'.</msg>
<status status="PASS" starttime="20231228 16:17:45.165" endtime="20231228 16:17:45.428"/>
</kw>
<status status="PASS" starttime="20231228 16:17:45.165" endtime="20231228 16:17:45.429"/>
</kw>
<kw name="Verify Username Error Message" library="login">
<kw name="Page Should Contain" library="SeleniumLibrary">
<arg>Epic sadface: Username is required</arg>
<doc>Verifies that current page contains ``text``.</doc>
<msg timestamp="20231228 16:17:45.438" level="INFO">Current page contains text 'Epic sadface: Username is required'.</msg>
<status status="PASS" starttime="20231228 16:17:45.429" endtime="20231228 16:17:45.439"/>
</kw>
<status status="PASS" starttime="20231228 16:17:45.429" endtime="20231228 16:17:45.439"/>
</kw>
<status status="PASS" starttime="20231228 16:17:38.887" endtime="20231228 16:17:45.439"/>
</test>
<test id="s1-s2-t5" name="Blank Password Login" line="42">
<kw name="Open My Browser" library="login">
<arg>${url}</arg>
<arg>${browser}</arg>
<kw name="Open Browser" library="SeleniumLibrary">
<arg>${url}</arg>
<arg>${browser}</arg>
<doc>Opens a new browser instance to the optional ``url``.</doc>
<msg timestamp="20231228 16:17:45.442" level="INFO">Opening browser 'headlessfirefox' to base url 'https://www.saucedemo.com/'.</msg>
<status status="PASS" starttime="20231228 16:17:45.441" endtime="20231228 16:17:51.544"/>
</kw>
<kw name="Maximize Browser Window" library="SeleniumLibrary">
<doc>Maximizes current browser window.</doc>
<status status="PASS" starttime="20231228 16:17:51.545" endtime="20231228 16:17:51.548"/>
</kw>
<status status="PASS" starttime="20231228 16:17:45.440" endtime="20231228 16:17:51.549"/>
</kw>
<kw name="Enter User Name" library="login">
<arg>${valid_username}</arg>
<kw name="Input Text" library="SeleniumLibrary">
<arg>${LoginUserName}</arg>
<arg>${username}</arg>
<doc>Types the given ``text`` into the text field identified by ``locator``.</doc>
<msg timestamp="20231228 16:17:51.550" level="INFO">Typing text 'standard_user' into text field 'id:user-name'.</msg>
<status status="PASS" starttime="20231228 16:17:51.549" endtime="20231228 16:17:51.867"/>
</kw>
<status status="PASS" starttime="20231228 16:17:51.549" endtime="20231228 16:17:51.868"/>
</kw>
<kw name="Enter Password" library="login">
<arg>${EMPTY}</arg>
<kw name="Input Text" library="SeleniumLibrary">
<arg>${LoginPassword}</arg>
<arg>${password}</arg>
<doc>Types the given ``text`` into the text field identified by ``locator``.</doc>
<msg timestamp="20231228 16:17:51.870" level="INFO">Typing text '' into text field 'id:password'.</msg>
<status status="PASS" starttime="20231228 16:17:51.869" endtime="20231228 16:17:51.938"/>
</kw>
<status status="PASS" starttime="20231228 16:17:51.868" endtime="20231228 16:17:51.939"/>
</kw>
<kw name="Click SignIn" library="login">
<kw name="Click Element" library="SeleniumLibrary">
<arg>${loginbutton}</arg>
<doc>Click the element identified by ``locator``.</doc>
<msg timestamp="20231228 16:17:51.940" level="INFO">Clicking element 'id:login-button'.</msg>
<status status="PASS" starttime="20231228 16:17:51.939" endtime="20231228 16:17:52.196"/>
</kw>
<status status="PASS" starttime="20231228 16:17:51.939" endtime="20231228 16:17:52.196"/>
</kw>
<kw name="Verify Password Error Message" library="login">
<kw name="Page Should Contain" library="SeleniumLibrary">
<arg>Epic sadface: Password is required</arg>
<doc>Verifies that current page contains ``text``.</doc>
<msg timestamp="20231228 16:17:52.207" level="INFO">Current page contains text 'Epic sadface: Password is required'.</msg>
<status status="PASS" starttime="20231228 16:17:52.197" endtime="20231228 16:17:52.207"/>
</kw>
<status status="PASS" starttime="20231228 16:17:52.196" endtime="20231228 16:17:52.207"/>
</kw>
<status status="PASS" starttime="20231228 16:17:45.440" endtime="20231228 16:17:52.207"/>
</test>
<kw name="Close All Browsers" library="SeleniumLibrary" type="TEARDOWN">
<doc>Closes all open browsers and resets the browser cache.</doc>
<status status="PASS" starttime="20231228 16:17:52.208" endtime="20231228 16:18:28.392"/>
</kw>
<status status="PASS" starttime="20231228 16:17:15.119" endtime="20231228 16:18:28.393"/>
</suite>
<suite id="s1-s3" name="LogoutWithoutCheckout" source="C:\Users\Lei\PycharmProjects\saucedemoWebRobotAutomation\TestCases\LogoutWithoutCheckout.robot">
<test id="s1-s3-t1" name="Valid Login" line="21">
<kw name="Open My Browser" library="login">
<arg>${url}</arg>
<arg>${browser}</arg>
<kw name="Open Browser" library="SeleniumLibrary">
<arg>${url}</arg>
<arg>${browser}</arg>
<doc>Opens a new browser instance to the optional ``url``.</doc>
<msg timestamp="20231228 16:18:03.515" level="INFO">Opening browser 'headlesschrome' to base url 'https://www.saucedemo.com/'.</msg>
<status status="PASS" starttime="20231228 16:18:03.514" endtime="20231228 16:18:05.673"/>
</kw>
<kw name="Maximize Browser Window" library="SeleniumLibrary">
<doc>Maximizes current browser window.</doc>
<status status="PASS" starttime="20231228 16:18:05.674" endtime="20231228 16:18:05.812"/>
</kw>
<status status="PASS" starttime="20231228 16:18:03.512" endtime="20231228 16:18:05.812"/>
</kw>
<kw name="Enter User Name" library="login">
<arg>${valid_username}</arg>
<kw name="Input Text" library="SeleniumLibrary">
<arg>${LoginUserName}</arg>
<arg>${username}</arg>
<doc>Types the given ``text`` into the text field identified by ``locator``.</doc>
<msg timestamp="20231228 16:18:05.814" level="INFO">Typing text 'standard_user' into text field 'id:user-name'.</msg>
<status status="PASS" starttime="20231228 16:18:05.813" endtime="20231228 16:18:05.999"/>
</kw>
<status status="PASS" starttime="20231228 16:18:05.812" endtime="20231228 16:18:06.000"/>
</kw>
<kw name="Enter Password" library="login">
<arg>${valid_password}</arg>
<kw name="Input Text" library="SeleniumLibrary">
<arg>${LoginPassword}</arg>
<arg>${password}</arg>
<doc>Types the given ``text`` into the text field identified by ``locator``.</doc>
<msg timestamp="20231228 16:18:06.002" level="INFO">Typing text 'secret_sauce' into text field 'id:password'.</msg>
<status status="PASS" starttime="20231228 16:18:06.001" endtime="20231228 16:18:06.113"/>
</kw>
<status status="PASS" starttime="20231228 16:18:06.000" endtime="20231228 16:18:06.113"/>
</kw>
<kw name="Click SignIn" library="login">
<kw name="Click Element" library="SeleniumLibrary">
<arg>${loginbutton}</arg>
<doc>Click the element identified by ``locator``.</doc>
<msg timestamp="20231228 16:18:06.115" level="INFO">Clicking element 'id:login-button'.</msg>
<status status="PASS" starttime="20231228 16:18:06.114" endtime="20231228 16:18:06.222"/>
</kw>
<status status="PASS" starttime="20231228 16:18:06.113" endtime="20231228 16:18:06.222"/>
</kw>
<status status="PASS" starttime="20231228 16:18:03.512" endtime="20231228 16:18:06.223"/>
</test>
<test id="s1-s3-t2" name="Home Page" line="26">
<kw name="Add Item to Cart" library="Products">
<kw name="Click Element" library="SeleniumLibrary">
<arg>${AddToCartBackPack}</arg>
<doc>Click the element identified by ``locator``.</doc>
<msg timestamp="20231228 16:18:06.226" level="INFO">Clicking element 'id:add-to-cart-sauce-labs-backpack'.</msg>
<status status="PASS" starttime="20231228 16:18:06.225" endtime="20231228 16:18:06.292"/>
</kw>
<kw name="Click Element" library="SeleniumLibrary">
<arg>${AddToCartFleeceJacket}</arg>
<doc>Click the element identified by ``locator``.</doc>
<msg timestamp="20231228 16:18:06.293" level="INFO">Clicking element 'id:add-to-cart-sauce-labs-fleece-jacket'.</msg>
<status status="PASS" starttime="20231228 16:18:06.292" endtime="20231228 16:18:06.336"/>
</kw>
<status status="PASS" starttime="20231228 16:18:06.224" endtime="20231228 16:18:06.336"/>
</kw>
<kw name="Remove Items from Cart" library="Products">
<kw name="Click Element" library="SeleniumLibrary">
<arg>${removefromcartbackpack}</arg>
<doc>Click the element identified by ``locator``.</doc>
<msg timestamp="20231228 16:18:06.337" level="INFO">Clicking element 'id:remove-sauce-labs-backpack'.</msg>
<status status="PASS" starttime="20231228 16:18:06.337" endtime="20231228 16:18:06.383"/>
</kw>
<status status="PASS" starttime="20231228 16:18:06.336" endtime="20231228 16:18:06.384"/>
</kw>
<status status="PASS" starttime="20231228 16:18:06.223" endtime="20231228 16:18:06.384"/>
</test>
<test id="s1-s3-t3" name="Logout in Home page" line="29">
<kw name="Click Sidebar" library="Products">
<kw name="Click Element" library="SeleniumLibrary">
<arg>${BurgerButton}</arg>
<doc>Click the element identified by ``locator``.</doc>
<msg timestamp="20231228 16:18:06.385" level="INFO">Clicking element 'id:react-burger-menu-btn'.</msg>
<status status="PASS" starttime="20231228 16:18:06.385" endtime="20231228 16:18:06.425"/>
</kw>
<status status="PASS" starttime="20231228 16:18:06.384" endtime="20231228 16:18:06.425"/>
</kw>
<kw name="Wait Until Element Is Visible" library="SeleniumLibrary">
<arg>${SideBarLogout}</arg>
<doc>Waits until the element ``locator`` is visible.</doc>
<status status="PASS" starttime="20231228 16:18:06.426" endtime="20231228 16:18:06.676"/>
</kw>
<kw name="Click Logout" library="Products">
<kw name="Click Element" library="SeleniumLibrary">
<arg>${SideBarLogout}</arg>
<doc>Click the element identified by ``locator``.</doc>
<msg timestamp="20231228 16:18:06.677" level="INFO">Clicking element 'id:logout_sidebar_link'.</msg>
<status status="PASS" starttime="20231228 16:18:06.677" endtime="20231228 16:18:06.752"/>
</kw>
<status status="PASS" starttime="20231228 16:18:06.676" endtime="20231228 16:18:06.752"/>
</kw>
<status status="PASS" starttime="20231228 16:18:06.384" endtime="20231228 16:18:06.752"/>
</test>
<test id="s1-s3-t4" name="Verify item still in cart" line="33">
<kw name="Wait Until Element Is Visible" library="SeleniumLibrary">
<arg>${LoginUserName}</arg>
<doc>Waits until the element ``locator`` is visible.</doc>
<status status="PASS" starttime="20231228 16:18:06.754" endtime="20231228 16:18:06.786"/>
</kw>
<kw name="Enter User Name" library="login">
<arg>${valid_username}</arg>
<kw name="Input Text" library="SeleniumLibrary">
<arg>${LoginUserName}</arg>
<arg>${username}</arg>
<doc>Types the given ``text`` into the text field identified by ``locator``.</doc>
<msg timestamp="20231228 16:18:06.787" level="INFO">Typing text 'standard_user' into text field 'id:user-name'.</msg>
<status status="PASS" starttime="20231228 16:18:06.786" endtime="20231228 16:18:06.870"/>
</kw>
<status status="PASS" starttime="20231228 16:18:06.786" endtime="20231228 16:18:06.870"/>
</kw>
<kw name="Enter Password" library="login">
<arg>${valid_password}</arg>
<kw name="Input Text" library="SeleniumLibrary">
<arg>${LoginPassword}</arg>
<arg>${password}</arg>
<doc>Types the given ``text`` into the text field identified by ``locator``.</doc>
<msg timestamp="20231228 16:18:06.871" level="INFO">Typing text 'secret_sauce' into text field 'id:password'.</msg>
<status status="PASS" starttime="20231228 16:18:06.870" endtime="20231228 16:18:06.966"/>
</kw>
<status status="PASS" starttime="20231228 16:18:06.870" endtime="20231228 16:18:06.966"/>
</kw>
<kw name="Click SignIn" library="login">
<kw name="Click Element" library="SeleniumLibrary">
<arg>${loginbutton}</arg>
<doc>Click the element identified by ``locator``.</doc>
<msg timestamp="20231228 16:18:06.969" level="INFO">Clicking element 'id:login-button'.</msg>
<status status="PASS" starttime="20231228 16:18:06.967" endtime="20231228 16:18:07.018"/>
</kw>
<status status="PASS" starttime="20231228 16:18:06.966" endtime="20231228 16:18:07.019"/>
</kw>
<kw name="Click Cart" library="Products">
<kw name="Click Element" library="SeleniumLibrary">
<arg>${ShoppingCart}</arg>
<doc>Click the element identified by ``locator``.</doc>
<msg timestamp="20231228 16:18:07.021" level="INFO">Clicking element 'id:shopping_cart_container'.</msg>
<status status="PASS" starttime="20231228 16:18:07.020" endtime="20231228 16:18:07.073"/>
</kw>
<status status="PASS" starttime="20231228 16:18:07.019" endtime="20231228 16:18:07.073"/>
</kw>
<kw name="Checkout" library="ShoppingCart">
<kw name="Click Element" library="SeleniumLibrary">
<arg>${Checkout}</arg>
<doc>Click the element identified by ``locator``.</doc>
<msg timestamp="20231228 16:18:07.074" level="INFO">Clicking element 'id:checkout'.</msg>
<status status="PASS" starttime="20231228 16:18:07.074" endtime="20231228 16:18:07.129"/>
</kw>
<status status="PASS" starttime="20231228 16:18:07.073" endtime="20231228 16:18:07.129"/>
</kw>
<kw name="Input FirstName" library="ConfirmationInformation">
<arg>${FirstName}</arg>
<kw name="Input Text" library="SeleniumLibrary">
<arg>${InputFName}</arg>
<arg>${FirstName}</arg>
<doc>Types the given ``text`` into the text field identified by ``locator``.</doc>
<msg timestamp="20231228 16:18:07.130" level="INFO">Typing text 'John' into text field 'id:first-name'.</msg>
<status status="PASS" starttime="20231228 16:18:07.129" endtime="20231228 16:18:07.210"/>
</kw>
<status status="PASS" starttime="20231228 16:18:07.129" endtime="20231228 16:18:07.210"/>
</kw>
<kw name="Input LastName" library="ConfirmationInformation">
<arg>${LastName}</arg>
<kw name="Input Text" library="SeleniumLibrary">
<arg>${InputLName}</arg>
<arg>${LastName}</arg>
<doc>Types the given ``text`` into the text field identified by ``locator``.</doc>
<msg timestamp="20231228 16:18:07.211" level="INFO">Typing text 'Smith' into text field 'id:last-name'.</msg>
<status status="PASS" starttime="20231228 16:18:07.210" endtime="20231228 16:18:07.283"/>
</kw>
<status status="PASS" starttime="20231228 16:18:07.210" endtime="20231228 16:18:07.283"/>
</kw>
<kw name="Input Zip" library="ConfirmationInformation">
<arg>${zcode}</arg>
<kw name="Input Text" library="SeleniumLibrary">
<arg>${ZipCode}</arg>
<arg>${zcode}</arg>
<doc>Types the given ``text`` into the text field identified by ``locator``.</doc>
<msg timestamp="20231228 16:18:07.285" level="INFO">Typing text '321' into text field 'id:postal-code'.</msg>
<status status="PASS" starttime="20231228 16:18:07.284" endtime="20231228 16:18:07.350"/>
</kw>
<status status="PASS" starttime="20231228 16:18:07.284" endtime="20231228 16:18:07.351"/>
</kw>
<kw name="Select Continue" library="ConfirmationInformation">
<kw name="Click Element" library="SeleniumLibrary">
<arg>${ContinueButton}</arg>
<doc>Click the element identified by ``locator``.</doc>
<msg timestamp="20231228 16:18:07.352" level="INFO">Clicking element 'id:continue'.</msg>
<status status="PASS" starttime="20231228 16:18:07.351" endtime="20231228 16:18:07.410"/>
</kw>
<status status="PASS" starttime="20231228 16:18:07.351" endtime="20231228 16:18:07.410"/>
</kw>
<kw name="VerifyItemInCart" library="CheckOutOverview">
<kw name="Element Should Contain" library="SeleniumLibrary">
<arg>${Item}</arg>
<arg>Sauce Labs Fleece Jacket</arg>
<doc>Verifies that element ``locator`` contains text ``expected``.</doc>
<msg timestamp="20231228 16:18:07.449" level="INFO">Element 'xpath://*[@id="item_5_title_link"]/div' contains text 'Sauce Labs Fleece Jacket'.</msg>
<status status="PASS" starttime="20231228 16:18:07.411" endtime="20231228 16:18:07.449"/>
</kw>
<status status="PASS" starttime="20231228 16:18:07.410" endtime="20231228 16:18:07.449"/>
</kw>
<status status="PASS" starttime="20231228 16:18:06.753" endtime="20231228 16:18:07.450"/>
</test>
<kw name="Close All Browsers" library="SeleniumLibrary" type="TEARDOWN">
<doc>Closes all open browsers and resets the browser cache.</doc>
<status status="PASS" starttime="20231228 16:18:07.450" endtime="20231228 16:18:13.679"/>
</kw>
<status status="PASS" starttime="20231228 16:18:03.250" endtime="20231228 16:18:13.679"/>
</suite>
<suite id="s1-s4" name="SuccessfullyCheckout" source="C:\Users\Lei\PycharmProjects\saucedemoWebRobotAutomation\TestCases\SuccessfullyCheckout.robot">
<test id="s1-s4-t1" name="Add each item to cart" line="27">
<for flavor="IN RANGE">
<var>${index}</var>
<value>0</value>
<value>6</value>
<iter>
<var name="${index}">0</var>
<kw name="Valid Login">
<kw name="Open My Browser" library="login">
<arg>${url}</arg>
<arg>${browser}</arg>
<kw name="Open Browser" library="SeleniumLibrary">
<arg>${url}</arg>
<arg>${browser}</arg>
<doc>Opens a new browser instance to the optional ``url``.</doc>
<msg timestamp="20231228 16:18:14.637" level="INFO">Opening browser 'headlessfirefox' to base url 'https://www.saucedemo.com/'.</msg>
<status status="PASS" starttime="20231228 16:18:14.637" endtime="20231228 16:18:20.643"/>
</kw>
<kw name="Maximize Browser Window" library="SeleniumLibrary">
<doc>Maximizes current browser window.</doc>
<status status="PASS" starttime="20231228 16:18:20.644" endtime="20231228 16:18:20.647"/>
</kw>
<status status="PASS" starttime="20231228 16:18:14.636" endtime="20231228 16:18:20.647"/>
</kw>
<kw name="Enter User Name" library="login">
<arg>${valid_username}</arg>
<kw name="Input Text" library="SeleniumLibrary">
<arg>${LoginUserName}</arg>
<arg>${username}</arg>
<doc>Types the given ``text`` into the text field identified by ``locator``.</doc>
<msg timestamp="20231228 16:18:20.649" level="INFO">Typing text 'standard_user' into text field 'id:user-name'.</msg>
<status status="PASS" starttime="20231228 16:18:20.648" endtime="20231228 16:18:20.819"/>
</kw>
<status status="PASS" starttime="20231228 16:18:20.647" endtime="20231228 16:18:20.820"/>
</kw>
<kw name="Enter Password" library="login">
<arg>${valid_password}</arg>
<kw name="Input Text" library="SeleniumLibrary">
<arg>${LoginPassword}</arg>
<arg>${password}</arg>
<doc>Types the given ``text`` into the text field identified by ``locator``.</doc>
<msg timestamp="20231228 16:18:20.822" level="INFO">Typing text 'secret_sauce' into text field 'id:password'.</msg>
<status status="PASS" starttime="20231228 16:18:20.821" endtime="20231228 16:18:20.888"/>
</kw>
<status status="PASS" starttime="20231228 16:18:20.820" endtime="20231228 16:18:20.889"/>
</kw>
<kw name="Click SignIn" library="login">
<kw name="Click Element" library="SeleniumLibrary">
<arg>${loginbutton}</arg>
<doc>Click the element identified by ``locator``.</doc>
<msg timestamp="20231228 16:18:20.891" level="INFO">Clicking element 'id:login-button'.</msg>
<status status="PASS" starttime="20231228 16:18:20.890" endtime="20231228 16:18:21.163"/>
</kw>
<status status="PASS" starttime="20231228 16:18:20.889" endtime="20231228 16:18:21.163"/>
</kw>
<status status="PASS" starttime="20231228 16:18:14.636" endtime="20231228 16:18:21.163"/>
</kw>
<kw name="Click Element" library="SeleniumLibrary">
<arg>${AddToCart[${index}]}</arg>
<doc>Click the element identified by ``locator``.</doc>
<msg timestamp="20231228 16:18:21.166" level="INFO">Clicking element 'id:add-to-cart-sauce-labs-backpack'.</msg>
<status status="PASS" starttime="20231228 16:18:21.163" endtime="20231228 16:18:21.390"/>
</kw>
<kw name="Click Cart" library="Products">
<kw name="Click Element" library="SeleniumLibrary">
<arg>${ShoppingCart}</arg>
<doc>Click the element identified by ``locator``.</doc>
<msg timestamp="20231228 16:18:21.393" level="INFO">Clicking element 'id:shopping_cart_container'.</msg>
<status status="PASS" starttime="20231228 16:18:21.392" endtime="20231228 16:18:21.634"/>
</kw>
<status status="PASS" starttime="20231228 16:18:21.391" endtime="20231228 16:18:21.634"/>
</kw>
<kw name="Checkout" library="ShoppingCart">
<kw name="Click Element" library="SeleniumLibrary">
<arg>${Checkout}</arg>
<doc>Click the element identified by ``locator``.</doc>
<msg timestamp="20231228 16:18:21.636" level="INFO">Clicking element 'id:checkout'.</msg>
<status status="PASS" starttime="20231228 16:18:21.635" endtime="20231228 16:18:21.868"/>
</kw>
<status status="PASS" starttime="20231228 16:18:21.634" endtime="20231228 16:18:21.869"/>
</kw>
<kw name="Input FirstName" library="ConfirmationInformation">
<arg>${FirstName}</arg>
<kw name="Input Text" library="SeleniumLibrary">
<arg>${InputFName}</arg>
<arg>${FirstName}</arg>
<doc>Types the given ``text`` into the text field identified by ``locator``.</doc>
<msg timestamp="20231228 16:18:21.871" level="INFO">Typing text 'John' into text field 'id:first-name'.</msg>
<status status="PASS" starttime="20231228 16:18:21.870" endtime="20231228 16:18:21.934"/>
</kw>
<status status="PASS" starttime="20231228 16:18:21.869" endtime="20231228 16:18:21.934"/>
</kw>
<kw name="Input LastName" library="ConfirmationInformation">
<arg>${LastName}</arg>
<kw name="Input Text" library="SeleniumLibrary">
<arg>${InputLName}</arg>
<arg>${LastName}</arg>
<doc>Types the given ``text`` into the text field identified by ``locator``.</doc>
<msg timestamp="20231228 16:18:21.936" level="INFO">Typing text 'Smith' into text field 'id:last-name'.</msg>
<status status="PASS" starttime="20231228 16:18:21.935" endtime="20231228 16:18:21.961"/>
</kw>
<status status="PASS" starttime="20231228 16:18:21.934" endtime="20231228 16:18:21.961"/>
</kw>
<kw name="Input Zip" library="ConfirmationInformation">
<arg>${zcode}</arg>
<kw name="Input Text" library="SeleniumLibrary">
<arg>${ZipCode}</arg>
<arg>${zcode}</arg>
<doc>Types the given ``text`` into the text field identified by ``locator``.</doc>
<msg timestamp="20231228 16:18:21.962" level="INFO">Typing text '321' into text field 'id:postal-code'.</msg>
<status status="PASS" starttime="20231228 16:18:21.961" endtime="20231228 16:18:21.978"/>
</kw>
<status status="PASS" starttime="20231228 16:18:21.961" endtime="20231228 16:18:21.978"/>
</kw>
<kw name="Select Continue" library="ConfirmationInformation">
<kw name="Click Element" library="SeleniumLibrary">
<arg>${ContinueButton}</arg>
<doc>Click the element identified by ``locator``.</doc>
<msg timestamp="20231228 16:18:21.979" level="INFO">Clicking element 'id:continue'.</msg>
<status status="PASS" starttime="20231228 16:18:21.979" endtime="20231228 16:18:22.201"/>
</kw>
<status status="PASS" starttime="20231228 16:18:21.978" endtime="20231228 16:18:22.202"/>
</kw>
<kw name="OverviewCheckOut" library="CheckOutOverview">
<kw name="Click Element" library="SeleniumLibrary">
<arg>${CheckoutFinishButton}</arg>
<doc>Click the element identified by ``locator``.</doc>
<msg timestamp="20231228 16:18:22.205" level="INFO">Clicking element 'id:finish'.</msg>
<status status="PASS" starttime="20231228 16:18:22.203" endtime="20231228 16:18:22.436"/>
</kw>
<status status="PASS" starttime="20231228 16:18:22.202" endtime="20231228 16:18:22.436"/>
</kw>
<kw name="VerifyItemComplete" library="Complete">
<kw name="Element Should Contain" library="SeleniumLibrary">
<arg>${CompleteMessage}</arg>
<arg>Checkout: Complete!</arg>
<doc>Verifies that element ``locator`` contains text ``expected``.</doc>
<msg timestamp="20231228 16:18:22.493" level="INFO">Element 'xpath://*[@id="header_container"]/div[2]/span' contains text 'Checkout: Complete!'.</msg>
<status status="PASS" starttime="20231228 16:18:22.437" endtime="20231228 16:18:22.493"/>
</kw>
<status status="PASS" starttime="20231228 16:18:22.436" endtime="20231228 16:18:22.493"/>
</kw>
<status status="PASS" starttime="20231228 16:18:14.636" endtime="20231228 16:18:22.493"/>
</iter>
<iter>
<var name="${index}">1</var>
<kw name="Valid Login">
<kw name="Open My Browser" library="login">
<arg>${url}</arg>
<arg>${browser}</arg>
<kw name="Open Browser" library="SeleniumLibrary">
<arg>${url}</arg>
<arg>${browser}</arg>
<doc>Opens a new browser instance to the optional ``url``.</doc>
<msg timestamp="20231228 16:18:22.495" level="INFO">Opening browser 'headlessfirefox' to base url 'https://www.saucedemo.com/'.</msg>
<status status="PASS" starttime="20231228 16:18:22.495" endtime="20231228 16:18:28.466"/>
</kw>
<kw name="Maximize Browser Window" library="SeleniumLibrary">
<doc>Maximizes current browser window.</doc>
<status status="PASS" starttime="20231228 16:18:28.466" endtime="20231228 16:18:28.494"/>
</kw>
<status status="PASS" starttime="20231228 16:18:22.494" endtime="20231228 16:18:28.495"/>
</kw>
<kw name="Enter User Name" library="login">
<arg>${valid_username}</arg>
<kw name="Input Text" library="SeleniumLibrary">
<arg>${LoginUserName}</arg>
<arg>${username}</arg>
<doc>Types the given ``text`` into the text field identified by ``locator``.</doc>
<msg timestamp="20231228 16:18:28.496" level="INFO">Typing text 'standard_user' into text field 'id:user-name'.</msg>
<status status="PASS" starttime="20231228 16:18:28.495" endtime="20231228 16:18:28.607"/>
</kw>
<status status="PASS" starttime="20231228 16:18:28.495" endtime="20231228 16:18:28.608"/>
</kw>
<kw name="Enter Password" library="login">
<arg>${valid_password}</arg>
<kw name="Input Text" library="SeleniumLibrary">
<arg>${LoginPassword}</arg>
<arg>${password}</arg>
<doc>Types the given ``text`` into the text field identified by ``locator``.</doc>
<msg timestamp="20231228 16:18:28.609" level="INFO">Typing text 'secret_sauce' into text field 'id:password'.</msg>
<status status="PASS" starttime="20231228 16:18:28.608" endtime="20231228 16:18:28.700"/>
</kw>
<status status="PASS" starttime="20231228 16:18:28.608" endtime="20231228 16:18:28.700"/>
</kw>
<kw name="Click SignIn" library="login">
<kw name="Click Element" library="SeleniumLibrary">
<arg>${loginbutton}</arg>
<doc>Click the element identified by ``locator``.</doc>
<msg timestamp="20231228 16:18:28.702" level="INFO">Clicking element 'id:login-button'.</msg>
<status status="PASS" starttime="20231228 16:18:28.701" endtime="20231228 16:18:28.967"/>
</kw>
<status status="PASS" starttime="20231228 16:18:28.701" endtime="20231228 16:18:28.967"/>
</kw>
<status status="PASS" starttime="20231228 16:18:22.494" endtime="20231228 16:18:28.968"/>
</kw>
<kw name="Click Element" library="SeleniumLibrary">
<arg>${AddToCart[${index}]}</arg>
<doc>Click the element identified by ``locator``.</doc>
<msg timestamp="20231228 16:18:28.970" level="INFO">Clicking element 'id:add-to-cart-sauce-labs-bike-light'.</msg>
<status status="PASS" starttime="20231228 16:18:28.968" endtime="20231228 16:18:29.188"/>
</kw>
<kw name="Click Cart" library="Products">
<kw name="Click Element" library="SeleniumLibrary">
<arg>${ShoppingCart}</arg>
<doc>Click the element identified by ``locator``.</doc>
<msg timestamp="20231228 16:18:29.190" level="INFO">Clicking element 'id:shopping_cart_container'.</msg>
<status status="PASS" starttime="20231228 16:18:29.189" endtime="20231228 16:18:29.421"/>
</kw>
<status status="PASS" starttime="20231228 16:18:29.188" endtime="20231228 16:18:29.422"/>
</kw>
<kw name="Checkout" library="ShoppingCart">
<kw name="Click Element" library="SeleniumLibrary">
<arg>${Checkout}</arg>
<doc>Click the element identified by ``locator``.</doc>
<msg timestamp="20231228 16:18:29.427" level="INFO">Clicking element 'id:checkout'.</msg>
<status status="PASS" starttime="20231228 16:18:29.424" endtime="20231228 16:18:29.682"/>
</kw>
<status status="PASS" starttime="20231228 16:18:29.422" endtime="20231228 16:18:29.683"/>
</kw>
<kw name="Input FirstName" library="ConfirmationInformation">
<arg>${FirstName}</arg>
<kw name="Input Text" library="SeleniumLibrary">
<arg>${InputFName}</arg>
<arg>${FirstName}</arg>
<doc>Types the given ``text`` into the text field identified by ``locator``.</doc>
<msg timestamp="20231228 16:18:29.688" level="INFO">Typing text 'John' into text field 'id:first-name'.</msg>
<status status="PASS" starttime="20231228 16:18:29.685" endtime="20231228 16:18:29.745"/>
</kw>
<status status="PASS" starttime="20231228 16:18:29.684" endtime="20231228 16:18:29.746"/>
</kw>
<kw name="Input LastName" library="ConfirmationInformation">
<arg>${LastName}</arg>
<kw name="Input Text" library="SeleniumLibrary">
<arg>${InputLName}</arg>
<arg>${LastName}</arg>
<doc>Types the given ``text`` into the text field identified by ``locator``.</doc>
<msg timestamp="20231228 16:18:29.747" level="INFO">Typing text 'Smith' into text field 'id:last-name'.</msg>
<status status="PASS" starttime="20231228 16:18:29.746" endtime="20231228 16:18:29.769"/>
</kw>
<status status="PASS" starttime="20231228 16:18:29.746" endtime="20231228 16:18:29.769"/>
</kw>
<kw name="Input Zip" library="ConfirmationInformation">
<arg>${zcode}</arg>
<kw name="Input Text" library="SeleniumLibrary">
<arg>${ZipCode}</arg>
<arg>${zcode}</arg>
<doc>Types the given ``text`` into the text field identified by ``locator``.</doc>
<msg timestamp="20231228 16:18:29.770" level="INFO">Typing text '321' into text field 'id:postal-code'.</msg>
<status status="PASS" starttime="20231228 16:18:29.770" endtime="20231228 16:18:29.788"/>
</kw>
<status status="PASS" starttime="20231228 16:18:29.769" endtime="20231228 16:18:29.788"/>
</kw>
<kw name="Select Continue" library="ConfirmationInformation">
<kw name="Click Element" library="SeleniumLibrary">
<arg>${ContinueButton}</arg>
<doc>Click the element identified by ``locator``.</doc>
<msg timestamp="20231228 16:18:29.789" level="INFO">Clicking element 'id:continue'.</msg>
<status status="PASS" starttime="20231228 16:18:29.788" endtime="20231228 16:18:30.019"/>
</kw>
<status status="PASS" starttime="20231228 16:18:29.788" endtime="20231228 16:18:30.019"/>
</kw>
<kw name="OverviewCheckOut" library="CheckOutOverview">
<kw name="Click Element" library="SeleniumLibrary">
<arg>${CheckoutFinishButton}</arg>
<doc>Click the element identified by ``locator``.</doc>
<msg timestamp="20231228 16:18:30.020" level="INFO">Clicking element 'id:finish'.</msg>
<status status="PASS" starttime="20231228 16:18:30.020" endtime="20231228 16:18:30.254"/>
</kw>
<status status="PASS" starttime="20231228 16:18:30.019" endtime="20231228 16:18:30.256"/>
</kw>
<kw name="VerifyItemComplete" library="Complete">
<kw name="Element Should Contain" library="SeleniumLibrary">
<arg>${CompleteMessage}</arg>
<arg>Checkout: Complete!</arg>
<doc>Verifies that element ``locator`` contains text ``expected``.</doc>
<msg timestamp="20231228 16:18:30.299" level="INFO">Element 'xpath://*[@id="header_container"]/div[2]/span' contains text 'Checkout: Complete!'.</msg>
<status status="PASS" starttime="20231228 16:18:30.256" endtime="20231228 16:18:30.299"/>
</kw>
<status status="PASS" starttime="20231228 16:18:30.256" endtime="20231228 16:18:30.299"/>
</kw>
<status status="PASS" starttime="20231228 16:18:22.493" endtime="20231228 16:18:30.299"/>
</iter>
<iter>
<var name="${index}">2</var>
<kw name="Valid Login">
<kw name="Open My Browser" library="login">
<arg>${url}</arg>
<arg>${browser}</arg>
<kw name="Open Browser" library="SeleniumLibrary">
<arg>${url}</arg>
<arg>${browser}</arg>
<doc>Opens a new browser instance to the optional ``url``.</doc>
<msg timestamp="20231228 16:18:30.303" level="INFO">Opening browser 'headlessfirefox' to base url 'https://www.saucedemo.com/'.</msg>
<status status="PASS" starttime="20231228 16:18:30.302" endtime="20231228 16:18:36.331"/>
</kw>
<kw name="Maximize Browser Window" library="SeleniumLibrary">
<doc>Maximizes current browser window.</doc>
<status status="PASS" starttime="20231228 16:18:36.331" endtime="20231228 16:18:36.335"/>
</kw>
<status status="PASS" starttime="20231228 16:18:30.301" endtime="20231228 16:18:36.335"/>
</kw>
<kw name="Enter User Name" library="login">
<arg>${valid_username}</arg>
<kw name="Input Text" library="SeleniumLibrary">
<arg>${LoginUserName}</arg>
<arg>${username}</arg>
<doc>Types the given ``text`` into the text field identified by ``locator``.</doc>
<msg timestamp="20231228 16:18:36.336" level="INFO">Typing text 'standard_user' into text field 'id:user-name'.</msg>
<status status="PASS" starttime="20231228 16:18:36.336" endtime="20231228 16:18:36.525"/>
</kw>
<status status="PASS" starttime="20231228 16:18:36.335" endtime="20231228 16:18:36.525"/>
</kw>
<kw name="Enter Password" library="login">
<arg>${valid_password}</arg>
<kw name="Input Text" library="SeleniumLibrary">
<arg>${LoginPassword}</arg>
<arg>${password}</arg>
<doc>Types the given ``text`` into the text field identified by ``locator``.</doc>
<msg timestamp="20231228 16:18:36.527" level="INFO">Typing text 'secret_sauce' into text field 'id:password'.</msg>
<status status="PASS" starttime="20231228 16:18:36.526" endtime="20231228 16:18:36.636"/>
</kw>
<status status="PASS" starttime="20231228 16:18:36.526" endtime="20231228 16:18:36.636"/>
</kw>
<kw name="Click SignIn" library="login">
<kw name="Click Element" library="SeleniumLibrary">
<arg>${loginbutton}</arg>
<doc>Click the element identified by ``locator``.</doc>
<msg timestamp="20231228 16:18:36.637" level="INFO">Clicking element 'id:login-button'.</msg>
<status status="PASS" starttime="20231228 16:18:36.637" endtime="20231228 16:18:36.911"/>
</kw>
<status status="PASS" starttime="20231228 16:18:36.636" endtime="20231228 16:18:36.911"/>
</kw>
<status status="PASS" starttime="20231228 16:18:30.300" endtime="20231228 16:18:36.911"/>
</kw>
<kw name="Click Element" library="SeleniumLibrary">
<arg>${AddToCart[${index}]}</arg>
<doc>Click the element identified by ``locator``.</doc>
<msg timestamp="20231228 16:18:36.914" level="INFO">Clicking element 'id:add-to-cart-sauce-labs-bolt-t-shirt'.</msg>
<status status="PASS" starttime="20231228 16:18:36.912" endtime="20231228 16:18:37.136"/>
</kw>
<kw name="Click Cart" library="Products">
<kw name="Click Element" library="SeleniumLibrary">
<arg>${ShoppingCart}</arg>
<doc>Click the element identified by ``locator``.</doc>
<msg timestamp="20231228 16:18:37.137" level="INFO">Clicking element 'id:shopping_cart_container'.</msg>
<status status="PASS" starttime="20231228 16:18:37.137" endtime="20231228 16:18:37.382"/>
</kw>
<status status="PASS" starttime="20231228 16:18:37.136" endtime="20231228 16:18:37.382"/>
</kw>
<kw name="Checkout" library="ShoppingCart">
<kw name="Click Element" library="SeleniumLibrary">
<arg>${Checkout}</arg>
<doc>Click the element identified by ``locator``.</doc>
<msg timestamp="20231228 16:18:37.384" level="INFO">Clicking element 'id:checkout'.</msg>
<status status="PASS" starttime="20231228 16:18:37.383" endtime="20231228 16:18:37.613"/>
</kw>
<status status="PASS" starttime="20231228 16:18:37.382" endtime="20231228 16:18:37.613"/>
</kw>
<kw name="Input FirstName" library="ConfirmationInformation">
<arg>${FirstName}</arg>
<kw name="Input Text" library="SeleniumLibrary">
<arg>${InputFName}</arg>
<arg>${FirstName}</arg>
<doc>Types the given ``text`` into the text field identified by ``locator``.</doc>
<msg timestamp="20231228 16:18:37.617" level="INFO">Typing text 'John' into text field 'id:first-name'.</msg>
<status status="PASS" starttime="20231228 16:18:37.615" endtime="20231228 16:18:37.686"/>
</kw>
<status status="PASS" starttime="20231228 16:18:37.614" endtime="20231228 16:18:37.686"/>
</kw>
<kw name="Input LastName" library="ConfirmationInformation">
<arg>${LastName}</arg>
<kw name="Input Text" library="SeleniumLibrary">
<arg>${InputLName}</arg>
<arg>${LastName}</arg>
<doc>Types the given ``text`` into the text field identified by ``locator``.</doc>
<msg timestamp="20231228 16:18:37.688" level="INFO">Typing text 'Smith' into text field 'id:last-name'.</msg>
<status status="PASS" starttime="20231228 16:18:37.686" endtime="20231228 16:18:37.718"/>
</kw>
<status status="PASS" starttime="20231228 16:18:37.686" endtime="20231228 16:18:37.718"/>
</kw>
<kw name="Input Zip" library="ConfirmationInformation">
<arg>${zcode}</arg>
<kw name="Input Text" library="SeleniumLibrary">
<arg>${ZipCode}</arg>
<arg>${zcode}</arg>
<doc>Types the given ``text`` into the text field identified by ``locator``.</doc>
<msg timestamp="20231228 16:18:37.719" level="INFO">Typing text '321' into text field 'id:postal-code'.</msg>
<status status="PASS" starttime="20231228 16:18:37.719" endtime="20231228 16:18:37.741"/>
</kw>
<status status="PASS" starttime="20231228 16:18:37.718" endtime="20231228 16:18:37.741"/>
</kw>
<kw name="Select Continue" library="ConfirmationInformation">
<kw name="Click Element" library="SeleniumLibrary">
<arg>${ContinueButton}</arg>
<doc>Click the element identified by ``locator``.</doc>
<msg timestamp="20231228 16:18:37.743" level="INFO">Clicking element 'id:continue'.</msg>
<status status="PASS" starttime="20231228 16:18:37.742" endtime="20231228 16:18:37.968"/>
</kw>
<status status="PASS" starttime="20231228 16:18:37.741" endtime="20231228 16:18:37.968"/>
</kw>
<kw name="OverviewCheckOut" library="CheckOutOverview">
<kw name="Click Element" library="SeleniumLibrary">
<arg>${CheckoutFinishButton}</arg>
<doc>Click the element identified by ``locator``.</doc>
<msg timestamp="20231228 16:18:37.972" level="INFO">Clicking element 'id:finish'.</msg>
<status status="PASS" starttime="20231228 16:18:37.970" endtime="20231228 16:18:38.206"/>
</kw>
<status status="PASS" starttime="20231228 16:18:37.969" endtime="20231228 16:18:38.207"/>
</kw>
<kw name="VerifyItemComplete" library="Complete">
<kw name="Element Should Contain" library="SeleniumLibrary">
<arg>${CompleteMessage}</arg>
<arg>Checkout: Complete!</arg>
<doc>Verifies that element ``locator`` contains text ``expected``.</doc>
<msg timestamp="20231228 16:18:38.252" level="INFO">Element 'xpath://*[@id="header_container"]/div[2]/span' contains text 'Checkout: Complete!'.</msg>
<status status="PASS" starttime="20231228 16:18:38.208" endtime="20231228 16:18:38.252"/>
</kw>
<status status="PASS" starttime="20231228 16:18:38.207" endtime="20231228 16:18:38.252"/>
</kw>
<status status="PASS" starttime="20231228 16:18:30.300" endtime="20231228 16:18:38.253"/>
</iter>
<iter>
<var name="${index}">3</var>
<kw name="Valid Login">
<kw name="Open My Browser" library="login">
<arg>${url}</arg>
<arg>${browser}</arg>
<kw name="Open Browser" library="SeleniumLibrary">
<arg>${url}</arg>
<arg>${browser}</arg>
<doc>Opens a new browser instance to the optional ``url``.</doc>
<msg timestamp="20231228 16:18:38.256" level="INFO">Opening browser 'headlessfirefox' to base url 'https://www.saucedemo.com/'.</msg>
<status status="PASS" starttime="20231228 16:18:38.255" endtime="20231228 16:18:44.181"/>
</kw>
<kw name="Maximize Browser Window" library="SeleniumLibrary">
<doc>Maximizes current browser window.</doc>
<status status="PASS" starttime="20231228 16:18:44.181" endtime="20231228 16:18:44.189"/>
</kw>
<status status="PASS" starttime="20231228 16:18:38.254" endtime="20231228 16:18:44.189"/>
</kw>
<kw name="Enter User Name" library="login">
<arg>${valid_username}</arg>
<kw name="Input Text" library="SeleniumLibrary">
<arg>${LoginUserName}</arg>
<arg>${username}</arg>
<doc>Types the given ``text`` into the text field identified by ``locator``.</doc>
<msg timestamp="20231228 16:18:44.191" level="INFO">Typing text 'standard_user' into text field 'id:user-name'.</msg>
<status status="PASS" starttime="20231228 16:18:44.190" endtime="20231228 16:18:44.297"/>
</kw>
<status status="PASS" starttime="20231228 16:18:44.189" endtime="20231228 16:18:44.297"/>
</kw>
<kw name="Enter Password" library="login">
<arg>${valid_password}</arg>
<kw name="Input Text" library="SeleniumLibrary">
<arg>${LoginPassword}</arg>
<arg>${password}</arg>
<doc>Types the given ``text`` into the text field identified by ``locator``.</doc>
<msg timestamp="20231228 16:18:44.299" level="INFO">Typing text 'secret_sauce' into text field 'id:password'.</msg>
<status status="PASS" starttime="20231228 16:18:44.298" endtime="20231228 16:18:44.395"/>
</kw>
<status status="PASS" starttime="20231228 16:18:44.297" endtime="20231228 16:18:44.395"/>
</kw>
<kw name="Click SignIn" library="login">
<kw name="Click Element" library="SeleniumLibrary">
<arg>${loginbutton}</arg>
<doc>Click the element identified by ``locator``.</doc>
<msg timestamp="20231228 16:18:44.397" level="INFO">Clicking element 'id:login-button'.</msg>
<status status="PASS" starttime="20231228 16:18:44.396" endtime="20231228 16:18:44.664"/>
</kw>
<status status="PASS" starttime="20231228 16:18:44.396" endtime="20231228 16:18:44.664"/>
</kw>
<status status="PASS" starttime="20231228 16:18:38.253" endtime="20231228 16:18:44.664"/>
</kw>
<kw name="Click Element" library="SeleniumLibrary">
<arg>${AddToCart[${index}]}</arg>
<doc>Click the element identified by ``locator``.</doc>
<msg timestamp="20231228 16:18:44.668" level="INFO">Clicking element 'id:add-to-cart-sauce-labs-fleece-jacket'.</msg>
<status status="PASS" starttime="20231228 16:18:44.665" endtime="20231228 16:18:44.886"/>
</kw>
<kw name="Click Cart" library="Products">
<kw name="Click Element" library="SeleniumLibrary">
<arg>${ShoppingCart}</arg>
<doc>Click the element identified by ``locator``.</doc>
<msg timestamp="20231228 16:18:44.890" level="INFO">Clicking element 'id:shopping_cart_container'.</msg>
<status status="PASS" starttime="20231228 16:18:44.888" endtime="20231228 16:18:45.160"/>
</kw>
<status status="PASS" starttime="20231228 16:18:44.887" endtime="20231228 16:18:45.161"/>
</kw>
<kw name="Checkout" library="ShoppingCart">
<kw name="Click Element" library="SeleniumLibrary">
<arg>${Checkout}</arg>
<doc>Click the element identified by ``locator``.</doc>
<msg timestamp="20231228 16:18:45.162" level="INFO">Clicking element 'id:checkout'.</msg>
<status status="PASS" starttime="20231228 16:18:45.161" endtime="20231228 16:18:45.405"/>
</kw>
<status status="PASS" starttime="20231228 16:18:45.161" endtime="20231228 16:18:45.405"/>
</kw>
<kw name="Input FirstName" library="ConfirmationInformation">
<arg>${FirstName}</arg>
<kw name="Input Text" library="SeleniumLibrary">
<arg>${InputFName}</arg>
<arg>${FirstName}</arg>
<doc>Types the given ``text`` into the text field identified by ``locator``.</doc>
<msg timestamp="20231228 16:18:45.406" level="INFO">Typing text 'John' into text field 'id:first-name'.</msg>
<status status="PASS" starttime="20231228 16:18:45.406" endtime="20231228 16:18:45.452"/>
</kw>
<status status="PASS" starttime="20231228 16:18:45.405" endtime="20231228 16:18:45.453"/>
</kw>
<kw name="Input LastName" library="ConfirmationInformation">
<arg>${LastName}</arg>
<kw name="Input Text" library="SeleniumLibrary">
<arg>${InputLName}</arg>
<arg>${LastName}</arg>
<doc>Types the given ``text`` into the text field identified by ``locator``.</doc>
<msg timestamp="20231228 16:18:45.454" level="INFO">Typing text 'Smith' into text field 'id:last-name'.</msg>
<status status="PASS" starttime="20231228 16:18:45.453" endtime="20231228 16:18:45.480"/>
</kw>
<status status="PASS" starttime="20231228 16:18:45.453" endtime="20231228 16:18:45.480"/>
</kw>
<kw name="Input Zip" library="ConfirmationInformation">
<arg>${zcode}</arg>
<kw name="Input Text" library="SeleniumLibrary">
<arg>${ZipCode}</arg>
<arg>${zcode}</arg>
<doc>Types the given ``text`` into the text field identified by ``locator``.</doc>
<msg timestamp="20231228 16:18:45.481" level="INFO">Typing text '321' into text field 'id:postal-code'.</msg>
<status status="PASS" starttime="20231228 16:18:45.481" endtime="20231228 16:18:45.502"/>
</kw>
<status status="PASS" starttime="20231228 16:18:45.480" endtime="20231228 16:18:45.502"/>
</kw>
<kw name="Select Continue" library="ConfirmationInformation">
<kw name="Click Element" library="SeleniumLibrary">
<arg>${ContinueButton}</arg>
<doc>Click the element identified by ``locator``.</doc>
<msg timestamp="20231228 16:18:45.503" level="INFO">Clicking element 'id:continue'.</msg>
<status status="PASS" starttime="20231228 16:18:45.503" endtime="20231228 16:18:45.726"/>
</kw>
<status status="PASS" starttime="20231228 16:18:45.503" endtime="20231228 16:18:45.726"/>
</kw>
<kw name="OverviewCheckOut" library="CheckOutOverview">
<kw name="Click Element" library="SeleniumLibrary">
<arg>${CheckoutFinishButton}</arg>
<doc>Click the element identified by ``locator``.</doc>
<msg timestamp="20231228 16:18:45.733" level="INFO">Clicking element 'id:finish'.</msg>
<status status="PASS" starttime="20231228 16:18:45.729" endtime="20231228 16:18:45.970"/>
</kw>
<status status="PASS" starttime="20231228 16:18:45.727" endtime="20231228 16:18:45.971"/>
</kw>
<kw name="VerifyItemComplete" library="Complete">
<kw name="Element Should Contain" library="SeleniumLibrary">
<arg>${CompleteMessage}</arg>
<arg>Checkout: Complete!</arg>
<doc>Verifies that element ``locator`` contains text ``expected``.</doc>
<msg timestamp="20231228 16:18:46.023" level="INFO">Element 'xpath://*[@id="header_container"]/div[2]/span' contains text 'Checkout: Complete!'.</msg>
<status status="PASS" starttime="20231228 16:18:45.973" endtime="20231228 16:18:46.023"/>
</kw>
<status status="PASS" starttime="20231228 16:18:45.972" endtime="20231228 16:18:46.023"/>
</kw>
<status status="PASS" starttime="20231228 16:18:38.253" endtime="20231228 16:18:46.023"/>
</iter>
<iter>
<var name="${index}">4</var>
<kw name="Valid Login">
<kw name="Open My Browser" library="login">
<arg>${url}</arg>
<arg>${browser}</arg>
<kw name="Open Browser" library="SeleniumLibrary">
<arg>${url}</arg>
<arg>${browser}</arg>
<doc>Opens a new browser instance to the optional ``url``.</doc>
<msg timestamp="20231228 16:18:46.027" level="INFO">Opening browser 'headlessfirefox' to base url 'https://www.saucedemo.com/'.</msg>
<status status="PASS" starttime="20231228 16:18:46.026" endtime="20231228 16:18:52.910"/>
</kw>
<kw name="Maximize Browser Window" library="SeleniumLibrary">
<doc>Maximizes current browser window.</doc>
<status status="PASS" starttime="20231228 16:18:52.910" endtime="20231228 16:18:52.913"/>
</kw>
<status status="PASS" starttime="20231228 16:18:46.025" endtime="20231228 16:18:52.913"/>
</kw>
<kw name="Enter User Name" library="login">
<arg>${valid_username}</arg>
<kw name="Input Text" library="SeleniumLibrary">
<arg>${LoginUserName}</arg>
<arg>${username}</arg>
<doc>Types the given ``text`` into the text field identified by ``locator``.</doc>
<msg timestamp="20231228 16:18:52.914" level="INFO">Typing text 'standard_user' into text field 'id:user-name'.</msg>
<status status="PASS" starttime="20231228 16:18:52.913" endtime="20231228 16:18:53.005"/>
</kw>
<status status="PASS" starttime="20231228 16:18:52.913" endtime="20231228 16:18:53.005"/>
</kw>
<kw name="Enter Password" library="login">
<arg>${valid_password}</arg>
<kw name="Input Text" library="SeleniumLibrary">
<arg>${LoginPassword}</arg>
<arg>${password}</arg>
<doc>Types the given ``text`` into the text field identified by ``locator``.</doc>
<msg timestamp="20231228 16:18:53.006" level="INFO">Typing text 'secret_sauce' into text field 'id:password'.</msg>
<status status="PASS" starttime="20231228 16:18:53.006" endtime="20231228 16:18:53.040"/>
</kw>
<status status="PASS" starttime="20231228 16:18:53.005" endtime="20231228 16:18:53.040"/>
</kw>
<kw name="Click SignIn" library="login">
<kw name="Click Element" library="SeleniumLibrary">
<arg>${loginbutton}</arg>
<doc>Click the element identified by ``locator``.</doc>
<msg timestamp="20231228 16:18:53.041" level="INFO">Clicking element 'id:login-button'.</msg>
<status status="PASS" starttime="20231228 16:18:53.040" endtime="20231228 16:18:53.309"/>
</kw>
<status status="PASS" starttime="20231228 16:18:53.040" endtime="20231228 16:18:53.309"/>
</kw>
<status status="PASS" starttime="20231228 16:18:46.024" endtime="20231228 16:18:53.310"/>
</kw>
<kw name="Click Element" library="SeleniumLibrary">
<arg>${AddToCart[${index}]}</arg>
<doc>Click the element identified by ``locator``.</doc>
<msg timestamp="20231228 16:18:53.311" level="INFO">Clicking element 'id:add-to-cart-sauce-labs-onesie'.</msg>
<status status="PASS" starttime="20231228 16:18:53.310" endtime="20231228 16:18:53.530"/>
</kw>
<kw name="Click Cart" library="Products">
<kw name="Click Element" library="SeleniumLibrary">
<arg>${ShoppingCart}</arg>
<doc>Click the element identified by ``locator``.</doc>
<msg timestamp="20231228 16:18:53.533" level="INFO">Clicking element 'id:shopping_cart_container'.</msg>
<status status="PASS" starttime="20231228 16:18:53.531" endtime="20231228 16:18:53.778"/>
</kw>
<status status="PASS" starttime="20231228 16:18:53.530" endtime="20231228 16:18:53.778"/>
</kw>
<kw name="Checkout" library="ShoppingCart">
<kw name="Click Element" library="SeleniumLibrary">
<arg>${Checkout}</arg>
<doc>Click the element identified by ``locator``.</doc>
<msg timestamp="20231228 16:18:53.782" level="INFO">Clicking element 'id:checkout'.</msg>
<status status="PASS" starttime="20231228 16:18:53.780" endtime="20231228 16:18:54.023"/>
</kw>
<status status="PASS" starttime="20231228 16:18:53.779" endtime="20231228 16:18:54.023"/>
</kw>
<kw name="Input FirstName" library="ConfirmationInformation">
<arg>${FirstName}</arg>
<kw name="Input Text" library="SeleniumLibrary">
<arg>${InputFName}</arg>
<arg>${FirstName}</arg>
<doc>Types the given ``text`` into the text field identified by ``locator``.</doc>
<msg timestamp="20231228 16:18:54.029" level="INFO">Typing text 'John' into text field 'id:first-name'.</msg>
<status status="PASS" starttime="20231228 16:18:54.026" endtime="20231228 16:18:54.086"/>
</kw>
<status status="PASS" starttime="20231228 16:18:54.024" endtime="20231228 16:18:54.086"/>
</kw>
<kw name="Input LastName" library="ConfirmationInformation">
<arg>${LastName}</arg>
<kw name="Input Text" library="SeleniumLibrary">
<arg>${InputLName}</arg>
<arg>${LastName}</arg>
<doc>Types the given ``text`` into the text field identified by ``locator``.</doc>
<msg timestamp="20231228 16:18:54.088" level="INFO">Typing text 'Smith' into text field 'id:last-name'.</msg>
<status status="PASS" starttime="20231228 16:18:54.087" endtime="20231228 16:18:54.147"/>
</kw>
<status status="PASS" starttime="20231228 16:18:54.087" endtime="20231228 16:18:54.148"/>
</kw>
<kw name="Input Zip" library="ConfirmationInformation">
<arg>${zcode}</arg>
<kw name="Input Text" library="SeleniumLibrary">
<arg>${ZipCode}</arg>
<arg>${zcode}</arg>
<doc>Types the given ``text`` into the text field identified by ``locator``.</doc>
<msg timestamp="20231228 16:18:54.150" level="INFO">Typing text '321' into text field 'id:postal-code'.</msg>
<status status="PASS" starttime="20231228 16:18:54.149" endtime="20231228 16:18:54.174"/>
</kw>
<status status="PASS" starttime="20231228 16:18:54.148" endtime="20231228 16:18:54.174"/>
</kw>
<kw name="Select Continue" library="ConfirmationInformation">
<kw name="Click Element" library="SeleniumLibrary">
<arg>${ContinueButton}</arg>
<doc>Click the element identified by ``locator``.</doc>
<msg timestamp="20231228 16:18:54.176" level="INFO">Clicking element 'id:continue'.</msg>
<status status="PASS" starttime="20231228 16:18:54.175" endtime="20231228 16:18:54.419"/>
</kw>
<status status="PASS" starttime="20231228 16:18:54.175" endtime="20231228 16:18:54.419"/>
</kw>
<kw name="OverviewCheckOut" library="CheckOutOverview">
<kw name="Click Element" library="SeleniumLibrary">
<arg>${CheckoutFinishButton}</arg>
<doc>Click the element identified by ``locator``.</doc>
<msg timestamp="20231228 16:18:54.420" level="INFO">Clicking element 'id:finish'.</msg>
<status status="PASS" starttime="20231228 16:18:54.419" endtime="20231228 16:18:54.669"/>
</kw>
<status status="PASS" starttime="20231228 16:18:54.419" endtime="20231228 16:18:54.670"/>
</kw>
<kw name="VerifyItemComplete" library="Complete">
<kw name="Element Should Contain" library="SeleniumLibrary">
<arg>${CompleteMessage}</arg>
<arg>Checkout: Complete!</arg>
<doc>Verifies that element ``locator`` contains text ``expected``.</doc>
<msg timestamp="20231228 16:18:54.721" level="INFO">Element 'xpath://*[@id="header_container"]/div[2]/span' contains text 'Checkout: Complete!'.</msg>
<status status="PASS" starttime="20231228 16:18:54.672" endtime="20231228 16:18:54.721"/>
</kw>
<status status="PASS" starttime="20231228 16:18:54.670" endtime="20231228 16:18:54.721"/>
</kw>
<status status="PASS" starttime="20231228 16:18:46.024" endtime="20231228 16:18:54.721"/>
</iter>
<iter>
<var name="${index}">5</var>
<kw name="Valid Login">
<kw name="Open My Browser" library="login">
<arg>${url}</arg>
<arg>${browser}</arg>
<kw name="Open Browser" library="SeleniumLibrary">
<arg>${url}</arg>
<arg>${browser}</arg>
<doc>Opens a new browser instance to the optional ``url``.</doc>
<msg timestamp="20231228 16:18:54.723" level="INFO">Opening browser 'headlessfirefox' to base url 'https://www.saucedemo.com/'.</msg>
<status status="PASS" starttime="20231228 16:18:54.723" endtime="20231228 16:19:00.756"/>
</kw>
<kw name="Maximize Browser Window" library="SeleniumLibrary">
<doc>Maximizes current browser window.</doc>
<status status="PASS" starttime="20231228 16:19:00.756" endtime="20231228 16:19:00.760"/>
</kw>
<status status="PASS" starttime="20231228 16:18:54.722" endtime="20231228 16:19:00.760"/>
</kw>
<kw name="Enter User Name" library="login">
<arg>${valid_username}</arg>
<kw name="Input Text" library="SeleniumLibrary">
<arg>${LoginUserName}</arg>
<arg>${username}</arg>
<doc>Types the given ``text`` into the text field identified by ``locator``.</doc>
<msg timestamp="20231228 16:19:00.761" level="INFO">Typing text 'standard_user' into text field 'id:user-name'.</msg>
<status status="PASS" starttime="20231228 16:19:00.761" endtime="20231228 16:19:00.896"/>
</kw>
<status status="PASS" starttime="20231228 16:19:00.760" endtime="20231228 16:19:00.896"/>
</kw>
<kw name="Enter Password" library="login">
<arg>${valid_password}</arg>
<kw name="Input Text" library="SeleniumLibrary">
<arg>${LoginPassword}</arg>
<arg>${password}</arg>
<doc>Types the given ``text`` into the text field identified by ``locator``.</doc>
<msg timestamp="20231228 16:19:00.898" level="INFO">Typing text 'secret_sauce' into text field 'id:password'.</msg>
<status status="PASS" starttime="20231228 16:19:00.897" endtime="20231228 16:19:00.991"/>
</kw>
<status status="PASS" starttime="20231228 16:19:00.897" endtime="20231228 16:19:00.991"/>
</kw>
<kw name="Click SignIn" library="login">
<kw name="Click Element" library="SeleniumLibrary">
<arg>${loginbutton}</arg>
<doc>Click the element identified by ``locator``.</doc>
<msg timestamp="20231228 16:19:00.993" level="INFO">Clicking element 'id:login-button'.</msg>
<status status="PASS" starttime="20231228 16:19:00.992" endtime="20231228 16:19:01.265"/>
</kw>
<status status="PASS" starttime="20231228 16:19:00.992" endtime="20231228 16:19:01.266"/>
</kw>
<status status="PASS" starttime="20231228 16:18:54.722" endtime="20231228 16:19:01.266"/>
</kw>
<kw name="Click Element" library="SeleniumLibrary">
<arg>${AddToCart[${index}]}</arg>
<doc>Click the element identified by ``locator``.</doc>
<msg timestamp="20231228 16:19:01.271" level="INFO">Clicking element 'id:add-to-cart-test.allthethings()-t-shirt-(red)'.</msg>
<status status="PASS" starttime="20231228 16:19:01.267" endtime="20231228 16:19:01.514"/>
</kw>
<kw name="Click Cart" library="Products">
<kw name="Click Element" library="SeleniumLibrary">
<arg>${ShoppingCart}</arg>
<doc>Click the element identified by ``locator``.</doc>
<msg timestamp="20231228 16:19:01.515" level="INFO">Clicking element 'id:shopping_cart_container'.</msg>
<status status="PASS" starttime="20231228 16:19:01.514" endtime="20231228 16:19:01.752"/>
</kw>
<status status="PASS" starttime="20231228 16:19:01.514" endtime="20231228 16:19:01.753"/>
</kw>
<kw name="Checkout" library="ShoppingCart">
<kw name="Click Element" library="SeleniumLibrary">
<arg>${Checkout}</arg>
<doc>Click the element identified by ``locator``.</doc>
<msg timestamp="20231228 16:19:01.757" level="INFO">Clicking element 'id:checkout'.</msg>
<status status="PASS" starttime="20231228 16:19:01.755" endtime="20231228 16:19:01.996"/>
</kw>
<status status="PASS" starttime="20231228 16:19:01.753" endtime="20231228 16:19:01.996"/>
</kw>
<kw name="Input FirstName" library="ConfirmationInformation">
<arg>${FirstName}</arg>
<kw name="Input Text" library="SeleniumLibrary">
<arg>${InputFName}</arg>
<arg>${FirstName}</arg>
<doc>Types the given ``text`` into the text field identified by ``locator``.</doc>
<msg timestamp="20231228 16:19:01.997" level="INFO">Typing text 'John' into text field 'id:first-name'.</msg>
<status status="PASS" starttime="20231228 16:19:01.997" endtime="20231228 16:19:02.026"/>
</kw>
<status status="PASS" starttime="20231228 16:19:01.996" endtime="20231228 16:19:02.026"/>
</kw>
<kw name="Input LastName" library="ConfirmationInformation">
<arg>${LastName}</arg>
<kw name="Input Text" library="SeleniumLibrary">
<arg>${InputLName}</arg>
<arg>${LastName}</arg>
<doc>Types the given ``text`` into the text field identified by ``locator``.</doc>
<msg timestamp="20231228 16:19:02.028" level="INFO">Typing text 'Smith' into text field 'id:last-name'.</msg>
<status status="PASS" starttime="20231228 16:19:02.027" endtime="20231228 16:19:02.057"/>
</kw>
<status status="PASS" starttime="20231228 16:19:02.026" endtime="20231228 16:19:02.057"/>
</kw>
<kw name="Input Zip" library="ConfirmationInformation">
<arg>${zcode}</arg>
<kw name="Input Text" library="SeleniumLibrary">
<arg>${ZipCode}</arg>
<arg>${zcode}</arg>
<doc>Types the given ``text`` into the text field identified by ``locator``.</doc>
<msg timestamp="20231228 16:19:02.058" level="INFO">Typing text '321' into text field 'id:postal-code'.</msg>
<status status="PASS" starttime="20231228 16:19:02.057" endtime="20231228 16:19:02.076"/>
</kw>
<status status="PASS" starttime="20231228 16:19:02.057" endtime="20231228 16:19:02.076"/>
</kw>
<kw name="Select Continue" library="ConfirmationInformation">
<kw name="Click Element" library="SeleniumLibrary">
<arg>${ContinueButton}</arg>
<doc>Click the element identified by ``locator``.</doc>
<msg timestamp="20231228 16:19:02.077" level="INFO">Clicking element 'id:continue'.</msg>
<status status="PASS" starttime="20231228 16:19:02.076" endtime="20231228 16:19:02.302"/>
</kw>
<status status="PASS" starttime="20231228 16:19:02.076" endtime="20231228 16:19:02.303"/>
</kw>
<kw name="OverviewCheckOut" library="CheckOutOverview">
<kw name="Click Element" library="SeleniumLibrary">
<arg>${CheckoutFinishButton}</arg>
<doc>Click the element identified by ``locator``.</doc>
<msg timestamp="20231228 16:19:02.305" level="INFO">Clicking element 'id:finish'.</msg>
<status status="PASS" starttime="20231228 16:19:02.304" endtime="20231228 16:19:02.545"/>
</kw>
<status status="PASS" starttime="20231228 16:19:02.303" endtime="20231228 16:19:02.545"/>
</kw>
<kw name="VerifyItemComplete" library="Complete">
<kw name="Element Should Contain" library="SeleniumLibrary">
<arg>${CompleteMessage}</arg>
<arg>Checkout: Complete!</arg>
<doc>Verifies that element ``locator`` contains text ``expected``.</doc>
<msg timestamp="20231228 16:19:02.575" level="INFO">Element 'xpath://*[@id="header_container"]/div[2]/span' contains text 'Checkout: Complete!'.</msg>
<status status="PASS" starttime="20231228 16:19:02.546" endtime="20231228 16:19:02.575"/>
</kw>
<status status="PASS" starttime="20231228 16:19:02.545" endtime="20231228 16:19:02.575"/>
</kw>
<status status="PASS" starttime="20231228 16:18:54.721" endtime="20231228 16:19:02.575"/>
</iter>
<status status="PASS" starttime="20231228 16:18:14.635" endtime="20231228 16:19:02.575"/>
</for>
<status status="PASS" starttime="20231228 16:18:14.635" endtime="20231228 16:19:02.576"/>
</test>
<kw name="Close All Browsers" library="SeleniumLibrary" type="TEARDOWN">
<doc>Closes all open browsers and resets the browser cache.</doc>
<status status="PASS" starttime="20231228 16:19:02.577" endtime="20231228 16:19:45.456"/>
</kw>
<status status="PASS" starttime="20231228 16:18:14.390" endtime="20231228 16:19:45.457"/>
</suite>
<doc>[https://pabot.org/?ref=log|Pabot] result from 4 executions.</doc>
<status status="PASS" starttime="20231228 16:17:15.089" endtime="20231228 16:19:45.461"/>
</suite>
<statistics>
<total>
<stat pass="15" fail="0" skip="0">All Tests</stat>
</total>
<tag>
</tag>
<suite>
<stat pass="15" fail="0" skip="0" id="s1" name="Suites">Suites</stat>
<stat pass="5" fail="0" skip="0" id="s1-s1" name="LoginTestChrome">Suites.LoginTestChrome</stat>
<stat pass="5" fail="0" skip="0" id="s1-s2" name="LoginTestFirefox">Suites.LoginTestFirefox</stat>
<stat pass="4" fail="0" skip="0" id="s1-s3" name="LogoutWithoutCheckout">Suites.LogoutWithoutCheckout</stat>
<stat pass="1" fail="0" skip="0" id="s1-s4" name="SuccessfullyCheckout">Suites.SuccessfullyCheckout</stat>
</suite>
</statistics>
<errors>
</errors>
</robot>
