<?xml version="1.0" encoding="UTF-8"?>
<robot generator="Robot 6.1.1 (Python 3.12.0 on win32)" generated="20231228 16:17:15.077" rpa="false" schemaversion="4">
<suite id="s1" name="Suites">
<suite id="s1-s1" name="LoginTestChrome" source="C:\Users\Lei\PycharmProjects\saucedemoWebRobotAutomation\TestCases\LoginTestChrome.robot">
<test id="s1-s1-t1" name="Valid Login" line="14">
<kw name="Open My Browser" library="login">
<arg>${url}</arg>
<arg>${browser}</arg>
<kw name="Open Browser" library="SeleniumLibrary">
<arg>${url}</arg>
<arg>${browser}</arg>
<doc>Opens a new browser instance to the optional ``url``.</doc>
<msg timestamp="20231228 16:17:15.457" level="INFO">Opening browser 'headlesschrome' to base url 'https://www.saucedemo.com/'.</msg>
<status status="PASS" starttime="20231228 16:17:15.456" endtime="20231228 16:17:17.527"/>
</kw>
<kw name="Maximize Browser Window" library="SeleniumLibrary">
<doc>Maximizes current browser window.</doc>
<status status="PASS" starttime="20231228 16:17:17.527" endtime="20231228 16:17:17.646"/>
</kw>
<status status="PASS" starttime="20231228 16:17:15.456" endtime="20231228 16:17:17.646"/>
</kw>
<kw name="Enter User Name" library="login">
<arg>${valid_username}</arg>
<kw name="Input Text" library="SeleniumLibrary">
<arg>${LoginUserName}</arg>
<arg>${username}</arg>
<doc>Types the given ``text`` into the text field identified by ``locator``.</doc>
<msg timestamp="20231228 16:17:17.648" level="INFO">Typing text 'standard_user' into text field 'id:user-name'.</msg>
<status status="PASS" starttime="20231228 16:17:17.647" endtime="20231228 16:17:17.772"/>
</kw>
<status status="PASS" starttime="20231228 16:17:17.647" endtime="20231228 16:17:17.772"/>
</kw>
<kw name="Enter Password" library="login">
<arg>${valid_password}</arg>
<kw name="Input Text" library="SeleniumLibrary">
<arg>${LoginPassword}</arg>
<arg>${password}</arg>
<doc>Types the given ``text`` into the text field identified by ``locator``.</doc>
<msg timestamp="20231228 16:17:17.773" level="INFO">Typing text 'secret_sauce' into text field 'id:password'.</msg>
<status status="PASS" starttime="20231228 16:17:17.773" endtime="20231228 16:17:17.872"/>
</kw>
<status status="PASS" starttime="20231228 16:17:17.772" endtime="20231228 16:17:17.872"/>
</kw>
<kw name="Click SignIn" library="login">
<kw name="Click Element" library="SeleniumLibrary">
<arg>${loginbutton}</arg>
<doc>Click the element identified by ``locator``.</doc>
<msg timestamp="20231228 16:17:17.873" level="INFO">Clicking element 'id:login-button'.</msg>
<status status="PASS" starttime="20231228 16:17:17.873" endtime="20231228 16:17:17.962"/>
</kw>
<status status="PASS" starttime="20231228 16:17:17.873" endtime="20231228 16:17:17.962"/>
</kw>
<kw name="Verify Success Login" library="login">
<kw name="Element Should Be Visible" library="SeleniumLibrary">
<arg>xpath://*[@id="header_container"]/div[1]/div[2]/div</arg>
<doc>Verifies that the element identified by ``locator`` is visible.</doc>
<msg timestamp="20231228 16:17:18.012" level="INFO">Element 'xpath://*[@id="header_container"]/div[1]/div[2]/div' is displayed.</msg>
<status status="PASS" starttime="20231228 16:17:17.963" endtime="20231228 16:17:18.012"/>
</kw>
<status status="PASS" starttime="20231228 16:17:17.962" endtime="20231228 16:17:18.012"/>
</kw>
<status status="PASS" starttime="20231228 16:17:15.455" endtime="20231228 16:17:18.012"/>
</test>
<test id="s1-s1-t2" name="Invaid Username Login" line="21">
<kw name="Open My Browser" library="login">
<arg>${url}</arg>
<arg>${browser}</arg>
<kw name="Open Browser" library="SeleniumLibrary">
<arg>${url}</arg>
<arg>${browser}</arg>
<doc>Opens a new browser instance to the optional ``url``.</doc>
<msg timestamp="20231228 16:17:18.015" level="INFO">Opening browser 'headlesschrome' to base url 'https://www.saucedemo.com/'.</msg>
<status status="PASS" starttime="20231228 16:17:18.014" endtime="20231228 16:17:20.260"/>
</kw>
<kw name="Maximize Browser Window" library="SeleniumLibrary">
<doc>Maximizes current browser window.</doc>
<status status="PASS" starttime="20231228 16:17:20.261" endtime="20231228 16:17:20.414"/>
</kw>
<status status="PASS" starttime="20231228 16:17:18.014" endtime="20231228 16:17:20.414"/>
</kw>
<kw name="Enter User Name" library="login">
<arg>${invalid_username}</arg>
<kw name="Input Text" library="SeleniumLibrary">
<arg>${LoginUserName}</arg>
<arg>${username}</arg>
<doc>Types the given ``text`` into the text field identified by ``locator``.</doc>
<msg timestamp="20231228 16:17:20.416" level="INFO">Typing text '123' into text field 'id:user-name'.</msg>
<status status="PASS" starttime="20231228 16:17:20.415" endtime="20231228 16:17:20.610"/>
</kw>
<status status="PASS" starttime="20231228 16:17:20.414" endtime="20231228 16:17:20.610"/>
</kw>
<kw name="Enter Password" library="login">
<arg>${valid_password}</arg>
<kw name="Input Text" library="SeleniumLibrary">
<arg>${LoginPassword}</arg>
<arg>${password}</arg>
<doc>Types the given ``text`` into the text field identified by ``locator``.</doc>
<msg timestamp="20231228 16:17:20.612" level="INFO">Typing text 'secret_sauce' into text field 'id:password'.</msg>
<status status="PASS" starttime="20231228 16:17:20.611" endtime="20231228 16:17:20.728"/>
</kw>
<status status="PASS" starttime="20231228 16:17:20.610" endtime="20231228 16:17:20.728"/>
</kw>
<kw name="Click SignIn" library="login">
<kw name="Click Element" library="SeleniumLibrary">
<arg>${loginbutton}</arg>
<doc>Click the element identified by ``locator``.</doc>
<msg timestamp="20231228 16:17:20.730" level="INFO">Clicking element 'id:login-button'.</msg>
<status status="PASS" starttime="20231228 16:17:20.729" endtime="20231228 16:17:20.858"/>
</kw>
<status status="PASS" starttime="20231228 16:17:20.728" endtime="20231228 16:17:20.858"/>
</kw>
<kw name="Verify Error Message" library="login">
<kw name="Page Should Contain" library="SeleniumLibrary">
<arg>Epic sadface: Username and password do not match any user in this service</arg>
<doc>Verifies that current page contains ``text``.</doc>
<msg timestamp="20231228 16:17:20.891" level="INFO">Current page contains text 'Epic sadface: Username and password do not match any user in this service'.</msg>
<status status="PASS" starttime="20231228 16:17:20.859" endtime="20231228 16:17:20.891"/>
</kw>
<status status="PASS" starttime="20231228 16:17:20.858" endtime="20231228 16:17:20.891"/>
</kw>
<status status="PASS" starttime="20231228 16:17:18.013" endtime="20231228 16:17:20.891"/>
</test>
<test id="s1-s1-t3" name="Invaid Password Login" line="28">
<kw name="Open My Browser" library="login">
<arg>${url}</arg>
<arg>${browser}</arg>
<kw name="Open Browser" library="SeleniumLibrary">
<arg>${url}</arg>
<arg>${browser}</arg>
<doc>Opens a new browser instance to the optional ``url``.</doc>
<msg timestamp="20231228 16:17:20.895" level="INFO">Opening browser 'headlesschrome' to base url 'https://www.saucedemo.com/'.</msg>
<status status="PASS" starttime="20231228 16:17:20.894" endtime="20231228 16:17:23.875"/>
</kw>
<kw name="Maximize Browser Window" library="SeleniumLibrary">
<doc>Maximizes current browser window.</doc>
<status status="PASS" starttime="20231228 16:17:23.876" endtime="20231228 16:17:24.033"/>
</kw>
<status status="PASS" starttime="20231228 16:17:20.893" endtime="20231228 16:17:24.033"/>
</kw>
<kw name="Enter User Name" library="login">
<arg>${valid_username}</arg>
<kw name="Input Text" library="SeleniumLibrary">
<arg>${LoginUserName}</arg>
<arg>${username}</arg>
<doc>Types the given ``text`` into the text field identified by ``locator``.</doc>
<msg timestamp="20231228 16:17:24.035" level="INFO">Typing text 'standard_user' into text field 'id:user-name'.</msg>
<status status="PASS" starttime="20231228 16:17:24.034" endtime="20231228 16:17:24.300"/>
</kw>
<status status="PASS" starttime="20231228 16:17:24.033" endtime="20231228 16:17:24.300"/>
</kw>
<kw name="Enter Password" library="login">
<arg>${invalid_password}</arg>
<kw name="Input Text" library="SeleniumLibrary">
<arg>${LoginPassword}</arg>
<arg>${password}</arg>
<doc>Types the given ``text`` into the text field identified by ``locator``.</doc>
<msg timestamp="20231228 16:17:24.303" level="INFO">Typing text '@%!37' into text field 'id:password'.</msg>
<status status="PASS" starttime="20231228 16:17:24.301" endtime="20231228 16:17:24.428"/>
</kw>
<status status="PASS" starttime="20231228 16:17:24.300" endtime="20231228 16:17:24.428"/>
</kw>
<kw name="Click SignIn" library="login">
<kw name="Click Element" library="SeleniumLibrary">
<arg>${loginbutton}</arg>
<doc>Click the element identified by ``locator``.</doc>
<msg timestamp="20231228 16:17:24.430" level="INFO">Clicking element 'id:login-button'.</msg>
<status status="PASS" starttime="20231228 16:17:24.429" endtime="20231228 16:17:24.554"/>
</kw>
<status status="PASS" starttime="20231228 16:17:24.428" endtime="20231228 16:17:24.554"/>
</kw>
<kw name="Verify Error Message" library="login">
<kw name="Page Should Contain" library="SeleniumLibrary">
<arg>Epic sadface: Username and password do not match any user in this service</arg>
<doc>Verifies that current page contains ``text``.</doc>
<msg timestamp="20231228 16:17:24.583" level="INFO">Current page contains text 'Epic sadface: Username and password do not match any user in this service'.</msg>
<status status="PASS" starttime="20231228 16:17:24.560" endtime="20231228 16:17:24.584"/>
</kw>
<status status="PASS" starttime="20231228 16:17:24.554" endtime="20231228 16:17:24.584"/>
</kw>
<status status="PASS" starttime="20231228 16:17:20.892" endtime="20231228 16:17:24.584"/>
</test>
<test id="s1-s1-t4" name="Blank Username Login" line="35">
<kw name="Open My Browser" library="login">
<arg>${url}</arg>
<arg>${browser}</arg>
<kw name="Open Browser" library="SeleniumLibrary">
<arg>${url}</arg>
<arg>${browser}</arg>
<doc>Opens a new browser instance to the optional ``url``.</doc>
<msg timestamp="20231228 16:17:24.587" level="INFO">Opening browser 'headlesschrome' to base url 'https://www.saucedemo.com/'.</msg>
<status status="PASS" starttime="20231228 16:17:24.586" endtime="20231228 16:17:26.956"/>
</kw>
<kw name="Maximize Browser Window" library="SeleniumLibrary">
<doc>Maximizes current browser window.</doc>
<status status="PASS" starttime="20231228 16:17:26.957" endtime="20231228 16:17:27.077"/>
</kw>
<status status="PASS" starttime="20231228 16:17:24.585" endtime="20231228 16:17:27.078"/>
</kw>
<kw name="Enter User Name" library="login">
<arg>${EMPTY}</arg>
<kw name="Input Text" library="SeleniumLibrary">
<arg>${LoginUserName}</arg>
<arg>${username}</arg>
<doc>Types the given ``text`` into the text field identified by ``locator``.</doc>
<msg timestamp="20231228 16:17:27.080" level="INFO">Typing text '' into text field 'id:user-name'.</msg>
<status status="PASS" starttime="20231228 16:17:27.079" endtime="20231228 16:17:27.181"/>
</kw>
<status status="PASS" starttime="20231228 16:17:27.078" endtime="20231228 16:17:27.181"/>
</kw>
<kw name="Enter Password" library="login">
<arg>${valid_password}</arg>
<kw name="Input Text" library="SeleniumLibrary">
<arg>${LoginPassword}</arg>
<arg>${password}</arg>
<doc>Types the given ``text`` into the text field identified by ``locator``.</doc>
<msg timestamp="20231228 16:17:27.182" level="INFO">Typing text 'secret_sauce' into text field 'id:password'.</msg>
<status status="PASS" starttime="20231228 16:17:27.182" endtime="20231228 16:17:27.301"/>
</kw>
<status status="PASS" starttime="20231228 16:17:27.181" endtime="20231228 16:17:27.301"/>
</kw>
<kw name="Click SignIn" library="login">
<kw name="Click Element" library="SeleniumLibrary">
<arg>${loginbutton}</arg>
<doc>Click the element identified by ``locator``.</doc>
<msg timestamp="20231228 16:17:27.303" level="INFO">Clicking element 'id:login-button'.</msg>
<status status="PASS" starttime="20231228 16:17:27.302" endtime="20231228 16:17:27.390"/>
</kw>
<status status="PASS" starttime="20231228 16:17:27.302" endtime="20231228 16:17:27.390"/>
</kw>
<kw name="Verify Username Error Message" library="login">
<kw name="Page Should Contain" library="SeleniumLibrary">
<arg>Epic sadface: Username is required</arg>
<doc>Verifies that current page contains ``text``.</doc>
<msg timestamp="20231228 16:17:27.418" level="INFO">Current page contains text 'Epic sadface: Username is required'.</msg>
<status status="PASS" starttime="20231228 16:17:27.391" endtime="20231228 16:17:27.418"/>
</kw>
<status status="PASS" starttime="20231228 16:17:27.391" endtime="20231228 16:17:27.418"/>
</kw>
<status status="PASS" starttime="20231228 16:17:24.585" endtime="20231228 16:17:27.419"/>
</test>
<test id="s1-s1-t5" name="Blank Password Login" line="42">
<kw name="Open My Browser" library="login">
<arg>${url}</arg>
<arg>${browser}</arg>
<kw name="Open Browser" library="SeleniumLibrary">
<arg>${url}</arg>
<arg>${browser}</arg>
<doc>Opens a new browser instance to the optional ``url``.</doc>
<msg timestamp="20231228 16:17:27.421" level="INFO">Opening browser 'headlesschrome' to base url 'https://www.saucedemo.com/'.</msg>
<status status="PASS" starttime="20231228 16:17:27.421" endtime="20231228 16:17:30.055"/>
</kw>
<kw name="Maximize Browser Window" library="SeleniumLibrary">
<doc>Maximizes current browser window.</doc>
<status status="PASS" starttime="20231228 16:17:30.055" endtime="20231228 16:17:30.182"/>
</kw>
<status status="PASS" starttime="20231228 16:17:27.420" endtime="20231228 16:17:30.182"/>
</kw>
<kw name="Enter User Name" library="login">
<arg>${valid_username}</arg>
<kw name="Input Text" library="SeleniumLibrary">
<arg>${LoginUserName}</arg>
<arg>${username}</arg>
<doc>Types the given ``text`` into the text field identified by ``locator``.</doc>
<msg timestamp="20231228 16:17:30.184" level="INFO">Typing text 'standard_user' into text field 'id:user-name'.</msg>
<status status="PASS" starttime="20231228 16:17:30.183" endtime="20231228 16:17:30.353"/>
</kw>
<status status="PASS" starttime="20231228 16:17:30.182" endtime="20231228 16:17:30.353"/>
</kw>
<kw name="Enter Password" library="login">
<arg>${EMPTY}</arg>
<kw name="Input Text" library="SeleniumLibrary">
<arg>${LoginPassword}</arg>
<arg>${password}</arg>
<doc>Types the given ``text`` into the text field identified by ``locator``.</doc>
<msg timestamp="20231228 16:17:30.356" level="INFO">Typing text '' into text field 'id:password'.</msg>
<status status="PASS" starttime="20231228 16:17:30.355" endtime="20231228 16:17:30.441"/>
</kw>
<status status="PASS" starttime="20231228 16:17:30.353" endtime="20231228 16:17:30.441"/>
</kw>
<kw name="Click SignIn" library="login">
<kw name="Click Element" library="SeleniumLibrary">
<arg>${loginbutton}</arg>
<doc>Click the element identified by ``locator``.</doc>
<msg timestamp="20231228 16:17:30.443" level="INFO">Clicking element 'id:login-button'.</msg>
<status status="PASS" starttime="20231228 16:17:30.442" endtime="20231228 16:17:30.530"/>
</kw>
<status status="PASS" starttime="20231228 16:17:30.441" endtime="20231228 16:17:30.530"/>
</kw>
<kw name="Verify Password Error Message" library="login">
<kw name="Page Should Contain" library="SeleniumLibrary">
<arg>Epic sadface: Password is required</arg>
<doc>Verifies that current page contains ``text``.</doc>
<msg timestamp="20231228 16:17:30.555" level="INFO">Current page contains text 'Epic sadface: Password is required'.</msg>
<status status="PASS" starttime="20231228 16:17:30.531" endtime="20231228 16:17:30.555"/>
</kw>
<status status="PASS" starttime="20231228 16:17:30.530" endtime="20231228 16:17:30.555"/>
</kw>
<status status="PASS" starttime="20231228 16:17:27.419" endtime="20231228 16:17:30.555"/>
</test>
<kw name="Close All Browsers" library="SeleniumLibrary" type="TEARDOWN">
<doc>Closes all open browsers and resets the browser cache.</doc>
<status status="PASS" starttime="20231228 16:17:30.556" endtime="20231228 16:18:02.568"/>
</kw>
<status status="PASS" starttime="20231228 16:17:15.122" endtime="20231228 16:18:02.568"/>
</suite>
<status status="PASS" starttime="20231228 16:17:15.091" endtime="20231228 16:18:02.570"/>
</suite>
<statistics>
<total>
<stat pass="5" fail="0" skip="0">All Tests</stat>
</total>
<tag>
</tag>
<suite>
<stat pass="5" fail="0" skip="0" id="s1" name="Suites">Suites</stat>
<stat pass="5" fail="0" skip="0" id="s1-s1" name="LoginTestChrome">Suites.LoginTestChrome</stat>
</suite>
</statistics>
<errors>
</errors>
</robot>
